[ 2016-07-17T00:27:24+08:00 ] 127.0.0.1 /Home/Index/e.html?eid=1
INFO: [ app_init ] --START--
INFO: Run Behavior\BuildLiteBehavior [ RunTime:0.000011s ]
INFO: [ app_init ] --END-- [ RunTime:0.000312s ]
INFO: [ app_begin ] --START--
INFO: Run Behavior\ReadHtmlCacheBehavior [ RunTime:0.000362s ]
INFO: [ app_begin ] --END-- [ RunTime:0.000396s ]
SQL: SHOW COLUMNS FROM `es_question` [ RunTime:0.0031s ]
SQL: SELECT * FROM `es_question` WHERE `eid` = 1 AND `gid` = 1 AND `qtype` = 'T'  [ RunTime:0.0004s ]
SQL: SHOW COLUMNS FROM `es_answer` [ RunTime:0.0024s ]
SQL: SELECT * FROM `es_answer` WHERE ( 1=1 AND qid='1' ) ORDER BY aorder asc  [ RunTime:0.0003s ]
SQL: SELECT * FROM `es_answer` WHERE ( 1=1 AND qid='2' ) ORDER BY aorder asc  [ RunTime:0.0002s ]
SQL: SELECT * FROM `es_answer` WHERE ( 1=1 AND qid='3' ) ORDER BY aorder asc  [ RunTime:0.0002s ]
SQL: SELECT * FROM `es_question` WHERE `eid` = 1 AND `gid` = 1 AND `qtype` = 'D'  [ RunTime:0.0002s ]
SQL: SELECT * FROM `es_answer` WHERE ( 1=1 AND qid='4' ) ORDER BY aorder asc  [ RunTime:0.0003s ]
SQL: SELECT * FROM `es_question` WHERE `eid` = 1 AND `gid` = 2 AND `qtype` = 'K'  [ RunTime:0.0003s ]
SQL: SELECT * FROM `es_answer` WHERE ( 1=1 AND qid='5' ) ORDER BY aorder asc  [ RunTime:0.0004s ]
SQL: SELECT * FROM `es_answer` WHERE ( 1=1 AND qid='6' ) ORDER BY aorder asc  [ RunTime:0.0003s ]
SQL: SELECT * FROM `es_question` WHERE `eid` = 1 AND `gid` = 3 AND `qtype` = 'J'  [ RunTime:0.0002s ]
SQL: SELECT * FROM `es_answer` WHERE ( 1=1 AND qid='7' ) ORDER BY aorder asc  [ RunTime:0.0002s ]
SQL: SELECT * FROM `es_answer` WHERE ( 1=1 AND qid='8' ) ORDER BY aorder asc  [ RunTime:0.0002s ]
SQL: SELECT * FROM `es_answer` WHERE ( 1=1 AND qid='9' ) ORDER BY aorder asc  [ RunTime:0.0002s ]
INFO: [ view_parse ] --START--
INFO: [ template_filter ] --START--
INFO: Run Behavior\ContentReplaceBehavior [ RunTime:0.000097s ]
INFO: [ template_filter ] --END-- [ RunTime:0.000138s ]
NOTIC: [8] Undefined variable: ac_index D:\Lanseria\Documents\php\Examination_System\Application\Runtime\Cache\Home\4f0c85419bc2b7d14612bdf79a46f1c6.php 第 45 行.
NOTIC: [8] Undefined variable: ac_about D:\Lanseria\Documents\php\Examination_System\Application\Runtime\Cache\Home\4f0c85419bc2b7d14612bdf79a46f1c6.php 第 46 行.
NOTIC: [8] Undefined variable: ac_custom D:\Lanseria\Documents\php\Examination_System\Application\Runtime\Cache\Home\4f0c85419bc2b7d14612bdf79a46f1c6.php 第 47 行.
NOTIC: [8] Undefined variable: ac_questionbank D:\Lanseria\Documents\php\Examination_System\Application\Runtime\Cache\Home\4f0c85419bc2b7d14612bdf79a46f1c6.php 第 48 行.
NOTIC: [8] Undefined variable: ac_contact D:\Lanseria\Documents\php\Examination_System\Application\Runtime\Cache\Home\4f0c85419bc2b7d14612bdf79a46f1c6.php 第 49 行.
NOTIC: [8] Undefined variable: ac_index D:\Lanseria\Documents\php\Examination_System\Application\Runtime\Cache\Home\4f0c85419bc2b7d14612bdf79a46f1c6.php 第 60 行.
NOTIC: [8] Undefined variable: ac_about D:\Lanseria\Documents\php\Examination_System\Application\Runtime\Cache\Home\4f0c85419bc2b7d14612bdf79a46f1c6.php 第 61 行.
NOTIC: [8] Undefined variable: ac_custom D:\Lanseria\Documents\php\Examination_System\Application\Runtime\Cache\Home\4f0c85419bc2b7d14612bdf79a46f1c6.php 第 62 行.
NOTIC: [8] Undefined variable: ac_questionbank D:\Lanseria\Documents\php\Examination_System\Application\Runtime\Cache\Home\4f0c85419bc2b7d14612bdf79a46f1c6.php 第 63 行.
NOTIC: [8] Undefined variable: ac_contact D:\Lanseria\Documents\php\Examination_System\Application\Runtime\Cache\Home\4f0c85419bc2b7d14612bdf79a46f1c6.php 第 64 行.
NOTIC: [8] Use of undefined constant answer - assumed 'answer' D:\Lanseria\Documents\php\Examination_System\Application\Runtime\Cache\Home\4f0c85419bc2b7d14612bdf79a46f1c6.php 第 119 行.
NOTIC: [8] Use of undefined constant answer - assumed 'answer' D:\Lanseria\Documents\php\Examination_System\Application\Runtime\Cache\Home\4f0c85419bc2b7d14612bdf79a46f1c6.php 第 119 行.
NOTIC: [8] Use of undefined constant answer - assumed 'answer' D:\Lanseria\Documents\php\Examination_System\Application\Runtime\Cache\Home\4f0c85419bc2b7d14612bdf79a46f1c6.php 第 119 行.
NOTIC: [8] Use of undefined constant answer - assumed 'answer' D:\Lanseria\Documents\php\Examination_System\Application\Runtime\Cache\Home\4f0c85419bc2b7d14612bdf79a46f1c6.php 第 119 行.
NOTIC: [8] Use of undefined constant answer - assumed 'answer' D:\Lanseria\Documents\php\Examination_System\Application\Runtime\Cache\Home\4f0c85419bc2b7d14612bdf79a46f1c6.php 第 119 行.
NOTIC: [8] Use of undefined constant answer - assumed 'answer' D:\Lanseria\Documents\php\Examination_System\Application\Runtime\Cache\Home\4f0c85419bc2b7d14612bdf79a46f1c6.php 第 119 行.
NOTIC: [8] Use of undefined constant answer - assumed 'answer' D:\Lanseria\Documents\php\Examination_System\Application\Runtime\Cache\Home\4f0c85419bc2b7d14612bdf79a46f1c6.php 第 131 行.
NOTIC: [8] Use of undefined constant answer - assumed 'answer' D:\Lanseria\Documents\php\Examination_System\Application\Runtime\Cache\Home\4f0c85419bc2b7d14612bdf79a46f1c6.php 第 131 行.
INFO: Run Behavior\ParseTemplateBehavior [ RunTime:0.010094s ]
INFO: [ view_parse ] --END-- [ RunTime:0.010169s ]
INFO: [ view_filter ] --START--
INFO: Run Behavior\WriteHtmlCacheBehavior [ RunTime:0.000260s ]
INFO: [ view_filter ] --END-- [ RunTime:0.000286s ]
INFO: [ app_end ] --START--
INFO: Run Behavior\ShowPageTraceBehavior [ RunTime:0.000560s ]
INFO: [ app_end ] --END-- [ RunTime:0.000618s ]

[ 2016-07-17T00:27:24+08:00 ] 127.0.0.1 /Home/Index/favicon.ico
INFO: [ app_init ] --START--
INFO: Run Behavior\BuildLiteBehavior [ RunTime:0.000010s ]
INFO: [ app_init ] --END-- [ RunTime:0.000238s ]

[ 2016-07-17T00:27:25+08:00 ] 127.0.0.1 /Home/Index/e.html?eid=1
INFO: [ app_init ] --START--
INFO: Run Behavior\BuildLiteBehavior [ RunTime:0.000010s ]
INFO: [ app_init ] --END-- [ RunTime:0.000235s ]
INFO: [ app_begin ] --START--
INFO: Run Behavior\ReadHtmlCacheBehavior [ RunTime:0.000384s ]
INFO: [ app_begin ] --END-- [ RunTime:0.000424s ]
SQL: SHOW COLUMNS FROM `es_question` [ RunTime:0.0031s ]
SQL: SELECT * FROM `es_question` WHERE `eid` = 1 AND `gid` = 1 AND `qtype` = 'T'  [ RunTime:0.0003s ]
SQL: SHOW COLUMNS FROM `es_answer` [ RunTime:0.0026s ]
SQL: SELECT * FROM `es_answer` WHERE ( 1=1 AND qid='1' ) ORDER BY aorder asc  [ RunTime:0.0003s ]
SQL: SELECT * FROM `es_answer` WHERE ( 1=1 AND qid='2' ) ORDER BY aorder asc  [ RunTime:0.0002s ]
SQL: SELECT * FROM `es_answer` WHERE ( 1=1 AND qid='3' ) ORDER BY aorder asc  [ RunTime:0.0002s ]
SQL: SELECT * FROM `es_question` WHERE `eid` = 1 AND `gid` = 1 AND `qtype` = 'D'  [ RunTime:0.0002s ]
SQL: SELECT * FROM `es_answer` WHERE ( 1=1 AND qid='4' ) ORDER BY aorder asc  [ RunTime:0.0002s ]
SQL: SELECT * FROM `es_question` WHERE `eid` = 1 AND `gid` = 2 AND `qtype` = 'K'  [ RunTime:0.0002s ]
SQL: SELECT * FROM `es_answer` WHERE ( 1=1 AND qid='5' ) ORDER BY aorder asc  [ RunTime:0.0002s ]
SQL: SELECT * FROM `es_answer` WHERE ( 1=1 AND qid='6' ) ORDER BY aorder asc  [ RunTime:0.0002s ]
SQL: SELECT * FROM `es_question` WHERE `eid` = 1 AND `gid` = 3 AND `qtype` = 'J'  [ RunTime:0.0002s ]
SQL: SELECT * FROM `es_answer` WHERE ( 1=1 AND qid='7' ) ORDER BY aorder asc  [ RunTime:0.0002s ]
SQL: SELECT * FROM `es_answer` WHERE ( 1=1 AND qid='8' ) ORDER BY aorder asc  [ RunTime:0.0002s ]
SQL: SELECT * FROM `es_answer` WHERE ( 1=1 AND qid='9' ) ORDER BY aorder asc  [ RunTime:0.0002s ]
INFO: [ view_parse ] --START--
INFO: [ template_filter ] --START--
INFO: Run Behavior\ContentReplaceBehavior [ RunTime:0.000102s ]
INFO: [ template_filter ] --END-- [ RunTime:0.000147s ]
NOTIC: [8] Undefined variable: ac_index D:\Lanseria\Documents\php\Examination_System\Application\Runtime\Cache\Home\4f0c85419bc2b7d14612bdf79a46f1c6.php 第 45 行.
NOTIC: [8] Undefined variable: ac_about D:\Lanseria\Documents\php\Examination_System\Application\Runtime\Cache\Home\4f0c85419bc2b7d14612bdf79a46f1c6.php 第 46 行.
NOTIC: [8] Undefined variable: ac_custom D:\Lanseria\Documents\php\Examination_System\Application\Runtime\Cache\Home\4f0c85419bc2b7d14612bdf79a46f1c6.php 第 47 行.
NOTIC: [8] Undefined variable: ac_questionbank D:\Lanseria\Documents\php\Examination_System\Application\Runtime\Cache\Home\4f0c85419bc2b7d14612bdf79a46f1c6.php 第 48 行.
NOTIC: [8] Undefined variable: ac_contact D:\Lanseria\Documents\php\Examination_System\Application\Runtime\Cache\Home\4f0c85419bc2b7d14612bdf79a46f1c6.php 第 49 行.
NOTIC: [8] Undefined variable: ac_index D:\Lanseria\Documents\php\Examination_System\Application\Runtime\Cache\Home\4f0c85419bc2b7d14612bdf79a46f1c6.php 第 60 行.
NOTIC: [8] Undefined variable: ac_about D:\Lanseria\Documents\php\Examination_System\Application\Runtime\Cache\Home\4f0c85419bc2b7d14612bdf79a46f1c6.php 第 61 行.
NOTIC: [8] Undefined variable: ac_custom D:\Lanseria\Documents\php\Examination_System\Application\Runtime\Cache\Home\4f0c85419bc2b7d14612bdf79a46f1c6.php 第 62 行.
NOTIC: [8] Undefined variable: ac_questionbank D:\Lanseria\Documents\php\Examination_System\Application\Runtime\Cache\Home\4f0c85419bc2b7d14612bdf79a46f1c6.php 第 63 行.
NOTIC: [8] Undefined variable: ac_contact D:\Lanseria\Documents\php\Examination_System\Application\Runtime\Cache\Home\4f0c85419bc2b7d14612bdf79a46f1c6.php 第 64 行.
NOTIC: [8] Use of undefined constant answer - assumed 'answer' D:\Lanseria\Documents\php\Examination_System\Application\Runtime\Cache\Home\4f0c85419bc2b7d14612bdf79a46f1c6.php 第 119 行.
NOTIC: [8] Use of undefined constant answer - assumed 'answer' D:\Lanseria\Documents\php\Examination_System\Application\Runtime\Cache\Home\4f0c85419bc2b7d14612bdf79a46f1c6.php 第 119 行.
NOTIC: [8] Use of undefined constant answer - assumed 'answer' D:\Lanseria\Documents\php\Examination_System\Application\Runtime\Cache\Home\4f0c85419bc2b7d14612bdf79a46f1c6.php 第 119 行.
NOTIC: [8] Use of undefined constant answer - assumed 'answer' D:\Lanseria\Documents\php\Examination_System\Application\Runtime\Cache\Home\4f0c85419bc2b7d14612bdf79a46f1c6.php 第 119 行.
NOTIC: [8] Use of undefined constant answer - assumed 'answer' D:\Lanseria\Documents\php\Examination_System\Application\Runtime\Cache\Home\4f0c85419bc2b7d14612bdf79a46f1c6.php 第 119 行.
NOTIC: [8] Use of undefined constant answer - assumed 'answer' D:\Lanseria\Documents\php\Examination_System\Application\Runtime\Cache\Home\4f0c85419bc2b7d14612bdf79a46f1c6.php 第 119 行.
NOTIC: [8] Use of undefined constant answer - assumed 'answer' D:\Lanseria\Documents\php\Examination_System\Application\Runtime\Cache\Home\4f0c85419bc2b7d14612bdf79a46f1c6.php 第 131 行.
NOTIC: [8] Use of undefined constant answer - assumed 'answer' D:\Lanseria\Documents\php\Examination_System\Application\Runtime\Cache\Home\4f0c85419bc2b7d14612bdf79a46f1c6.php 第 131 行.
INFO: Run Behavior\ParseTemplateBehavior [ RunTime:0.012271s ]
INFO: [ view_parse ] --END-- [ RunTime:0.012342s ]
INFO: [ view_filter ] --START--
INFO: Run Behavior\WriteHtmlCacheBehavior [ RunTime:0.000406s ]
INFO: [ view_filter ] --END-- [ RunTime:0.000459s ]
INFO: [ app_end ] --START--
INFO: Run Behavior\ShowPageTraceBehavior [ RunTime:0.000673s ]
INFO: [ app_end ] --END-- [ RunTime:0.000759s ]

[ 2016-07-17T00:27:25+08:00 ] 127.0.0.1 /Home/Index/e.html?eid=1
INFO: [ app_init ] --START--
INFO: Run Behavior\BuildLiteBehavior [ RunTime:0.000010s ]
INFO: [ app_init ] --END-- [ RunTime:0.000254s ]
INFO: [ app_begin ] --START--
INFO: Run Behavior\ReadHtmlCacheBehavior [ RunTime:0.000566s ]
INFO: [ app_begin ] --END-- [ RunTime:0.000633s ]
SQL: SHOW COLUMNS FROM `es_question` [ RunTime:0.0028s ]
SQL: SELECT * FROM `es_question` WHERE `eid` = 1 AND `gid` = 1 AND `qtype` = 'T'  [ RunTime:0.0003s ]
SQL: SHOW COLUMNS FROM `es_answer` [ RunTime:0.0024s ]
SQL: SELECT * FROM `es_answer` WHERE ( 1=1 AND qid='1' ) ORDER BY aorder asc  [ RunTime:0.0002s ]
SQL: SELECT * FROM `es_answer` WHERE ( 1=1 AND qid='2' ) ORDER BY aorder asc  [ RunTime:0.0002s ]
SQL: SELECT * FROM `es_answer` WHERE ( 1=1 AND qid='3' ) ORDER BY aorder asc  [ RunTime:0.0002s ]
SQL: SELECT * FROM `es_question` WHERE `eid` = 1 AND `gid` = 1 AND `qtype` = 'D'  [ RunTime:0.0003s ]
SQL: SELECT * FROM `es_answer` WHERE ( 1=1 AND qid='4' ) ORDER BY aorder asc  [ RunTime:0.0004s ]
SQL: SELECT * FROM `es_question` WHERE `eid` = 1 AND `gid` = 2 AND `qtype` = 'K'  [ RunTime:0.0002s ]
SQL: SELECT * FROM `es_answer` WHERE ( 1=1 AND qid='5' ) ORDER BY aorder asc  [ RunTime:0.0002s ]
SQL: SELECT * FROM `es_answer` WHERE ( 1=1 AND qid='6' ) ORDER BY aorder asc  [ RunTime:0.0001s ]
SQL: SELECT * FROM `es_question` WHERE `eid` = 1 AND `gid` = 3 AND `qtype` = 'J'  [ RunTime:0.0002s ]
SQL: SELECT * FROM `es_answer` WHERE ( 1=1 AND qid='7' ) ORDER BY aorder asc  [ RunTime:0.0001s ]
SQL: SELECT * FROM `es_answer` WHERE ( 1=1 AND qid='8' ) ORDER BY aorder asc  [ RunTime:0.0001s ]
SQL: SELECT * FROM `es_answer` WHERE ( 1=1 AND qid='9' ) ORDER BY aorder asc  [ RunTime:0.0001s ]
INFO: [ view_parse ] --START--
INFO: [ template_filter ] --START--
INFO: Run Behavior\ContentReplaceBehavior [ RunTime:0.000102s ]
INFO: [ template_filter ] --END-- [ RunTime:0.000167s ]
NOTIC: [8] Undefined variable: ac_index D:\Lanseria\Documents\php\Examination_System\Application\Runtime\Cache\Home\4f0c85419bc2b7d14612bdf79a46f1c6.php 第 45 行.
NOTIC: [8] Undefined variable: ac_about D:\Lanseria\Documents\php\Examination_System\Application\Runtime\Cache\Home\4f0c85419bc2b7d14612bdf79a46f1c6.php 第 46 行.
NOTIC: [8] Undefined variable: ac_custom D:\Lanseria\Documents\php\Examination_System\Application\Runtime\Cache\Home\4f0c85419bc2b7d14612bdf79a46f1c6.php 第 47 行.
NOTIC: [8] Undefined variable: ac_questionbank D:\Lanseria\Documents\php\Examination_System\Application\Runtime\Cache\Home\4f0c85419bc2b7d14612bdf79a46f1c6.php 第 48 行.
NOTIC: [8] Undefined variable: ac_contact D:\Lanseria\Documents\php\Examination_System\Application\Runtime\Cache\Home\4f0c85419bc2b7d14612bdf79a46f1c6.php 第 49 行.
NOTIC: [8] Undefined variable: ac_index D:\Lanseria\Documents\php\Examination_System\Application\Runtime\Cache\Home\4f0c85419bc2b7d14612bdf79a46f1c6.php 第 60 行.
NOTIC: [8] Undefined variable: ac_about D:\Lanseria\Documents\php\Examination_System\Application\Runtime\Cache\Home\4f0c85419bc2b7d14612bdf79a46f1c6.php 第 61 行.
NOTIC: [8] Undefined variable: ac_custom D:\Lanseria\Documents\php\Examination_System\Application\Runtime\Cache\Home\4f0c85419bc2b7d14612bdf79a46f1c6.php 第 62 行.
NOTIC: [8] Undefined variable: ac_questionbank D:\Lanseria\Documents\php\Examination_System\Application\Runtime\Cache\Home\4f0c85419bc2b7d14612bdf79a46f1c6.php 第 63 行.
NOTIC: [8] Undefined variable: ac_contact D:\Lanseria\Documents\php\Examination_System\Application\Runtime\Cache\Home\4f0c85419bc2b7d14612bdf79a46f1c6.php 第 64 行.
NOTIC: [8] Use of undefined constant answer - assumed 'answer' D:\Lanseria\Documents\php\Examination_System\Application\Runtime\Cache\Home\4f0c85419bc2b7d14612bdf79a46f1c6.php 第 119 行.
NOTIC: [8] Use of undefined constant answer - assumed 'answer' D:\Lanseria\Documents\php\Examination_System\Application\Runtime\Cache\Home\4f0c85419bc2b7d14612bdf79a46f1c6.php 第 119 行.
NOTIC: [8] Use of undefined constant answer - assumed 'answer' D:\Lanseria\Documents\php\Examination_System\Application\Runtime\Cache\Home\4f0c85419bc2b7d14612bdf79a46f1c6.php 第 119 行.
NOTIC: [8] Use of undefined constant answer - assumed 'answer' D:\Lanseria\Documents\php\Examination_System\Application\Runtime\Cache\Home\4f0c85419bc2b7d14612bdf79a46f1c6.php 第 119 行.
NOTIC: [8] Use of undefined constant answer - assumed 'answer' D:\Lanseria\Documents\php\Examination_System\Application\Runtime\Cache\Home\4f0c85419bc2b7d14612bdf79a46f1c6.php 第 119 行.
NOTIC: [8] Use of undefined constant answer - assumed 'answer' D:\Lanseria\Documents\php\Examination_System\Application\Runtime\Cache\Home\4f0c85419bc2b7d14612bdf79a46f1c6.php 第 119 行.
NOTIC: [8] Use of undefined constant answer - assumed 'answer' D:\Lanseria\Documents\php\Examination_System\Application\Runtime\Cache\Home\4f0c85419bc2b7d14612bdf79a46f1c6.php 第 131 行.
NOTIC: [8] Use of undefined constant answer - assumed 'answer' D:\Lanseria\Documents\php\Examination_System\Application\Runtime\Cache\Home\4f0c85419bc2b7d14612bdf79a46f1c6.php 第 131 行.
INFO: Run Behavior\ParseTemplateBehavior [ RunTime:0.010847s ]
INFO: [ view_parse ] --END-- [ RunTime:0.010901s ]
INFO: [ view_filter ] --START--
INFO: Run Behavior\WriteHtmlCacheBehavior [ RunTime:0.000275s ]
INFO: [ view_filter ] --END-- [ RunTime:0.000304s ]
INFO: [ app_end ] --START--
INFO: Run Behavior\ShowPageTraceBehavior [ RunTime:0.000554s ]
INFO: [ app_end ] --END-- [ RunTime:0.000609s ]

[ 2016-07-17T00:27:25+08:00 ] 127.0.0.1 /Home/Index/e.html?eid=1
INFO: [ app_init ] --START--
INFO: Run Behavior\BuildLiteBehavior [ RunTime:0.000011s ]
INFO: [ app_init ] --END-- [ RunTime:0.000271s ]
INFO: [ app_begin ] --START--
INFO: Run Behavior\ReadHtmlCacheBehavior [ RunTime:0.000426s ]
INFO: [ app_begin ] --END-- [ RunTime:0.000485s ]
SQL: SHOW COLUMNS FROM `es_question` [ RunTime:0.0033s ]
SQL: SELECT * FROM `es_question` WHERE `eid` = 1 AND `gid` = 1 AND `qtype` = 'T'  [ RunTime:0.0006s ]
SQL: SHOW COLUMNS FROM `es_answer` [ RunTime:0.0023s ]
SQL: SELECT * FROM `es_answer` WHERE ( 1=1 AND qid='1' ) ORDER BY aorder asc  [ RunTime:0.0003s ]
SQL: SELECT * FROM `es_answer` WHERE ( 1=1 AND qid='2' ) ORDER BY aorder asc  [ RunTime:0.0002s ]
SQL: SELECT * FROM `es_answer` WHERE ( 1=1 AND qid='3' ) ORDER BY aorder asc  [ RunTime:0.0002s ]
SQL: SELECT * FROM `es_question` WHERE `eid` = 1 AND `gid` = 1 AND `qtype` = 'D'  [ RunTime:0.0002s ]
SQL: SELECT * FROM `es_answer` WHERE ( 1=1 AND qid='4' ) ORDER BY aorder asc  [ RunTime:0.0002s ]
SQL: SELECT * FROM `es_question` WHERE `eid` = 1 AND `gid` = 2 AND `qtype` = 'K'  [ RunTime:0.0002s ]
SQL: SELECT * FROM `es_answer` WHERE ( 1=1 AND qid='5' ) ORDER BY aorder asc  [ RunTime:0.0002s ]
SQL: SELECT * FROM `es_answer` WHERE ( 1=1 AND qid='6' ) ORDER BY aorder asc  [ RunTime:0.0002s ]
SQL: SELECT * FROM `es_question` WHERE `eid` = 1 AND `gid` = 3 AND `qtype` = 'J'  [ RunTime:0.0002s ]
SQL: SELECT * FROM `es_answer` WHERE ( 1=1 AND qid='7' ) ORDER BY aorder asc  [ RunTime:0.0002s ]
SQL: SELECT * FROM `es_answer` WHERE ( 1=1 AND qid='8' ) ORDER BY aorder asc  [ RunTime:0.0002s ]
SQL: SELECT * FROM `es_answer` WHERE ( 1=1 AND qid='9' ) ORDER BY aorder asc  [ RunTime:0.0002s ]
INFO: [ view_parse ] --START--
INFO: [ template_filter ] --START--
INFO: Run Behavior\ContentReplaceBehavior [ RunTime:0.000093s ]
INFO: [ template_filter ] --END-- [ RunTime:0.000139s ]
NOTIC: [8] Undefined variable: ac_index D:\Lanseria\Documents\php\Examination_System\Application\Runtime\Cache\Home\4f0c85419bc2b7d14612bdf79a46f1c6.php 第 45 行.
NOTIC: [8] Undefined variable: ac_about D:\Lanseria\Documents\php\Examination_System\Application\Runtime\Cache\Home\4f0c85419bc2b7d14612bdf79a46f1c6.php 第 46 行.
NOTIC: [8] Undefined variable: ac_custom D:\Lanseria\Documents\php\Examination_System\Application\Runtime\Cache\Home\4f0c85419bc2b7d14612bdf79a46f1c6.php 第 47 行.
NOTIC: [8] Undefined variable: ac_questionbank D:\Lanseria\Documents\php\Examination_System\Application\Runtime\Cache\Home\4f0c85419bc2b7d14612bdf79a46f1c6.php 第 48 行.
NOTIC: [8] Undefined variable: ac_contact D:\Lanseria\Documents\php\Examination_System\Application\Runtime\Cache\Home\4f0c85419bc2b7d14612bdf79a46f1c6.php 第 49 行.
NOTIC: [8] Undefined variable: ac_index D:\Lanseria\Documents\php\Examination_System\Application\Runtime\Cache\Home\4f0c85419bc2b7d14612bdf79a46f1c6.php 第 60 行.
NOTIC: [8] Undefined variable: ac_about D:\Lanseria\Documents\php\Examination_System\Application\Runtime\Cache\Home\4f0c85419bc2b7d14612bdf79a46f1c6.php 第 61 行.
NOTIC: [8] Undefined variable: ac_custom D:\Lanseria\Documents\php\Examination_System\Application\Runtime\Cache\Home\4f0c85419bc2b7d14612bdf79a46f1c6.php 第 62 行.
NOTIC: [8] Undefined variable: ac_questionbank D:\Lanseria\Documents\php\Examination_System\Application\Runtime\Cache\Home\4f0c85419bc2b7d14612bdf79a46f1c6.php 第 63 行.
NOTIC: [8] Undefined variable: ac_contact D:\Lanseria\Documents\php\Examination_System\Application\Runtime\Cache\Home\4f0c85419bc2b7d14612bdf79a46f1c6.php 第 64 行.
NOTIC: [8] Use of undefined constant answer - assumed 'answer' D:\Lanseria\Documents\php\Examination_System\Application\Runtime\Cache\Home\4f0c85419bc2b7d14612bdf79a46f1c6.php 第 119 行.
NOTIC: [8] Use of undefined constant answer - assumed 'answer' D:\Lanseria\Documents\php\Examination_System\Application\Runtime\Cache\Home\4f0c85419bc2b7d14612bdf79a46f1c6.php 第 119 行.
NOTIC: [8] Use of undefined constant answer - assumed 'answer' D:\Lanseria\Documents\php\Examination_System\Application\Runtime\Cache\Home\4f0c85419bc2b7d14612bdf79a46f1c6.php 第 119 行.
NOTIC: [8] Use of undefined constant answer - assumed 'answer' D:\Lanseria\Documents\php\Examination_System\Application\Runtime\Cache\Home\4f0c85419bc2b7d14612bdf79a46f1c6.php 第 119 行.
NOTIC: [8] Use of undefined constant answer - assumed 'answer' D:\Lanseria\Documents\php\Examination_System\Application\Runtime\Cache\Home\4f0c85419bc2b7d14612bdf79a46f1c6.php 第 119 行.
NOTIC: [8] Use of undefined constant answer - assumed 'answer' D:\Lanseria\Documents\php\Examination_System\Application\Runtime\Cache\Home\4f0c85419bc2b7d14612bdf79a46f1c6.php 第 119 行.
NOTIC: [8] Use of undefined constant answer - assumed 'answer' D:\Lanseria\Documents\php\Examination_System\Application\Runtime\Cache\Home\4f0c85419bc2b7d14612bdf79a46f1c6.php 第 131 行.
NOTIC: [8] Use of undefined constant answer - assumed 'answer' D:\Lanseria\Documents\php\Examination_System\Application\Runtime\Cache\Home\4f0c85419bc2b7d14612bdf79a46f1c6.php 第 131 行.
INFO: Run Behavior\ParseTemplateBehavior [ RunTime:0.010254s ]
INFO: [ view_parse ] --END-- [ RunTime:0.010308s ]
INFO: [ view_filter ] --START--
INFO: Run Behavior\WriteHtmlCacheBehavior [ RunTime:0.000249s ]
INFO: [ view_filter ] --END-- [ RunTime:0.000280s ]
INFO: [ app_end ] --START--
INFO: Run Behavior\ShowPageTraceBehavior [ RunTime:0.000457s ]
INFO: [ app_end ] --END-- [ RunTime:0.000508s ]

[ 2016-07-17T00:27:26+08:00 ] 127.0.0.1 /Home/Index/e.html?eid=1
INFO: [ app_init ] --START--
INFO: Run Behavior\BuildLiteBehavior [ RunTime:0.000010s ]
INFO: [ app_init ] --END-- [ RunTime:0.000213s ]
INFO: [ app_begin ] --START--
INFO: Run Behavior\ReadHtmlCacheBehavior [ RunTime:0.000294s ]
INFO: [ app_begin ] --END-- [ RunTime:0.000335s ]
SQL: SHOW COLUMNS FROM `es_question` [ RunTime:0.0023s ]
SQL: SELECT * FROM `es_question` WHERE `eid` = 1 AND `gid` = 1 AND `qtype` = 'T'  [ RunTime:0.0004s ]
SQL: SHOW COLUMNS FROM `es_answer` [ RunTime:0.0024s ]
SQL: SELECT * FROM `es_answer` WHERE ( 1=1 AND qid='1' ) ORDER BY aorder asc  [ RunTime:0.0002s ]
SQL: SELECT * FROM `es_answer` WHERE ( 1=1 AND qid='2' ) ORDER BY aorder asc  [ RunTime:0.0002s ]
SQL: SELECT * FROM `es_answer` WHERE ( 1=1 AND qid='3' ) ORDER BY aorder asc  [ RunTime:0.0001s ]
SQL: SELECT * FROM `es_question` WHERE `eid` = 1 AND `gid` = 1 AND `qtype` = 'D'  [ RunTime:0.0001s ]
SQL: SELECT * FROM `es_answer` WHERE ( 1=1 AND qid='4' ) ORDER BY aorder asc  [ RunTime:0.0001s ]
SQL: SELECT * FROM `es_question` WHERE `eid` = 1 AND `gid` = 2 AND `qtype` = 'K'  [ RunTime:0.0001s ]
SQL: SELECT * FROM `es_answer` WHERE ( 1=1 AND qid='5' ) ORDER BY aorder asc  [ RunTime:0.0001s ]
SQL: SELECT * FROM `es_answer` WHERE ( 1=1 AND qid='6' ) ORDER BY aorder asc  [ RunTime:0.0001s ]
SQL: SELECT * FROM `es_question` WHERE `eid` = 1 AND `gid` = 3 AND `qtype` = 'J'  [ RunTime:0.0001s ]
SQL: SELECT * FROM `es_answer` WHERE ( 1=1 AND qid='7' ) ORDER BY aorder asc  [ RunTime:0.0001s ]
SQL: SELECT * FROM `es_answer` WHERE ( 1=1 AND qid='8' ) ORDER BY aorder asc  [ RunTime:0.0001s ]
SQL: SELECT * FROM `es_answer` WHERE ( 1=1 AND qid='9' ) ORDER BY aorder asc  [ RunTime:0.0001s ]
INFO: [ view_parse ] --START--
INFO: [ template_filter ] --START--
INFO: Run Behavior\ContentReplaceBehavior [ RunTime:0.000085s ]
INFO: [ template_filter ] --END-- [ RunTime:0.000123s ]
NOTIC: [8] Undefined variable: ac_index D:\Lanseria\Documents\php\Examination_System\Application\Runtime\Cache\Home\4f0c85419bc2b7d14612bdf79a46f1c6.php 第 45 行.
NOTIC: [8] Undefined variable: ac_about D:\Lanseria\Documents\php\Examination_System\Application\Runtime\Cache\Home\4f0c85419bc2b7d14612bdf79a46f1c6.php 第 46 行.
NOTIC: [8] Undefined variable: ac_custom D:\Lanseria\Documents\php\Examination_System\Application\Runtime\Cache\Home\4f0c85419bc2b7d14612bdf79a46f1c6.php 第 47 行.
NOTIC: [8] Undefined variable: ac_questionbank D:\Lanseria\Documents\php\Examination_System\Application\Runtime\Cache\Home\4f0c85419bc2b7d14612bdf79a46f1c6.php 第 48 行.
NOTIC: [8] Undefined variable: ac_contact D:\Lanseria\Documents\php\Examination_System\Application\Runtime\Cache\Home\4f0c85419bc2b7d14612bdf79a46f1c6.php 第 49 行.
NOTIC: [8] Undefined variable: ac_index D:\Lanseria\Documents\php\Examination_System\Application\Runtime\Cache\Home\4f0c85419bc2b7d14612bdf79a46f1c6.php 第 60 行.
NOTIC: [8] Undefined variable: ac_about D:\Lanseria\Documents\php\Examination_System\Application\Runtime\Cache\Home\4f0c85419bc2b7d14612bdf79a46f1c6.php 第 61 行.
NOTIC: [8] Undefined variable: ac_custom D:\Lanseria\Documents\php\Examination_System\Application\Runtime\Cache\Home\4f0c85419bc2b7d14612bdf79a46f1c6.php 第 62 行.
NOTIC: [8] Undefined variable: ac_questionbank D:\Lanseria\Documents\php\Examination_System\Application\Runtime\Cache\Home\4f0c85419bc2b7d14612bdf79a46f1c6.php 第 63 行.
NOTIC: [8] Undefined variable: ac_contact D:\Lanseria\Documents\php\Examination_System\Application\Runtime\Cache\Home\4f0c85419bc2b7d14612bdf79a46f1c6.php 第 64 行.
NOTIC: [8] Use of undefined constant answer - assumed 'answer' D:\Lanseria\Documents\php\Examination_System\Application\Runtime\Cache\Home\4f0c85419bc2b7d14612bdf79a46f1c6.php 第 119 行.
NOTIC: [8] Use of undefined constant answer - assumed 'answer' D:\Lanseria\Documents\php\Examination_System\Application\Runtime\Cache\Home\4f0c85419bc2b7d14612bdf79a46f1c6.php 第 119 行.
NOTIC: [8] Use of undefined constant answer - assumed 'answer' D:\Lanseria\Documents\php\Examination_System\Application\Runtime\Cache\Home\4f0c85419bc2b7d14612bdf79a46f1c6.php 第 119 行.
NOTIC: [8] Use of undefined constant answer - assumed 'answer' D:\Lanseria\Documents\php\Examination_System\Application\Runtime\Cache\Home\4f0c85419bc2b7d14612bdf79a46f1c6.php 第 119 行.
NOTIC: [8] Use of undefined constant answer - assumed 'answer' D:\Lanseria\Documents\php\Examination_System\Application\Runtime\Cache\Home\4f0c85419bc2b7d14612bdf79a46f1c6.php 第 119 行.
NOTIC: [8] Use of undefined constant answer - assumed 'answer' D:\Lanseria\Documents\php\Examination_System\Application\Runtime\Cache\Home\4f0c85419bc2b7d14612bdf79a46f1c6.php 第 119 行.
NOTIC: [8] Use of undefined constant answer - assumed 'answer' D:\Lanseria\Documents\php\Examination_System\Application\Runtime\Cache\Home\4f0c85419bc2b7d14612bdf79a46f1c6.php 第 131 行.
NOTIC: [8] Use of undefined constant answer - assumed 'answer' D:\Lanseria\Documents\php\Examination_System\Application\Runtime\Cache\Home\4f0c85419bc2b7d14612bdf79a46f1c6.php 第 131 行.
INFO: Run Behavior\ParseTemplateBehavior [ RunTime:0.009424s ]
INFO: [ view_parse ] --END-- [ RunTime:0.009477s ]
INFO: [ view_filter ] --START--
INFO: Run Behavior\WriteHtmlCacheBehavior [ RunTime:0.000253s ]
INFO: [ view_filter ] --END-- [ RunTime:0.000285s ]
INFO: [ app_end ] --START--
INFO: Run Behavior\ShowPageTraceBehavior [ RunTime:0.000575s ]
INFO: [ app_end ] --END-- [ RunTime:0.000642s ]

[ 2016-07-17T00:27:26+08:00 ] 127.0.0.1 /Home/Index/e.html?eid=1
INFO: [ app_init ] --START--
INFO: Run Behavior\BuildLiteBehavior [ RunTime:0.000010s ]
INFO: [ app_init ] --END-- [ RunTime:0.000229s ]
INFO: [ app_begin ] --START--
INFO: Run Behavior\ReadHtmlCacheBehavior [ RunTime:0.000289s ]
INFO: [ app_begin ] --END-- [ RunTime:0.000325s ]
SQL: SHOW COLUMNS FROM `es_question` [ RunTime:0.0035s ]
SQL: SELECT * FROM `es_question` WHERE `eid` = 1 AND `gid` = 1 AND `qtype` = 'T'  [ RunTime:0.0004s ]
SQL: SHOW COLUMNS FROM `es_answer` [ RunTime:0.0025s ]
SQL: SELECT * FROM `es_answer` WHERE ( 1=1 AND qid='1' ) ORDER BY aorder asc  [ RunTime:0.0003s ]
SQL: SELECT * FROM `es_answer` WHERE ( 1=1 AND qid='2' ) ORDER BY aorder asc  [ RunTime:0.0002s ]
SQL: SELECT * FROM `es_answer` WHERE ( 1=1 AND qid='3' ) ORDER BY aorder asc  [ RunTime:0.0002s ]
SQL: SELECT * FROM `es_question` WHERE `eid` = 1 AND `gid` = 1 AND `qtype` = 'D'  [ RunTime:0.0002s ]
SQL: SELECT * FROM `es_answer` WHERE ( 1=1 AND qid='4' ) ORDER BY aorder asc  [ RunTime:0.0002s ]
SQL: SELECT * FROM `es_question` WHERE `eid` = 1 AND `gid` = 2 AND `qtype` = 'K'  [ RunTime:0.0002s ]
SQL: SELECT * FROM `es_answer` WHERE ( 1=1 AND qid='5' ) ORDER BY aorder asc  [ RunTime:0.0002s ]
SQL: SELECT * FROM `es_answer` WHERE ( 1=1 AND qid='6' ) ORDER BY aorder asc  [ RunTime:0.0002s ]
SQL: SELECT * FROM `es_question` WHERE `eid` = 1 AND `gid` = 3 AND `qtype` = 'J'  [ RunTime:0.0002s ]
SQL: SELECT * FROM `es_answer` WHERE ( 1=1 AND qid='7' ) ORDER BY aorder asc  [ RunTime:0.0002s ]
SQL: SELECT * FROM `es_answer` WHERE ( 1=1 AND qid='8' ) ORDER BY aorder asc  [ RunTime:0.0002s ]
SQL: SELECT * FROM `es_answer` WHERE ( 1=1 AND qid='9' ) ORDER BY aorder asc  [ RunTime:0.0002s ]
INFO: [ view_parse ] --START--
INFO: [ template_filter ] --START--
INFO: Run Behavior\ContentReplaceBehavior [ RunTime:0.000113s ]
INFO: [ template_filter ] --END-- [ RunTime:0.000175s ]
NOTIC: [8] Undefined variable: ac_index D:\Lanseria\Documents\php\Examination_System\Application\Runtime\Cache\Home\4f0c85419bc2b7d14612bdf79a46f1c6.php 第 45 行.
NOTIC: [8] Undefined variable: ac_about D:\Lanseria\Documents\php\Examination_System\Application\Runtime\Cache\Home\4f0c85419bc2b7d14612bdf79a46f1c6.php 第 46 行.
NOTIC: [8] Undefined variable: ac_custom D:\Lanseria\Documents\php\Examination_System\Application\Runtime\Cache\Home\4f0c85419bc2b7d14612bdf79a46f1c6.php 第 47 行.
NOTIC: [8] Undefined variable: ac_questionbank D:\Lanseria\Documents\php\Examination_System\Application\Runtime\Cache\Home\4f0c85419bc2b7d14612bdf79a46f1c6.php 第 48 行.
NOTIC: [8] Undefined variable: ac_contact D:\Lanseria\Documents\php\Examination_System\Application\Runtime\Cache\Home\4f0c85419bc2b7d14612bdf79a46f1c6.php 第 49 行.
NOTIC: [8] Undefined variable: ac_index D:\Lanseria\Documents\php\Examination_System\Application\Runtime\Cache\Home\4f0c85419bc2b7d14612bdf79a46f1c6.php 第 60 行.
NOTIC: [8] Undefined variable: ac_about D:\Lanseria\Documents\php\Examination_System\Application\Runtime\Cache\Home\4f0c85419bc2b7d14612bdf79a46f1c6.php 第 61 行.
NOTIC: [8] Undefined variable: ac_custom D:\Lanseria\Documents\php\Examination_System\Application\Runtime\Cache\Home\4f0c85419bc2b7d14612bdf79a46f1c6.php 第 62 行.
NOTIC: [8] Undefined variable: ac_questionbank D:\Lanseria\Documents\php\Examination_System\Application\Runtime\Cache\Home\4f0c85419bc2b7d14612bdf79a46f1c6.php 第 63 行.
NOTIC: [8] Undefined variable: ac_contact D:\Lanseria\Documents\php\Examination_System\Application\Runtime\Cache\Home\4f0c85419bc2b7d14612bdf79a46f1c6.php 第 64 行.
NOTIC: [8] Use of undefined constant answer - assumed 'answer' D:\Lanseria\Documents\php\Examination_System\Application\Runtime\Cache\Home\4f0c85419bc2b7d14612bdf79a46f1c6.php 第 119 行.
NOTIC: [8] Use of undefined constant answer - assumed 'answer' D:\Lanseria\Documents\php\Examination_System\Application\Runtime\Cache\Home\4f0c85419bc2b7d14612bdf79a46f1c6.php 第 119 行.
NOTIC: [8] Use of undefined constant answer - assumed 'answer' D:\Lanseria\Documents\php\Examination_System\Application\Runtime\Cache\Home\4f0c85419bc2b7d14612bdf79a46f1c6.php 第 119 行.
NOTIC: [8] Use of undefined constant answer - assumed 'answer' D:\Lanseria\Documents\php\Examination_System\Application\Runtime\Cache\Home\4f0c85419bc2b7d14612bdf79a46f1c6.php 第 119 行.
NOTIC: [8] Use of undefined constant answer - assumed 'answer' D:\Lanseria\Documents\php\Examination_System\Application\Runtime\Cache\Home\4f0c85419bc2b7d14612bdf79a46f1c6.php 第 119 行.
NOTIC: [8] Use of undefined constant answer - assumed 'answer' D:\Lanseria\Documents\php\Examination_System\Application\Runtime\Cache\Home\4f0c85419bc2b7d14612bdf79a46f1c6.php 第 119 行.
NOTIC: [8] Use of undefined constant answer - assumed 'answer' D:\Lanseria\Documents\php\Examination_System\Application\Runtime\Cache\Home\4f0c85419bc2b7d14612bdf79a46f1c6.php 第 131 行.
NOTIC: [8] Use of undefined constant answer - assumed 'answer' D:\Lanseria\Documents\php\Examination_System\Application\Runtime\Cache\Home\4f0c85419bc2b7d14612bdf79a46f1c6.php 第 131 行.
INFO: Run Behavior\ParseTemplateBehavior [ RunTime:0.009742s ]
INFO: [ view_parse ] --END-- [ RunTime:0.009801s ]
INFO: [ view_filter ] --START--
INFO: Run Behavior\WriteHtmlCacheBehavior [ RunTime:0.000277s ]
INFO: [ view_filter ] --END-- [ RunTime:0.000311s ]
INFO: [ app_end ] --START--
INFO: Run Behavior\ShowPageTraceBehavior [ RunTime:0.000617s ]
INFO: [ app_end ] --END-- [ RunTime:0.000698s ]

[ 2016-07-17T00:27:26+08:00 ] 127.0.0.1 /Home/Index/e.html?eid=1
INFO: [ app_init ] --START--
INFO: Run Behavior\BuildLiteBehavior [ RunTime:0.000009s ]
INFO: [ app_init ] --END-- [ RunTime:0.000210s ]
INFO: [ app_begin ] --START--
INFO: Run Behavior\ReadHtmlCacheBehavior [ RunTime:0.000268s ]
INFO: [ app_begin ] --END-- [ RunTime:0.000300s ]
SQL: SHOW COLUMNS FROM `es_question` [ RunTime:0.0022s ]
SQL: SELECT * FROM `es_question` WHERE `eid` = 1 AND `gid` = 1 AND `qtype` = 'T'  [ RunTime:0.0002s ]
SQL: SHOW COLUMNS FROM `es_answer` [ RunTime:0.0022s ]
SQL: SELECT * FROM `es_answer` WHERE ( 1=1 AND qid='1' ) ORDER BY aorder asc  [ RunTime:0.0003s ]
SQL: SELECT * FROM `es_answer` WHERE ( 1=1 AND qid='2' ) ORDER BY aorder asc  [ RunTime:0.0002s ]
SQL: SELECT * FROM `es_answer` WHERE ( 1=1 AND qid='3' ) ORDER BY aorder asc  [ RunTime:0.0002s ]
SQL: SELECT * FROM `es_question` WHERE `eid` = 1 AND `gid` = 1 AND `qtype` = 'D'  [ RunTime:0.0002s ]
SQL: SELECT * FROM `es_answer` WHERE ( 1=1 AND qid='4' ) ORDER BY aorder asc  [ RunTime:0.0003s ]
SQL: SELECT * FROM `es_question` WHERE `eid` = 1 AND `gid` = 2 AND `qtype` = 'K'  [ RunTime:0.0003s ]
SQL: SELECT * FROM `es_answer` WHERE ( 1=1 AND qid='5' ) ORDER BY aorder asc  [ RunTime:0.0002s ]
SQL: SELECT * FROM `es_answer` WHERE ( 1=1 AND qid='6' ) ORDER BY aorder asc  [ RunTime:0.0001s ]
SQL: SELECT * FROM `es_question` WHERE `eid` = 1 AND `gid` = 3 AND `qtype` = 'J'  [ RunTime:0.0002s ]
SQL: SELECT * FROM `es_answer` WHERE ( 1=1 AND qid='7' ) ORDER BY aorder asc  [ RunTime:0.0001s ]
SQL: SELECT * FROM `es_answer` WHERE ( 1=1 AND qid='8' ) ORDER BY aorder asc  [ RunTime:0.0002s ]
SQL: SELECT * FROM `es_answer` WHERE ( 1=1 AND qid='9' ) ORDER BY aorder asc  [ RunTime:0.0001s ]
INFO: [ view_parse ] --START--
INFO: [ template_filter ] --START--
INFO: Run Behavior\ContentReplaceBehavior [ RunTime:0.000113s ]
INFO: [ template_filter ] --END-- [ RunTime:0.000155s ]
NOTIC: [8] Undefined variable: ac_index D:\Lanseria\Documents\php\Examination_System\Application\Runtime\Cache\Home\4f0c85419bc2b7d14612bdf79a46f1c6.php 第 45 行.
NOTIC: [8] Undefined variable: ac_about D:\Lanseria\Documents\php\Examination_System\Application\Runtime\Cache\Home\4f0c85419bc2b7d14612bdf79a46f1c6.php 第 46 行.
NOTIC: [8] Undefined variable: ac_custom D:\Lanseria\Documents\php\Examination_System\Application\Runtime\Cache\Home\4f0c85419bc2b7d14612bdf79a46f1c6.php 第 47 行.
NOTIC: [8] Undefined variable: ac_questionbank D:\Lanseria\Documents\php\Examination_System\Application\Runtime\Cache\Home\4f0c85419bc2b7d14612bdf79a46f1c6.php 第 48 行.
NOTIC: [8] Undefined variable: ac_contact D:\Lanseria\Documents\php\Examination_System\Application\Runtime\Cache\Home\4f0c85419bc2b7d14612bdf79a46f1c6.php 第 49 行.
NOTIC: [8] Undefined variable: ac_index D:\Lanseria\Documents\php\Examination_System\Application\Runtime\Cache\Home\4f0c85419bc2b7d14612bdf79a46f1c6.php 第 60 行.
NOTIC: [8] Undefined variable: ac_about D:\Lanseria\Documents\php\Examination_System\Application\Runtime\Cache\Home\4f0c85419bc2b7d14612bdf79a46f1c6.php 第 61 行.
NOTIC: [8] Undefined variable: ac_custom D:\Lanseria\Documents\php\Examination_System\Application\Runtime\Cache\Home\4f0c85419bc2b7d14612bdf79a46f1c6.php 第 62 行.
NOTIC: [8] Undefined variable: ac_questionbank D:\Lanseria\Documents\php\Examination_System\Application\Runtime\Cache\Home\4f0c85419bc2b7d14612bdf79a46f1c6.php 第 63 行.
NOTIC: [8] Undefined variable: ac_contact D:\Lanseria\Documents\php\Examination_System\Application\Runtime\Cache\Home\4f0c85419bc2b7d14612bdf79a46f1c6.php 第 64 行.
NOTIC: [8] Use of undefined constant answer - assumed 'answer' D:\Lanseria\Documents\php\Examination_System\Application\Runtime\Cache\Home\4f0c85419bc2b7d14612bdf79a46f1c6.php 第 119 行.
NOTIC: [8] Use of undefined constant answer - assumed 'answer' D:\Lanseria\Documents\php\Examination_System\Application\Runtime\Cache\Home\4f0c85419bc2b7d14612bdf79a46f1c6.php 第 119 行.
NOTIC: [8] Use of undefined constant answer - assumed 'answer' D:\Lanseria\Documents\php\Examination_System\Application\Runtime\Cache\Home\4f0c85419bc2b7d14612bdf79a46f1c6.php 第 119 行.
NOTIC: [8] Use of undefined constant answer - assumed 'answer' D:\Lanseria\Documents\php\Examination_System\Application\Runtime\Cache\Home\4f0c85419bc2b7d14612bdf79a46f1c6.php 第 119 行.
NOTIC: [8] Use of undefined constant answer - assumed 'answer' D:\Lanseria\Documents\php\Examination_System\Application\Runtime\Cache\Home\4f0c85419bc2b7d14612bdf79a46f1c6.php 第 119 行.
NOTIC: [8] Use of undefined constant answer - assumed 'answer' D:\Lanseria\Documents\php\Examination_System\Application\Runtime\Cache\Home\4f0c85419bc2b7d14612bdf79a46f1c6.php 第 119 行.
NOTIC: [8] Use of undefined constant answer - assumed 'answer' D:\Lanseria\Documents\php\Examination_System\Application\Runtime\Cache\Home\4f0c85419bc2b7d14612bdf79a46f1c6.php 第 131 行.
NOTIC: [8] Use of undefined constant answer - assumed 'answer' D:\Lanseria\Documents\php\Examination_System\Application\Runtime\Cache\Home\4f0c85419bc2b7d14612bdf79a46f1c6.php 第 131 行.
INFO: Run Behavior\ParseTemplateBehavior [ RunTime:0.010913s ]
INFO: [ view_parse ] --END-- [ RunTime:0.010976s ]
INFO: [ view_filter ] --START--
INFO: Run Behavior\WriteHtmlCacheBehavior [ RunTime:0.000371s ]
INFO: [ view_filter ] --END-- [ RunTime:0.000413s ]
INFO: [ app_end ] --START--
INFO: Run Behavior\ShowPageTraceBehavior [ RunTime:0.000608s ]
INFO: [ app_end ] --END-- [ RunTime:0.000675s ]

[ 2016-07-17T00:27:26+08:00 ] 127.0.0.1 /Home/Index/e.html?eid=1
INFO: [ app_init ] --START--
INFO: Run Behavior\BuildLiteBehavior [ RunTime:0.000009s ]
INFO: [ app_init ] --END-- [ RunTime:0.000215s ]
INFO: [ app_begin ] --START--
INFO: Run Behavior\ReadHtmlCacheBehavior [ RunTime:0.000281s ]
INFO: [ app_begin ] --END-- [ RunTime:0.000314s ]
SQL: SHOW COLUMNS FROM `es_question` [ RunTime:0.0025s ]
SQL: SELECT * FROM `es_question` WHERE `eid` = 1 AND `gid` = 1 AND `qtype` = 'T'  [ RunTime:0.0002s ]
SQL: SHOW COLUMNS FROM `es_answer` [ RunTime:0.0020s ]
SQL: SELECT * FROM `es_answer` WHERE ( 1=1 AND qid='1' ) ORDER BY aorder asc  [ RunTime:0.0003s ]
SQL: SELECT * FROM `es_answer` WHERE ( 1=1 AND qid='2' ) ORDER BY aorder asc  [ RunTime:0.0003s ]
SQL: SELECT * FROM `es_answer` WHERE ( 1=1 AND qid='3' ) ORDER BY aorder asc  [ RunTime:0.0003s ]
SQL: SELECT * FROM `es_question` WHERE `eid` = 1 AND `gid` = 1 AND `qtype` = 'D'  [ RunTime:0.0003s ]
SQL: SELECT * FROM `es_answer` WHERE ( 1=1 AND qid='4' ) ORDER BY aorder asc  [ RunTime:0.0002s ]
SQL: SELECT * FROM `es_question` WHERE `eid` = 1 AND `gid` = 2 AND `qtype` = 'K'  [ RunTime:0.0001s ]
SQL: SELECT * FROM `es_answer` WHERE ( 1=1 AND qid='5' ) ORDER BY aorder asc  [ RunTime:0.0001s ]
SQL: SELECT * FROM `es_answer` WHERE ( 1=1 AND qid='6' ) ORDER BY aorder asc  [ RunTime:0.0001s ]
SQL: SELECT * FROM `es_question` WHERE `eid` = 1 AND `gid` = 3 AND `qtype` = 'J'  [ RunTime:0.0001s ]
SQL: SELECT * FROM `es_answer` WHERE ( 1=1 AND qid='7' ) ORDER BY aorder asc  [ RunTime:0.0001s ]
SQL: SELECT * FROM `es_answer` WHERE ( 1=1 AND qid='8' ) ORDER BY aorder asc  [ RunTime:0.0001s ]
SQL: SELECT * FROM `es_answer` WHERE ( 1=1 AND qid='9' ) ORDER BY aorder asc  [ RunTime:0.0002s ]
INFO: [ view_parse ] --START--
INFO: [ template_filter ] --START--
INFO: Run Behavior\ContentReplaceBehavior [ RunTime:0.000208s ]
INFO: [ template_filter ] --END-- [ RunTime:0.000372s ]
NOTIC: [8] Undefined variable: ac_index D:\Lanseria\Documents\php\Examination_System\Application\Runtime\Cache\Home\4f0c85419bc2b7d14612bdf79a46f1c6.php 第 45 行.
NOTIC: [8] Undefined variable: ac_about D:\Lanseria\Documents\php\Examination_System\Application\Runtime\Cache\Home\4f0c85419bc2b7d14612bdf79a46f1c6.php 第 46 行.
NOTIC: [8] Undefined variable: ac_custom D:\Lanseria\Documents\php\Examination_System\Application\Runtime\Cache\Home\4f0c85419bc2b7d14612bdf79a46f1c6.php 第 47 行.
NOTIC: [8] Undefined variable: ac_questionbank D:\Lanseria\Documents\php\Examination_System\Application\Runtime\Cache\Home\4f0c85419bc2b7d14612bdf79a46f1c6.php 第 48 行.
NOTIC: [8] Undefined variable: ac_contact D:\Lanseria\Documents\php\Examination_System\Application\Runtime\Cache\Home\4f0c85419bc2b7d14612bdf79a46f1c6.php 第 49 行.
NOTIC: [8] Undefined variable: ac_index D:\Lanseria\Documents\php\Examination_System\Application\Runtime\Cache\Home\4f0c85419bc2b7d14612bdf79a46f1c6.php 第 60 行.
NOTIC: [8] Undefined variable: ac_about D:\Lanseria\Documents\php\Examination_System\Application\Runtime\Cache\Home\4f0c85419bc2b7d14612bdf79a46f1c6.php 第 61 行.
NOTIC: [8] Undefined variable: ac_custom D:\Lanseria\Documents\php\Examination_System\Application\Runtime\Cache\Home\4f0c85419bc2b7d14612bdf79a46f1c6.php 第 62 行.
NOTIC: [8] Undefined variable: ac_questionbank D:\Lanseria\Documents\php\Examination_System\Application\Runtime\Cache\Home\4f0c85419bc2b7d14612bdf79a46f1c6.php 第 63 行.
NOTIC: [8] Undefined variable: ac_contact D:\Lanseria\Documents\php\Examination_System\Application\Runtime\Cache\Home\4f0c85419bc2b7d14612bdf79a46f1c6.php 第 64 行.
NOTIC: [8] Use of undefined constant answer - assumed 'answer' D:\Lanseria\Documents\php\Examination_System\Application\Runtime\Cache\Home\4f0c85419bc2b7d14612bdf79a46f1c6.php 第 119 行.
NOTIC: [8] Use of undefined constant answer - assumed 'answer' D:\Lanseria\Documents\php\Examination_System\Application\Runtime\Cache\Home\4f0c85419bc2b7d14612bdf79a46f1c6.php 第 119 行.
NOTIC: [8] Use of undefined constant answer - assumed 'answer' D:\Lanseria\Documents\php\Examination_System\Application\Runtime\Cache\Home\4f0c85419bc2b7d14612bdf79a46f1c6.php 第 119 行.
NOTIC: [8] Use of undefined constant answer - assumed 'answer' D:\Lanseria\Documents\php\Examination_System\Application\Runtime\Cache\Home\4f0c85419bc2b7d14612bdf79a46f1c6.php 第 119 行.
NOTIC: [8] Use of undefined constant answer - assumed 'answer' D:\Lanseria\Documents\php\Examination_System\Application\Runtime\Cache\Home\4f0c85419bc2b7d14612bdf79a46f1c6.php 第 119 行.
NOTIC: [8] Use of undefined constant answer - assumed 'answer' D:\Lanseria\Documents\php\Examination_System\Application\Runtime\Cache\Home\4f0c85419bc2b7d14612bdf79a46f1c6.php 第 119 行.
NOTIC: [8] Use of undefined constant answer - assumed 'answer' D:\Lanseria\Documents\php\Examination_System\Application\Runtime\Cache\Home\4f0c85419bc2b7d14612bdf79a46f1c6.php 第 131 行.
NOTIC: [8] Use of undefined constant answer - assumed 'answer' D:\Lanseria\Documents\php\Examination_System\Application\Runtime\Cache\Home\4f0c85419bc2b7d14612bdf79a46f1c6.php 第 131 行.
INFO: Run Behavior\ParseTemplateBehavior [ RunTime:0.010754s ]
INFO: [ view_parse ] --END-- [ RunTime:0.010811s ]
INFO: [ view_filter ] --START--
INFO: Run Behavior\WriteHtmlCacheBehavior [ RunTime:0.000236s ]
INFO: [ view_filter ] --END-- [ RunTime:0.000262s ]
INFO: [ app_end ] --START--
INFO: Run Behavior\ShowPageTraceBehavior [ RunTime:0.000495s ]
INFO: [ app_end ] --END-- [ RunTime:0.000546s ]

[ 2016-07-17T00:27:33+08:00 ] 127.0.0.1 /Home/Index/index.html
INFO: [ app_init ] --START--
INFO: Run Behavior\BuildLiteBehavior [ RunTime:0.000012s ]
INFO: [ app_init ] --END-- [ RunTime:0.000261s ]
INFO: [ app_begin ] --START--
INFO: Run Behavior\ReadHtmlCacheBehavior [ RunTime:0.000323s ]
INFO: [ app_begin ] --END-- [ RunTime:0.000365s ]
INFO: [ view_parse ] --START--
INFO: [ template_filter ] --START--
INFO: Run Behavior\ContentReplaceBehavior [ RunTime:0.000108s ]
INFO: [ template_filter ] --END-- [ RunTime:0.000156s ]
NOTIC: [8] Undefined variable: ac_about D:\Lanseria\Documents\php\Examination_System\Application\Runtime\Cache\Home\2a94b8bda04ff446dcedd42276fc99ee.php 第 46 行.
NOTIC: [8] Undefined variable: ac_custom D:\Lanseria\Documents\php\Examination_System\Application\Runtime\Cache\Home\2a94b8bda04ff446dcedd42276fc99ee.php 第 47 行.
NOTIC: [8] Undefined variable: ac_questionbank D:\Lanseria\Documents\php\Examination_System\Application\Runtime\Cache\Home\2a94b8bda04ff446dcedd42276fc99ee.php 第 48 行.
NOTIC: [8] Undefined variable: ac_contact D:\Lanseria\Documents\php\Examination_System\Application\Runtime\Cache\Home\2a94b8bda04ff446dcedd42276fc99ee.php 第 49 行.
NOTIC: [8] Undefined variable: ac_about D:\Lanseria\Documents\php\Examination_System\Application\Runtime\Cache\Home\2a94b8bda04ff446dcedd42276fc99ee.php 第 61 行.
NOTIC: [8] Undefined variable: ac_custom D:\Lanseria\Documents\php\Examination_System\Application\Runtime\Cache\Home\2a94b8bda04ff446dcedd42276fc99ee.php 第 62 行.
NOTIC: [8] Undefined variable: ac_questionbank D:\Lanseria\Documents\php\Examination_System\Application\Runtime\Cache\Home\2a94b8bda04ff446dcedd42276fc99ee.php 第 63 行.
NOTIC: [8] Undefined variable: ac_contact D:\Lanseria\Documents\php\Examination_System\Application\Runtime\Cache\Home\2a94b8bda04ff446dcedd42276fc99ee.php 第 64 行.
INFO: Run Behavior\ParseTemplateBehavior [ RunTime:0.007135s ]
INFO: [ view_parse ] --END-- [ RunTime:0.007187s ]
INFO: [ view_filter ] --START--
INFO: Run Behavior\WriteHtmlCacheBehavior [ RunTime:0.000371s ]
INFO: [ view_filter ] --END-- [ RunTime:0.000413s ]
INFO: [ app_end ] --START--
INFO: Run Behavior\ShowPageTraceBehavior [ RunTime:0.000684s ]
INFO: [ app_end ] --END-- [ RunTime:0.000754s ]

[ 2016-07-17T00:27:58+08:00 ] 127.0.0.1 /Home/Index/about.html
INFO: [ app_init ] --START--
INFO: Run Behavior\BuildLiteBehavior [ RunTime:0.000013s ]
INFO: [ app_init ] --END-- [ RunTime:0.000277s ]
INFO: [ app_begin ] --START--
INFO: Run Behavior\ReadHtmlCacheBehavior [ RunTime:0.000334s ]
INFO: [ app_begin ] --END-- [ RunTime:0.000377s ]
INFO: [ view_parse ] --START--
INFO: [ template_filter ] --START--
INFO: Run Behavior\ContentReplaceBehavior [ RunTime:0.000086s ]
INFO: [ template_filter ] --END-- [ RunTime:0.000129s ]
NOTIC: [8] Undefined variable: ac_index D:\Lanseria\Documents\php\Examination_System\Application\Runtime\Cache\Home\09ccd45952ce225a1a2986a81cc5705c.php 第 45 行.
NOTIC: [8] Undefined variable: ac_custom D:\Lanseria\Documents\php\Examination_System\Application\Runtime\Cache\Home\09ccd45952ce225a1a2986a81cc5705c.php 第 47 行.
NOTIC: [8] Undefined variable: ac_questionbank D:\Lanseria\Documents\php\Examination_System\Application\Runtime\Cache\Home\09ccd45952ce225a1a2986a81cc5705c.php 第 48 行.
NOTIC: [8] Undefined variable: ac_contact D:\Lanseria\Documents\php\Examination_System\Application\Runtime\Cache\Home\09ccd45952ce225a1a2986a81cc5705c.php 第 49 行.
NOTIC: [8] Undefined variable: ac_index D:\Lanseria\Documents\php\Examination_System\Application\Runtime\Cache\Home\09ccd45952ce225a1a2986a81cc5705c.php 第 60 行.
NOTIC: [8] Undefined variable: ac_custom D:\Lanseria\Documents\php\Examination_System\Application\Runtime\Cache\Home\09ccd45952ce225a1a2986a81cc5705c.php 第 62 行.
NOTIC: [8] Undefined variable: ac_questionbank D:\Lanseria\Documents\php\Examination_System\Application\Runtime\Cache\Home\09ccd45952ce225a1a2986a81cc5705c.php 第 63 行.
NOTIC: [8] Undefined variable: ac_contact D:\Lanseria\Documents\php\Examination_System\Application\Runtime\Cache\Home\09ccd45952ce225a1a2986a81cc5705c.php 第 64 行.
INFO: Run Behavior\ParseTemplateBehavior [ RunTime:0.006653s ]
INFO: [ view_parse ] --END-- [ RunTime:0.006707s ]
INFO: [ view_filter ] --START--
INFO: Run Behavior\WriteHtmlCacheBehavior [ RunTime:0.000392s ]
INFO: [ view_filter ] --END-- [ RunTime:0.000435s ]
INFO: [ app_end ] --START--
INFO: Run Behavior\ShowPageTraceBehavior [ RunTime:0.000509s ]
INFO: [ app_end ] --END-- [ RunTime:0.000554s ]

[ 2016-07-17T00:28:00+08:00 ] 127.0.0.1 /Home/Index/index.html
INFO: [ app_init ] --START--
INFO: Run Behavior\BuildLiteBehavior [ RunTime:0.000016s ]
INFO: [ app_init ] --END-- [ RunTime:0.000300s ]
INFO: [ app_begin ] --START--
INFO: Run Behavior\ReadHtmlCacheBehavior [ RunTime:0.000331s ]
INFO: [ app_begin ] --END-- [ RunTime:0.000371s ]
INFO: [ view_parse ] --START--
INFO: [ template_filter ] --START--
INFO: Run Behavior\ContentReplaceBehavior [ RunTime:0.000106s ]
INFO: [ template_filter ] --END-- [ RunTime:0.000157s ]
NOTIC: [8] Undefined variable: ac_about D:\Lanseria\Documents\php\Examination_System\Application\Runtime\Cache\Home\2a94b8bda04ff446dcedd42276fc99ee.php 第 46 行.
NOTIC: [8] Undefined variable: ac_custom D:\Lanseria\Documents\php\Examination_System\Application\Runtime\Cache\Home\2a94b8bda04ff446dcedd42276fc99ee.php 第 47 行.
NOTIC: [8] Undefined variable: ac_questionbank D:\Lanseria\Documents\php\Examination_System\Application\Runtime\Cache\Home\2a94b8bda04ff446dcedd42276fc99ee.php 第 48 行.
NOTIC: [8] Undefined variable: ac_contact D:\Lanseria\Documents\php\Examination_System\Application\Runtime\Cache\Home\2a94b8bda04ff446dcedd42276fc99ee.php 第 49 行.
NOTIC: [8] Undefined variable: ac_about D:\Lanseria\Documents\php\Examination_System\Application\Runtime\Cache\Home\2a94b8bda04ff446dcedd42276fc99ee.php 第 61 行.
NOTIC: [8] Undefined variable: ac_custom D:\Lanseria\Documents\php\Examination_System\Application\Runtime\Cache\Home\2a94b8bda04ff446dcedd42276fc99ee.php 第 62 行.
NOTIC: [8] Undefined variable: ac_questionbank D:\Lanseria\Documents\php\Examination_System\Application\Runtime\Cache\Home\2a94b8bda04ff446dcedd42276fc99ee.php 第 63 行.
NOTIC: [8] Undefined variable: ac_contact D:\Lanseria\Documents\php\Examination_System\Application\Runtime\Cache\Home\2a94b8bda04ff446dcedd42276fc99ee.php 第 64 行.
INFO: Run Behavior\ParseTemplateBehavior [ RunTime:0.006954s ]
INFO: [ view_parse ] --END-- [ RunTime:0.006998s ]
INFO: [ view_filter ] --START--
INFO: Run Behavior\WriteHtmlCacheBehavior [ RunTime:0.000285s ]
INFO: [ view_filter ] --END-- [ RunTime:0.000314s ]
INFO: [ app_end ] --START--
INFO: Run Behavior\ShowPageTraceBehavior [ RunTime:0.001063s ]
INFO: [ app_end ] --END-- [ RunTime:0.001331s ]

[ 2016-07-17T00:29:35+08:00 ] 127.0.0.1 /Home/Index/index.html
INFO: [ app_init ] --START--
INFO: Run Behavior\BuildLiteBehavior [ RunTime:0.000010s ]
INFO: [ app_init ] --END-- [ RunTime:0.000260s ]
INFO: [ app_begin ] --START--
INFO: Run Behavior\ReadHtmlCacheBehavior [ RunTime:0.000364s ]
INFO: [ app_begin ] --END-- [ RunTime:0.000405s ]
INFO: [ view_parse ] --START--
INFO: [ template_filter ] --START--
INFO: Run Behavior\ContentReplaceBehavior [ RunTime:0.000209s ]
INFO: [ template_filter ] --END-- [ RunTime:0.000596s ]
NOTIC: [8] Undefined variable: ac_about D:\Lanseria\Documents\php\Examination_System\Application\Runtime\Cache\Home\2a94b8bda04ff446dcedd42276fc99ee.php 第 46 行.
NOTIC: [8] Undefined variable: ac_custom D:\Lanseria\Documents\php\Examination_System\Application\Runtime\Cache\Home\2a94b8bda04ff446dcedd42276fc99ee.php 第 47 行.
NOTIC: [8] Undefined variable: ac_questionbank D:\Lanseria\Documents\php\Examination_System\Application\Runtime\Cache\Home\2a94b8bda04ff446dcedd42276fc99ee.php 第 48 行.
NOTIC: [8] Undefined variable: ac_contact D:\Lanseria\Documents\php\Examination_System\Application\Runtime\Cache\Home\2a94b8bda04ff446dcedd42276fc99ee.php 第 49 行.
NOTIC: [8] Undefined variable: ac_about D:\Lanseria\Documents\php\Examination_System\Application\Runtime\Cache\Home\2a94b8bda04ff446dcedd42276fc99ee.php 第 61 行.
NOTIC: [8] Undefined variable: ac_custom D:\Lanseria\Documents\php\Examination_System\Application\Runtime\Cache\Home\2a94b8bda04ff446dcedd42276fc99ee.php 第 62 行.
NOTIC: [8] Undefined variable: ac_questionbank D:\Lanseria\Documents\php\Examination_System\Application\Runtime\Cache\Home\2a94b8bda04ff446dcedd42276fc99ee.php 第 63 行.
NOTIC: [8] Undefined variable: ac_contact D:\Lanseria\Documents\php\Examination_System\Application\Runtime\Cache\Home\2a94b8bda04ff446dcedd42276fc99ee.php 第 64 行.
INFO: Run Behavior\ParseTemplateBehavior [ RunTime:0.028101s ]
INFO: [ view_parse ] --END-- [ RunTime:0.028388s ]
INFO: [ view_filter ] --START--
INFO: Run Behavior\WriteHtmlCacheBehavior [ RunTime:0.000776s ]
INFO: [ view_filter ] --END-- [ RunTime:0.000863s ]
INFO: [ app_end ] --START--
INFO: Run Behavior\ShowPageTraceBehavior [ RunTime:0.001726s ]
INFO: [ app_end ] --END-- [ RunTime:0.001931s ]

[ 2016-07-17T00:29:58+08:00 ] 127.0.0.1 /Home/Index/favicon.ico
INFO: [ app_init ] --START--
INFO: Run Behavior\BuildLiteBehavior [ RunTime:0.000010s ]
INFO: [ app_init ] --END-- [ RunTime:0.000212s ]

[ 2016-07-17T00:30:04+08:00 ] 127.0.0.1 /Home/Index/index.html
INFO: [ app_init ] --START--
INFO: Run Behavior\BuildLiteBehavior [ RunTime:0.000015s ]
INFO: [ app_init ] --END-- [ RunTime:0.000479s ]
INFO: [ app_begin ] --START--
INFO: Run Behavior\ReadHtmlCacheBehavior [ RunTime:0.000624s ]
INFO: [ app_begin ] --END-- [ RunTime:0.000695s ]
INFO: [ view_parse ] --START--
INFO: [ template_filter ] --START--
INFO: Run Behavior\ContentReplaceBehavior [ RunTime:0.000108s ]
INFO: [ template_filter ] --END-- [ RunTime:0.000156s ]
NOTIC: [8] Undefined variable: ac_about D:\Lanseria\Documents\php\Examination_System\Application\Runtime\Cache\Home\2a94b8bda04ff446dcedd42276fc99ee.php 第 46 行.
NOTIC: [8] Undefined variable: ac_custom D:\Lanseria\Documents\php\Examination_System\Application\Runtime\Cache\Home\2a94b8bda04ff446dcedd42276fc99ee.php 第 47 行.
NOTIC: [8] Undefined variable: ac_questionbank D:\Lanseria\Documents\php\Examination_System\Application\Runtime\Cache\Home\2a94b8bda04ff446dcedd42276fc99ee.php 第 48 行.
NOTIC: [8] Undefined variable: ac_contact D:\Lanseria\Documents\php\Examination_System\Application\Runtime\Cache\Home\2a94b8bda04ff446dcedd42276fc99ee.php 第 49 行.
NOTIC: [8] Undefined variable: ac_about D:\Lanseria\Documents\php\Examination_System\Application\Runtime\Cache\Home\2a94b8bda04ff446dcedd42276fc99ee.php 第 61 行.
NOTIC: [8] Undefined variable: ac_custom D:\Lanseria\Documents\php\Examination_System\Application\Runtime\Cache\Home\2a94b8bda04ff446dcedd42276fc99ee.php 第 62 行.
NOTIC: [8] Undefined variable: ac_questionbank D:\Lanseria\Documents\php\Examination_System\Application\Runtime\Cache\Home\2a94b8bda04ff446dcedd42276fc99ee.php 第 63 行.
NOTIC: [8] Undefined variable: ac_contact D:\Lanseria\Documents\php\Examination_System\Application\Runtime\Cache\Home\2a94b8bda04ff446dcedd42276fc99ee.php 第 64 行.
INFO: Run Behavior\ParseTemplateBehavior [ RunTime:0.007106s ]
INFO: [ view_parse ] --END-- [ RunTime:0.007150s ]
INFO: [ view_filter ] --START--
INFO: Run Behavior\WriteHtmlCacheBehavior [ RunTime:0.000286s ]
INFO: [ view_filter ] --END-- [ RunTime:0.000317s ]
INFO: [ app_end ] --START--
INFO: Run Behavior\ShowPageTraceBehavior [ RunTime:0.000695s ]
INFO: [ app_end ] --END-- [ RunTime:0.000766s ]

[ 2016-07-17T00:30:11+08:00 ] 127.0.0.1 /Home/Index/index.html
INFO: [ app_init ] --START--
INFO: Run Behavior\BuildLiteBehavior [ RunTime:0.000019s ]
INFO: [ app_init ] --END-- [ RunTime:0.000426s ]
INFO: [ app_begin ] --START--
INFO: Run Behavior\ReadHtmlCacheBehavior [ RunTime:0.000733s ]
INFO: [ app_begin ] --END-- [ RunTime:0.000822s ]
INFO: [ view_parse ] --START--
INFO: [ template_filter ] --START--
INFO: Run Behavior\ContentReplaceBehavior [ RunTime:0.000121s ]
INFO: [ template_filter ] --END-- [ RunTime:0.000167s ]
NOTIC: [8] Undefined variable: ac_about D:\Lanseria\Documents\php\Examination_System\Application\Runtime\Cache\Home\2a94b8bda04ff446dcedd42276fc99ee.php 第 46 行.
NOTIC: [8] Undefined variable: ac_custom D:\Lanseria\Documents\php\Examination_System\Application\Runtime\Cache\Home\2a94b8bda04ff446dcedd42276fc99ee.php 第 47 行.
NOTIC: [8] Undefined variable: ac_questionbank D:\Lanseria\Documents\php\Examination_System\Application\Runtime\Cache\Home\2a94b8bda04ff446dcedd42276fc99ee.php 第 48 行.
NOTIC: [8] Undefined variable: ac_contact D:\Lanseria\Documents\php\Examination_System\Application\Runtime\Cache\Home\2a94b8bda04ff446dcedd42276fc99ee.php 第 49 行.
NOTIC: [8] Undefined variable: ac_about D:\Lanseria\Documents\php\Examination_System\Application\Runtime\Cache\Home\2a94b8bda04ff446dcedd42276fc99ee.php 第 61 行.
NOTIC: [8] Undefined variable: ac_custom D:\Lanseria\Documents\php\Examination_System\Application\Runtime\Cache\Home\2a94b8bda04ff446dcedd42276fc99ee.php 第 62 行.
NOTIC: [8] Undefined variable: ac_questionbank D:\Lanseria\Documents\php\Examination_System\Application\Runtime\Cache\Home\2a94b8bda04ff446dcedd42276fc99ee.php 第 63 行.
NOTIC: [8] Undefined variable: ac_contact D:\Lanseria\Documents\php\Examination_System\Application\Runtime\Cache\Home\2a94b8bda04ff446dcedd42276fc99ee.php 第 64 行.
INFO: Run Behavior\ParseTemplateBehavior [ RunTime:0.008552s ]
INFO: [ view_parse ] --END-- [ RunTime:0.008609s ]
INFO: [ view_filter ] --START--
INFO: Run Behavior\WriteHtmlCacheBehavior [ RunTime:0.000337s ]
INFO: [ view_filter ] --END-- [ RunTime:0.000381s ]
INFO: [ app_end ] --START--
INFO: Run Behavior\ShowPageTraceBehavior [ RunTime:0.000997s ]
INFO: [ app_end ] --END-- [ RunTime:0.001381s ]

[ 2016-07-17T00:31:41+08:00 ] 127.0.0.1 /Home/Index/index.html
INFO: [ app_init ] --START--
INFO: Run Behavior\BuildLiteBehavior [ RunTime:0.000021s ]
INFO: [ app_init ] --END-- [ RunTime:0.001330s ]
INFO: [ app_begin ] --START--
INFO: Run Behavior\ReadHtmlCacheBehavior [ RunTime:0.000637s ]
INFO: [ app_begin ] --END-- [ RunTime:0.000716s ]
INFO: [ view_parse ] --START--
INFO: [ template_filter ] --START--
INFO: Run Behavior\ContentReplaceBehavior [ RunTime:0.000176s ]
INFO: [ template_filter ] --END-- [ RunTime:0.000264s ]
NOTIC: [8] Undefined variable: ac_about D:\Lanseria\Documents\php\Examination_System\Application\Runtime\Cache\Home\2a94b8bda04ff446dcedd42276fc99ee.php 第 46 行.
NOTIC: [8] Undefined variable: ac_custom D:\Lanseria\Documents\php\Examination_System\Application\Runtime\Cache\Home\2a94b8bda04ff446dcedd42276fc99ee.php 第 47 行.
NOTIC: [8] Undefined variable: ac_questionbank D:\Lanseria\Documents\php\Examination_System\Application\Runtime\Cache\Home\2a94b8bda04ff446dcedd42276fc99ee.php 第 48 行.
NOTIC: [8] Undefined variable: ac_contact D:\Lanseria\Documents\php\Examination_System\Application\Runtime\Cache\Home\2a94b8bda04ff446dcedd42276fc99ee.php 第 49 行.
NOTIC: [8] Undefined variable: ac_about D:\Lanseria\Documents\php\Examination_System\Application\Runtime\Cache\Home\2a94b8bda04ff446dcedd42276fc99ee.php 第 61 行.
NOTIC: [8] Undefined variable: ac_custom D:\Lanseria\Documents\php\Examination_System\Application\Runtime\Cache\Home\2a94b8bda04ff446dcedd42276fc99ee.php 第 62 行.
NOTIC: [8] Undefined variable: ac_questionbank D:\Lanseria\Documents\php\Examination_System\Application\Runtime\Cache\Home\2a94b8bda04ff446dcedd42276fc99ee.php 第 63 行.
NOTIC: [8] Undefined variable: ac_contact D:\Lanseria\Documents\php\Examination_System\Application\Runtime\Cache\Home\2a94b8bda04ff446dcedd42276fc99ee.php 第 64 行.
INFO: Run Behavior\ParseTemplateBehavior [ RunTime:0.010887s ]
INFO: [ view_parse ] --END-- [ RunTime:0.011204s ]
INFO: [ view_filter ] --START--
INFO: Run Behavior\WriteHtmlCacheBehavior [ RunTime:0.000641s ]
INFO: [ view_filter ] --END-- [ RunTime:0.000691s ]
INFO: [ app_end ] --START--
INFO: Run Behavior\ShowPageTraceBehavior [ RunTime:0.000797s ]
INFO: [ app_end ] --END-- [ RunTime:0.000898s ]

