[ 2016-08-18T16:24:14+08:00 ] 127.0.0.1 /
INFO: [ app_init ] --START--
INFO: Run Behavior\BuildLiteBehavior [ RunTime:0.000044s ]
INFO: [ app_init ] --END-- [ RunTime:0.002330s ]
INFO: [ app_begin ] --START--
INFO: Run Behavior\ReadHtmlCacheBehavior [ RunTime:0.002610s ]
INFO: [ app_begin ] --END-- [ RunTime:0.002800s ]
INFO: [ view_parse ] --START--
INFO: [ template_filter ] --START--
INFO: Run Behavior\ContentReplaceBehavior [ RunTime:0.026778s ]
INFO: [ template_filter ] --END-- [ RunTime:0.026905s ]
NOTIC: [8] Undefined variable: ac_about D:\Lanseria\Documents\php\Examination_System\Application\Runtime\Cache\Home\2a94b8bda04ff446dcedd42276fc99ee.php 第 46 行.
NOTIC: [8] Undefined variable: ac_custom D:\Lanseria\Documents\php\Examination_System\Application\Runtime\Cache\Home\2a94b8bda04ff446dcedd42276fc99ee.php 第 47 行.
NOTIC: [8] Undefined variable: ac_questionbank D:\Lanseria\Documents\php\Examination_System\Application\Runtime\Cache\Home\2a94b8bda04ff446dcedd42276fc99ee.php 第 48 行.
NOTIC: [8] Undefined variable: ac_contact D:\Lanseria\Documents\php\Examination_System\Application\Runtime\Cache\Home\2a94b8bda04ff446dcedd42276fc99ee.php 第 49 行.
NOTIC: [8] Undefined variable: ac_about D:\Lanseria\Documents\php\Examination_System\Application\Runtime\Cache\Home\2a94b8bda04ff446dcedd42276fc99ee.php 第 61 行.
NOTIC: [8] Undefined variable: ac_custom D:\Lanseria\Documents\php\Examination_System\Application\Runtime\Cache\Home\2a94b8bda04ff446dcedd42276fc99ee.php 第 62 行.
NOTIC: [8] Undefined variable: ac_questionbank D:\Lanseria\Documents\php\Examination_System\Application\Runtime\Cache\Home\2a94b8bda04ff446dcedd42276fc99ee.php 第 63 行.
NOTIC: [8] Undefined variable: ac_contact D:\Lanseria\Documents\php\Examination_System\Application\Runtime\Cache\Home\2a94b8bda04ff446dcedd42276fc99ee.php 第 64 行.
INFO: Run Behavior\ParseTemplateBehavior [ RunTime:0.328185s ]
INFO: [ view_parse ] --END-- [ RunTime:0.328569s ]
INFO: [ view_filter ] --START--
INFO: Run Behavior\WriteHtmlCacheBehavior [ RunTime:0.070936s ]
INFO: [ view_filter ] --END-- [ RunTime:0.071036s ]
INFO: [ app_end ] --START--
INFO: Run Behavior\ShowPageTraceBehavior [ RunTime:0.032876s ]
INFO: [ app_end ] --END-- [ RunTime:0.033445s ]

[ 2016-08-18T16:24:20+08:00 ] 127.0.0.1 /Home/User/login.html
INFO: [ app_init ] --START--
INFO: Run Behavior\BuildLiteBehavior [ RunTime:0.000012s ]
INFO: [ app_init ] --END-- [ RunTime:0.000294s ]
INFO: [ app_begin ] --START--
INFO: Run Behavior\ReadHtmlCacheBehavior [ RunTime:0.000483s ]
INFO: [ app_begin ] --END-- [ RunTime:0.000528s ]
SQL: SHOW COLUMNS FROM `es_user` [ RunTime:0.5013s ]
SQL: SELECT COUNT(*) AS tp_count FROM `es_user` WHERE `ustunum` = '081105' AND `upwd` = '546639220bbbd2c27e26555368aef58d' LIMIT 1   [ RunTime:0.1017s ]
SQL: SELECT `uid` FROM `es_user` WHERE `ustunum` = '081105' LIMIT 1   [ RunTime:0.0003s ]
SQL: SELECT `utype` FROM `es_user` WHERE `ustunum` = '081105' LIMIT 1   [ RunTime:0.0003s ]
INFO: [ view_parse ] --START--
INFO: [ template_filter ] --START--
INFO: Run Behavior\ContentReplaceBehavior [ RunTime:0.019284s ]
INFO: [ template_filter ] --END-- [ RunTime:0.019441s ]
INFO: Run Behavior\ParseTemplateBehavior [ RunTime:0.047033s ]
INFO: [ view_parse ] --END-- [ RunTime:0.047166s ]
INFO: [ view_filter ] --START--
INFO: Run Behavior\WriteHtmlCacheBehavior [ RunTime:0.000596s ]
INFO: [ view_filter ] --END-- [ RunTime:0.000655s ]
INFO: [ app_end ] --START--
INFO: Run Behavior\ShowPageTraceBehavior [ RunTime:0.000894s ]
INFO: [ app_end ] --END-- [ RunTime:0.000957s ]

[ 2016-08-18T16:24:21+08:00 ] 127.0.0.1 /Home/User/login.html
INFO: [ app_init ] --START--
INFO: Run Behavior\BuildLiteBehavior [ RunTime:0.000044s ]
INFO: [ app_init ] --END-- [ RunTime:0.000757s ]
INFO: [ app_begin ] --START--
INFO: Run Behavior\ReadHtmlCacheBehavior [ RunTime:0.000460s ]
INFO: [ app_begin ] --END-- [ RunTime:0.000502s ]
SQL: SHOW COLUMNS FROM `es_user` [ RunTime:0.0050s ]
SQL: SELECT COUNT(*) AS tp_count FROM `es_user` WHERE `ustunum` = '081105' AND `upwd` = '546639220bbbd2c27e26555368aef58d' LIMIT 1   [ RunTime:0.0016s ]
SQL: SELECT `uid` FROM `es_user` WHERE `ustunum` = '081105' LIMIT 1   [ RunTime:0.0003s ]
SQL: SELECT `utype` FROM `es_user` WHERE `ustunum` = '081105' LIMIT 1   [ RunTime:0.0003s ]
INFO: [ view_parse ] --START--
INFO: [ template_filter ] --START--
INFO: Run Behavior\ContentReplaceBehavior [ RunTime:0.000040s ]
INFO: [ template_filter ] --END-- [ RunTime:0.000088s ]
INFO: Run Behavior\ParseTemplateBehavior [ RunTime:0.005946s ]
INFO: [ view_parse ] --END-- [ RunTime:0.006080s ]
INFO: [ view_filter ] --START--
INFO: Run Behavior\WriteHtmlCacheBehavior [ RunTime:0.000883s ]
INFO: [ view_filter ] --END-- [ RunTime:0.000966s ]
INFO: [ app_end ] --START--
INFO: Run Behavior\ShowPageTraceBehavior [ RunTime:0.000790s ]
INFO: [ app_end ] --END-- [ RunTime:0.000846s ]

[ 2016-08-18T16:24:22+08:00 ] 127.0.0.1 /
INFO: [ app_init ] --START--
INFO: Run Behavior\BuildLiteBehavior [ RunTime:0.000017s ]
INFO: [ app_init ] --END-- [ RunTime:0.000458s ]
INFO: [ app_begin ] --START--
INFO: Run Behavior\ReadHtmlCacheBehavior [ RunTime:0.000757s ]
INFO: [ app_begin ] --END-- [ RunTime:0.000828s ]
INFO: [ view_parse ] --START--
INFO: [ template_filter ] --START--
INFO: Run Behavior\ContentReplaceBehavior [ RunTime:0.000103s ]
INFO: [ template_filter ] --END-- [ RunTime:0.000144s ]
NOTIC: [8] Undefined variable: ac_about D:\Lanseria\Documents\php\Examination_System\Application\Runtime\Cache\Home\2a94b8bda04ff446dcedd42276fc99ee.php 第 46 行.
NOTIC: [8] Undefined variable: ac_custom D:\Lanseria\Documents\php\Examination_System\Application\Runtime\Cache\Home\2a94b8bda04ff446dcedd42276fc99ee.php 第 47 行.
NOTIC: [8] Undefined variable: ac_questionbank D:\Lanseria\Documents\php\Examination_System\Application\Runtime\Cache\Home\2a94b8bda04ff446dcedd42276fc99ee.php 第 48 行.
NOTIC: [8] Undefined variable: ac_contact D:\Lanseria\Documents\php\Examination_System\Application\Runtime\Cache\Home\2a94b8bda04ff446dcedd42276fc99ee.php 第 49 行.
NOTIC: [8] Undefined variable: ac_about D:\Lanseria\Documents\php\Examination_System\Application\Runtime\Cache\Home\2a94b8bda04ff446dcedd42276fc99ee.php 第 61 行.
NOTIC: [8] Undefined variable: ac_custom D:\Lanseria\Documents\php\Examination_System\Application\Runtime\Cache\Home\2a94b8bda04ff446dcedd42276fc99ee.php 第 62 行.
NOTIC: [8] Undefined variable: ac_questionbank D:\Lanseria\Documents\php\Examination_System\Application\Runtime\Cache\Home\2a94b8bda04ff446dcedd42276fc99ee.php 第 63 行.
NOTIC: [8] Undefined variable: ac_contact D:\Lanseria\Documents\php\Examination_System\Application\Runtime\Cache\Home\2a94b8bda04ff446dcedd42276fc99ee.php 第 64 行.
INFO: Run Behavior\ParseTemplateBehavior [ RunTime:0.011021s ]
INFO: [ view_parse ] --END-- [ RunTime:0.011102s ]
INFO: [ view_filter ] --START--
INFO: Run Behavior\WriteHtmlCacheBehavior [ RunTime:0.000465s ]
INFO: [ view_filter ] --END-- [ RunTime:0.000510s ]
INFO: [ app_end ] --START--
INFO: Run Behavior\ShowPageTraceBehavior [ RunTime:0.000721s ]
INFO: [ app_end ] --END-- [ RunTime:0.000798s ]

