[ 2016-10-18T19:39:39+08:00 ] 127.0.0.1 /
INFO: [ app_init ] --START--
INFO: Run Behavior\BuildLiteBehavior [ RunTime:0.000017s ]
INFO: [ app_init ] --END-- [ RunTime:0.000672s ]
INFO: [ app_begin ] --START--
INFO: Run Behavior\ReadHtmlCacheBehavior [ RunTime:0.000869s ]
INFO: [ app_begin ] --END-- [ RunTime:0.000945s ]
INFO: [ view_parse ] --START--
INFO: [ template_filter ] --START--
INFO: Run Behavior\ContentReplaceBehavior [ RunTime:0.000193s ]
INFO: [ template_filter ] --END-- [ RunTime:0.000253s ]
NOTIC: [8] Undefined variable: ac_about D:\Lanseria\Documents\php\Examination_System\Application\Runtime\Cache\Home\2a94b8bda04ff446dcedd42276fc99ee.php 第 62 行.
NOTIC: [8] Undefined variable: ac_custom D:\Lanseria\Documents\php\Examination_System\Application\Runtime\Cache\Home\2a94b8bda04ff446dcedd42276fc99ee.php 第 63 行.
NOTIC: [8] Undefined variable: ac_questionbank D:\Lanseria\Documents\php\Examination_System\Application\Runtime\Cache\Home\2a94b8bda04ff446dcedd42276fc99ee.php 第 64 行.
NOTIC: [8] Undefined variable: ac_resultbank D:\Lanseria\Documents\php\Examination_System\Application\Runtime\Cache\Home\2a94b8bda04ff446dcedd42276fc99ee.php 第 65 行.
NOTIC: [8] Undefined variable: ac_contact D:\Lanseria\Documents\php\Examination_System\Application\Runtime\Cache\Home\2a94b8bda04ff446dcedd42276fc99ee.php 第 66 行.
NOTIC: [8] Undefined variable: ac_about D:\Lanseria\Documents\php\Examination_System\Application\Runtime\Cache\Home\2a94b8bda04ff446dcedd42276fc99ee.php 第 78 行.
NOTIC: [8] Undefined variable: ac_custom D:\Lanseria\Documents\php\Examination_System\Application\Runtime\Cache\Home\2a94b8bda04ff446dcedd42276fc99ee.php 第 79 行.
NOTIC: [8] Undefined variable: ac_questionbank D:\Lanseria\Documents\php\Examination_System\Application\Runtime\Cache\Home\2a94b8bda04ff446dcedd42276fc99ee.php 第 80 行.
NOTIC: [8] Undefined variable: ac_contact D:\Lanseria\Documents\php\Examination_System\Application\Runtime\Cache\Home\2a94b8bda04ff446dcedd42276fc99ee.php 第 81 行.
INFO: Run Behavior\ParseTemplateBehavior [ RunTime:0.101998s ]
INFO: [ view_parse ] --END-- [ RunTime:0.102072s ]
INFO: [ view_filter ] --START--
INFO: Run Behavior\WriteHtmlCacheBehavior [ RunTime:0.065045s ]
INFO: [ view_filter ] --END-- [ RunTime:0.065110s ]
INFO: [ app_end ] --START--
INFO: Run Behavior\ShowPageTraceBehavior [ RunTime:0.110284s ]
INFO: [ app_end ] --END-- [ RunTime:0.110345s ]

[ 2016-10-18T19:39:46+08:00 ] 127.0.0.1 /Home/User/login.html
INFO: [ app_init ] --START--
INFO: Run Behavior\BuildLiteBehavior [ RunTime:0.000015s ]
INFO: [ app_init ] --END-- [ RunTime:0.000425s ]
INFO: [ app_begin ] --START--
INFO: Run Behavior\ReadHtmlCacheBehavior [ RunTime:0.000443s ]
INFO: [ app_begin ] --END-- [ RunTime:0.000498s ]
SQL: SHOW COLUMNS FROM `es_user` [ RunTime:0.0345s ]
SQL: SELECT COUNT(*) AS tp_count FROM `es_user` WHERE `ustunum` = '081105' AND `upwd` = '546639220bbbd2c27e26555368aef58d' LIMIT 1   [ RunTime:0.0460s ]
SQL: SELECT `uid` FROM `es_user` WHERE `ustunum` = '081105' LIMIT 1   [ RunTime:0.0006s ]
SQL: SELECT `utype` FROM `es_user` WHERE `ustunum` = '081105' LIMIT 1   [ RunTime:0.0004s ]
INFO: [ view_parse ] --START--
INFO: [ template_filter ] --START--
INFO: Run Behavior\ContentReplaceBehavior [ RunTime:0.000155s ]
INFO: [ template_filter ] --END-- [ RunTime:0.000283s ]
INFO: Run Behavior\ParseTemplateBehavior [ RunTime:0.031063s ]
INFO: [ view_parse ] --END-- [ RunTime:0.031157s ]
INFO: [ view_filter ] --START--
INFO: Run Behavior\WriteHtmlCacheBehavior [ RunTime:0.000647s ]
INFO: [ view_filter ] --END-- [ RunTime:0.000722s ]
INFO: [ app_end ] --START--
INFO: Run Behavior\ShowPageTraceBehavior [ RunTime:0.000984s ]
INFO: [ app_end ] --END-- [ RunTime:0.001063s ]

[ 2016-10-18T19:39:47+08:00 ] 127.0.0.1 /Home/Index/index
INFO: [ app_init ] --START--
INFO: Run Behavior\BuildLiteBehavior [ RunTime:0.000015s ]
INFO: [ app_init ] --END-- [ RunTime:0.000354s ]
INFO: [ app_begin ] --START--
INFO: Run Behavior\ReadHtmlCacheBehavior [ RunTime:0.000429s ]
INFO: [ app_begin ] --END-- [ RunTime:0.000484s ]
INFO: [ view_parse ] --START--
INFO: [ template_filter ] --START--
INFO: Run Behavior\ContentReplaceBehavior [ RunTime:0.000168s ]
INFO: [ template_filter ] --END-- [ RunTime:0.000229s ]
NOTIC: [8] Undefined variable: ac_about D:\Lanseria\Documents\php\Examination_System\Application\Runtime\Cache\Home\2a94b8bda04ff446dcedd42276fc99ee.php 第 62 行.
NOTIC: [8] Undefined variable: ac_custom D:\Lanseria\Documents\php\Examination_System\Application\Runtime\Cache\Home\2a94b8bda04ff446dcedd42276fc99ee.php 第 63 行.
NOTIC: [8] Undefined variable: ac_questionbank D:\Lanseria\Documents\php\Examination_System\Application\Runtime\Cache\Home\2a94b8bda04ff446dcedd42276fc99ee.php 第 64 行.
NOTIC: [8] Undefined variable: ac_resultbank D:\Lanseria\Documents\php\Examination_System\Application\Runtime\Cache\Home\2a94b8bda04ff446dcedd42276fc99ee.php 第 65 行.
NOTIC: [8] Undefined variable: ac_contact D:\Lanseria\Documents\php\Examination_System\Application\Runtime\Cache\Home\2a94b8bda04ff446dcedd42276fc99ee.php 第 66 行.
NOTIC: [8] Undefined variable: ac_about D:\Lanseria\Documents\php\Examination_System\Application\Runtime\Cache\Home\2a94b8bda04ff446dcedd42276fc99ee.php 第 78 行.
NOTIC: [8] Undefined variable: ac_custom D:\Lanseria\Documents\php\Examination_System\Application\Runtime\Cache\Home\2a94b8bda04ff446dcedd42276fc99ee.php 第 79 行.
NOTIC: [8] Undefined variable: ac_questionbank D:\Lanseria\Documents\php\Examination_System\Application\Runtime\Cache\Home\2a94b8bda04ff446dcedd42276fc99ee.php 第 80 行.
NOTIC: [8] Undefined variable: ac_contact D:\Lanseria\Documents\php\Examination_System\Application\Runtime\Cache\Home\2a94b8bda04ff446dcedd42276fc99ee.php 第 81 行.
INFO: Run Behavior\ParseTemplateBehavior [ RunTime:0.012265s ]
INFO: [ view_parse ] --END-- [ RunTime:0.012321s ]
INFO: [ view_filter ] --START--
INFO: Run Behavior\WriteHtmlCacheBehavior [ RunTime:0.000427s ]
INFO: [ view_filter ] --END-- [ RunTime:0.000481s ]
INFO: [ app_end ] --START--
INFO: Run Behavior\ShowPageTraceBehavior [ RunTime:0.000680s ]
INFO: [ app_end ] --END-- [ RunTime:0.000743s ]

[ 2016-10-18T20:27:54+08:00 ] 127.0.0.1 /Home/Index/e.html?eid=
INFO: [ app_init ] --START--
INFO: Run Behavior\BuildLiteBehavior [ RunTime:0.000012s ]
INFO: [ app_init ] --END-- [ RunTime:0.000245s ]
INFO: [ app_begin ] --START--
INFO: Run Behavior\ReadHtmlCacheBehavior [ RunTime:0.000297s ]
INFO: [ app_begin ] --END-- [ RunTime:0.000337s ]
SQL: SHOW COLUMNS FROM `es_vques` [ RunTime:0.0015s ]
SQL: SELECT `passed` FROM `es_vques` WHERE `eid` = 1 LIMIT 1   [ RunTime:0.0004s ]
SQL: SHOW COLUMNS FROM `es_groups` [ RunTime:0.0016s ]
SQL: SELECT * FROM `es_groups`  [ RunTime:0.0003s ]
SQL: SHOW COLUMNS FROM `es_question` [ RunTime:0.0016s ]
SQL: SELECT * FROM `es_question` WHERE ( 1=1 AND gid='1' ) ORDER BY qorder asc  [ RunTime:0.0551s ]
SQL: SHOW COLUMNS FROM `es_answer` [ RunTime:0.0015s ]
SQL: SELECT * FROM `es_answer` WHERE ( 1=1 AND qid='1' ) ORDER BY aorder asc  [ RunTime:0.0006s ]
SQL: SELECT * FROM `es_answer` WHERE ( 1=1 AND qid='2' ) ORDER BY aorder asc  [ RunTime:0.0003s ]
SQL: SELECT * FROM `es_answer` WHERE ( 1=1 AND qid='3' ) ORDER BY aorder asc  [ RunTime:0.0002s ]
SQL: SELECT * FROM `es_answer` WHERE ( 1=1 AND qid='4' ) ORDER BY aorder asc  [ RunTime:0.0002s ]
SQL: SELECT * FROM `es_answer` WHERE ( 1=1 AND qid='5' ) ORDER BY aorder asc  [ RunTime:0.0002s ]
SQL: SELECT * FROM `es_answer` WHERE ( 1=1 AND qid='6' ) ORDER BY aorder asc  [ RunTime:0.0002s ]
SQL: SELECT * FROM `es_answer` WHERE ( 1=1 AND qid='7' ) ORDER BY aorder asc  [ RunTime:0.0002s ]
SQL: SELECT * FROM `es_answer` WHERE ( 1=1 AND qid='8' ) ORDER BY aorder asc  [ RunTime:0.0002s ]
SQL: SELECT * FROM `es_answer` WHERE ( 1=1 AND qid='9' ) ORDER BY aorder asc  [ RunTime:0.0002s ]
SQL: SELECT * FROM `es_answer` WHERE ( 1=1 AND qid='10' ) ORDER BY aorder asc  [ RunTime:0.0002s ]
SQL: SELECT * FROM `es_answer` WHERE ( 1=1 AND qid='11' ) ORDER BY aorder asc  [ RunTime:0.0002s ]
SQL: SELECT * FROM `es_answer` WHERE ( 1=1 AND qid='12' ) ORDER BY aorder asc  [ RunTime:0.0002s ]
SQL: SELECT * FROM `es_answer` WHERE ( 1=1 AND qid='13' ) ORDER BY aorder asc  [ RunTime:0.0002s ]
SQL: SELECT * FROM `es_answer` WHERE ( 1=1 AND qid='14' ) ORDER BY aorder asc  [ RunTime:0.0002s ]
SQL: SELECT * FROM `es_answer` WHERE ( 1=1 AND qid='15' ) ORDER BY aorder asc  [ RunTime:0.0002s ]
SQL: SELECT * FROM `es_answer` WHERE ( 1=1 AND qid='16' ) ORDER BY aorder asc  [ RunTime:0.0002s ]
SQL: SELECT * FROM `es_answer` WHERE ( 1=1 AND qid='17' ) ORDER BY aorder asc  [ RunTime:0.0002s ]
SQL: SELECT * FROM `es_answer` WHERE ( 1=1 AND qid='18' ) ORDER BY aorder asc  [ RunTime:0.0002s ]
SQL: SELECT * FROM `es_answer` WHERE ( 1=1 AND qid='19' ) ORDER BY aorder asc  [ RunTime:0.0002s ]
SQL: SELECT * FROM `es_answer` WHERE ( 1=1 AND qid='20' ) ORDER BY aorder asc  [ RunTime:0.0002s ]
SQL: SELECT * FROM `es_question` WHERE ( 1=1 AND gid='2' ) ORDER BY qorder asc  [ RunTime:0.0003s ]
SQL: SELECT * FROM `es_answer` WHERE ( 1=1 AND qid='21' ) ORDER BY aorder asc  [ RunTime:0.0003s ]
SQL: SELECT * FROM `es_answer` WHERE ( 1=1 AND qid='22' ) ORDER BY aorder asc  [ RunTime:0.0003s ]
SQL: SELECT * FROM `es_answer` WHERE ( 1=1 AND qid='23' ) ORDER BY aorder asc  [ RunTime:0.0002s ]
SQL: SELECT * FROM `es_answer` WHERE ( 1=1 AND qid='24' ) ORDER BY aorder asc  [ RunTime:0.0002s ]
SQL: SELECT * FROM `es_answer` WHERE ( 1=1 AND qid='25' ) ORDER BY aorder asc  [ RunTime:0.0002s ]
SQL: SELECT * FROM `es_answer` WHERE ( 1=1 AND qid='26' ) ORDER BY aorder asc  [ RunTime:0.0002s ]
SQL: SELECT * FROM `es_question` WHERE ( 1=1 AND gid='3' ) ORDER BY qorder asc  [ RunTime:0.0002s ]
SQL: SELECT * FROM `es_answer` WHERE ( 1=1 AND qid='27' ) ORDER BY aorder asc  [ RunTime:0.0002s ]
SQL: SELECT * FROM `es_answer` WHERE ( 1=1 AND qid='28' ) ORDER BY aorder asc  [ RunTime:0.0002s ]
SQL: SELECT * FROM `es_answer` WHERE ( 1=1 AND qid='29' ) ORDER BY aorder asc  [ RunTime:0.0002s ]
SQL: SELECT * FROM `es_question` WHERE ( 1=1 AND gid='4' ) ORDER BY qorder asc  [ RunTime:0.0002s ]
SQL: SELECT * FROM `es_answer` WHERE ( 1=1 AND qid='30' ) ORDER BY aorder asc  [ RunTime:0.0002s ]
SQL: SELECT * FROM `es_answer` WHERE ( 1=1 AND qid='31' ) ORDER BY aorder asc  [ RunTime:0.0002s ]
SQL: SELECT * FROM `es_answer` WHERE ( 1=1 AND qid='32' ) ORDER BY aorder asc  [ RunTime:0.0002s ]
INFO: [ view_parse ] --START--
INFO: [ template_filter ] --START--
INFO: Run Behavior\ContentReplaceBehavior [ RunTime:0.000129s ]
INFO: [ template_filter ] --END-- [ RunTime:0.000211s ]
NOTIC: [8] Undefined variable: ac_index D:\Lanseria\Documents\php\Examination_System\Application\Runtime\Cache\Home\4f0c85419bc2b7d14612bdf79a46f1c6.php 第 61 行.
NOTIC: [8] Undefined variable: ac_about D:\Lanseria\Documents\php\Examination_System\Application\Runtime\Cache\Home\4f0c85419bc2b7d14612bdf79a46f1c6.php 第 62 行.
NOTIC: [8] Undefined variable: ac_custom D:\Lanseria\Documents\php\Examination_System\Application\Runtime\Cache\Home\4f0c85419bc2b7d14612bdf79a46f1c6.php 第 63 行.
NOTIC: [8] Undefined variable: ac_questionbank D:\Lanseria\Documents\php\Examination_System\Application\Runtime\Cache\Home\4f0c85419bc2b7d14612bdf79a46f1c6.php 第 64 行.
NOTIC: [8] Undefined variable: ac_resultbank D:\Lanseria\Documents\php\Examination_System\Application\Runtime\Cache\Home\4f0c85419bc2b7d14612bdf79a46f1c6.php 第 65 行.
NOTIC: [8] Undefined variable: ac_contact D:\Lanseria\Documents\php\Examination_System\Application\Runtime\Cache\Home\4f0c85419bc2b7d14612bdf79a46f1c6.php 第 66 行.
NOTIC: [8] Undefined variable: ac_index D:\Lanseria\Documents\php\Examination_System\Application\Runtime\Cache\Home\4f0c85419bc2b7d14612bdf79a46f1c6.php 第 77 行.
NOTIC: [8] Undefined variable: ac_about D:\Lanseria\Documents\php\Examination_System\Application\Runtime\Cache\Home\4f0c85419bc2b7d14612bdf79a46f1c6.php 第 78 行.
NOTIC: [8] Undefined variable: ac_custom D:\Lanseria\Documents\php\Examination_System\Application\Runtime\Cache\Home\4f0c85419bc2b7d14612bdf79a46f1c6.php 第 79 行.
NOTIC: [8] Undefined variable: ac_questionbank D:\Lanseria\Documents\php\Examination_System\Application\Runtime\Cache\Home\4f0c85419bc2b7d14612bdf79a46f1c6.php 第 80 行.
NOTIC: [8] Undefined variable: ac_contact D:\Lanseria\Documents\php\Examination_System\Application\Runtime\Cache\Home\4f0c85419bc2b7d14612bdf79a46f1c6.php 第 81 行.
NOTIC: [8] Use of undefined constant answer - assumed 'answer' D:\Lanseria\Documents\php\Examination_System\Application\Runtime\Cache\Home\4f0c85419bc2b7d14612bdf79a46f1c6.php 第 149 行.
NOTIC: [8] Use of undefined constant answer - assumed 'answer' D:\Lanseria\Documents\php\Examination_System\Application\Runtime\Cache\Home\4f0c85419bc2b7d14612bdf79a46f1c6.php 第 149 行.
NOTIC: [8] Use of undefined constant answer - assumed 'answer' D:\Lanseria\Documents\php\Examination_System\Application\Runtime\Cache\Home\4f0c85419bc2b7d14612bdf79a46f1c6.php 第 149 行.
NOTIC: [8] Use of undefined constant answer - assumed 'answer' D:\Lanseria\Documents\php\Examination_System\Application\Runtime\Cache\Home\4f0c85419bc2b7d14612bdf79a46f1c6.php 第 149 行.
INFO: Run Behavior\ParseTemplateBehavior [ RunTime:0.068712s ]
INFO: [ view_parse ] --END-- [ RunTime:0.068775s ]
INFO: [ view_filter ] --START--
INFO: Run Behavior\WriteHtmlCacheBehavior [ RunTime:0.000554s ]
INFO: [ view_filter ] --END-- [ RunTime:0.000602s ]
INFO: [ app_end ] --START--
INFO: Run Behavior\ShowPageTraceBehavior [ RunTime:0.000470s ]
INFO: [ app_end ] --END-- [ RunTime:0.000513s ]

