[ 2016-08-02T00:06:58+08:00 ] 127.0.0.1 /Dashboard/Es/Cgtype/?eid=1
INFO: [ app_init ] --START--
INFO: Run Behavior\BuildLiteBehavior [ RunTime:0.000022s ]
INFO: [ app_init ] --END-- [ RunTime:0.000317s ]
INFO: [ app_begin ] --START--
INFO: Run Behavior\ReadHtmlCacheBehavior [ RunTime:0.000456s ]
INFO: [ app_begin ] --END-- [ RunTime:0.000509s ]
SQL: SHOW COLUMNS FROM `es_user` [ RunTime:0.0028s ]
SQL: SELECT * FROM `es_user` WHERE `uid` = 1  [ RunTime:0.0003s ]
SQL: SHOW COLUMNS FROM `es_exam` [ RunTime:0.0026s ]
SQL: SELECT * FROM `es_exam` WHERE `eid` = 1  [ RunTime:0.0003s ]
INFO: [ view_parse ] --START--
INFO: [ template_filter ] --START--
INFO: Run Behavior\ContentReplaceBehavior [ RunTime:0.000160s ]
INFO: [ template_filter ] --END-- [ RunTime:0.000206s ]
NOTIC: [8] Undefined variable: StartTag1 D:\Lanseria\Documents\php\Examination_System\Application\Runtime\Cache\Dashboard\bec79766c0ef8a13a378c070fbba9316.php 第 126 行.
NOTIC: [8] Undefined variable: StartTag3 D:\Lanseria\Documents\php\Examination_System\Application\Runtime\Cache\Dashboard\bec79766c0ef8a13a378c070fbba9316.php 第 138 行.
NOTIC: [8] Undefined variable: StartTag4 D:\Lanseria\Documents\php\Examination_System\Application\Runtime\Cache\Dashboard\bec79766c0ef8a13a378c070fbba9316.php 第 144 行.
NOTIC: [8] Undefined variable: fac D:\Lanseria\Documents\php\Examination_System\Application\Runtime\Cache\Dashboard\bec79766c0ef8a13a378c070fbba9316.php 第 153 行.
NOTIC: [8] Undefined variable: aac D:\Lanseria\Documents\php\Examination_System\Application\Runtime\Cache\Dashboard\bec79766c0ef8a13a378c070fbba9316.php 第 160 行.
NOTIC: [8] Undefined variable: aac D:\Lanseria\Documents\php\Examination_System\Application\Runtime\Cache\Dashboard\bec79766c0ef8a13a378c070fbba9316.php 第 193 行.
NOTIC: [8] Undefined variable: aac D:\Lanseria\Documents\php\Examination_System\Application\Runtime\Cache\Dashboard\bec79766c0ef8a13a378c070fbba9316.php 第 199 行.
NOTIC: [8] Undefined variable: exam D:\Lanseria\Documents\php\Examination_System\Application\Runtime\Cache\Dashboard\bec79766c0ef8a13a378c070fbba9316.php 第 261 行.
INFO: Run Behavior\ParseTemplateBehavior [ RunTime:0.011594s ]
INFO: [ view_parse ] --END-- [ RunTime:0.011649s ]
INFO: [ view_filter ] --START--
INFO: Run Behavior\WriteHtmlCacheBehavior [ RunTime:0.000316s ]
INFO: [ view_filter ] --END-- [ RunTime:0.000350s ]
INFO: [ app_end ] --START--
INFO: Run Behavior\ShowPageTraceBehavior [ RunTime:0.000689s ]
INFO: [ app_end ] --END-- [ RunTime:0.000736s ]

[ 2016-08-02T00:07:05+08:00 ] 127.0.0.1 /Dashboard/Es/Cgtype/?eid=1
INFO: [ app_init ] --START--
INFO: Run Behavior\BuildLiteBehavior [ RunTime:0.000029s ]
INFO: [ app_init ] --END-- [ RunTime:0.000637s ]
INFO: [ app_begin ] --START--
INFO: Run Behavior\ReadHtmlCacheBehavior [ RunTime:0.000466s ]
INFO: [ app_begin ] --END-- [ RunTime:0.000520s ]
SQL: SHOW COLUMNS FROM `es_user` [ RunTime:0.0033s ]
SQL: SELECT * FROM `es_user` WHERE `uid` = 1  [ RunTime:0.0004s ]
ERR: 1146:Table 'es.es_group' doesn't exist
 [ SQL语句 ] : SHOW COLUMNS FROM `es_group`
ERR: 1146:Table 'es.es_group' doesn't exist
 [ SQL语句 ] : SHOW COLUMNS FROM `es_group`

[ 2016-08-02T00:07:41+08:00 ] 127.0.0.1 /Dashboard/Es/Cgtype/?eid=1
INFO: [ app_init ] --START--
INFO: Run Behavior\BuildLiteBehavior [ RunTime:0.000019s ]
INFO: [ app_init ] --END-- [ RunTime:0.000327s ]
INFO: [ app_begin ] --START--
INFO: Run Behavior\ReadHtmlCacheBehavior [ RunTime:0.000660s ]
INFO: [ app_begin ] --END-- [ RunTime:0.000777s ]
SQL: SHOW COLUMNS FROM `es_user` [ RunTime:0.0027s ]
SQL: SELECT * FROM `es_user` WHERE `uid` = 1  [ RunTime:0.0003s ]
SQL: SHOW COLUMNS FROM `es_exam` [ RunTime:0.0051s ]
SQL: SELECT * FROM `es_exam` WHERE `eid` = 1  [ RunTime:0.0003s ]
INFO: [ view_parse ] --START--
INFO: [ template_filter ] --START--
INFO: Run Behavior\ContentReplaceBehavior [ RunTime:0.000162s ]
INFO: [ template_filter ] --END-- [ RunTime:0.000205s ]
NOTIC: [8] Undefined variable: StartTag1 D:\Lanseria\Documents\php\Examination_System\Application\Runtime\Cache\Dashboard\bec79766c0ef8a13a378c070fbba9316.php 第 126 行.
NOTIC: [8] Undefined variable: StartTag3 D:\Lanseria\Documents\php\Examination_System\Application\Runtime\Cache\Dashboard\bec79766c0ef8a13a378c070fbba9316.php 第 138 行.
NOTIC: [8] Undefined variable: StartTag4 D:\Lanseria\Documents\php\Examination_System\Application\Runtime\Cache\Dashboard\bec79766c0ef8a13a378c070fbba9316.php 第 144 行.
NOTIC: [8] Undefined variable: fac D:\Lanseria\Documents\php\Examination_System\Application\Runtime\Cache\Dashboard\bec79766c0ef8a13a378c070fbba9316.php 第 153 行.
NOTIC: [8] Undefined variable: aac D:\Lanseria\Documents\php\Examination_System\Application\Runtime\Cache\Dashboard\bec79766c0ef8a13a378c070fbba9316.php 第 160 行.
NOTIC: [8] Undefined variable: aac D:\Lanseria\Documents\php\Examination_System\Application\Runtime\Cache\Dashboard\bec79766c0ef8a13a378c070fbba9316.php 第 193 行.
NOTIC: [8] Undefined variable: aac D:\Lanseria\Documents\php\Examination_System\Application\Runtime\Cache\Dashboard\bec79766c0ef8a13a378c070fbba9316.php 第 199 行.
NOTIC: [8] Undefined variable: exam D:\Lanseria\Documents\php\Examination_System\Application\Runtime\Cache\Dashboard\bec79766c0ef8a13a378c070fbba9316.php 第 261 行.
INFO: Run Behavior\ParseTemplateBehavior [ RunTime:0.009853s ]
INFO: [ view_parse ] --END-- [ RunTime:0.009959s ]
INFO: [ view_filter ] --START--
INFO: Run Behavior\WriteHtmlCacheBehavior [ RunTime:0.000440s ]
INFO: [ view_filter ] --END-- [ RunTime:0.000489s ]
INFO: [ app_end ] --START--
INFO: Run Behavior\ShowPageTraceBehavior [ RunTime:0.000728s ]
INFO: [ app_end ] --END-- [ RunTime:0.000818s ]

[ 2016-08-02T00:07:46+08:00 ] 127.0.0.1 /Dashboard/Es/Cgtype/?eid=1
INFO: [ app_init ] --START--
INFO: Run Behavior\BuildLiteBehavior [ RunTime:0.000022s ]
INFO: [ app_init ] --END-- [ RunTime:0.000512s ]
INFO: [ app_begin ] --START--
INFO: Run Behavior\ReadHtmlCacheBehavior [ RunTime:0.000919s ]
INFO: [ app_begin ] --END-- [ RunTime:0.001028s ]
SQL: SHOW COLUMNS FROM `es_user` [ RunTime:0.0038s ]
SQL: SELECT * FROM `es_user` WHERE `uid` = 1  [ RunTime:0.0002s ]
SQL: SHOW COLUMNS FROM `es_groups` [ RunTime:0.0024s ]
NOTIC: [8] Undefined index: validate D:\Lanseria\Documents\php\Examination_System\ThinkPHP\Library\Think\Model.class.php 第 1185 行.
INFO: [ view_parse ] --START--
INFO: [ template_filter ] --START--
INFO: Run Behavior\ContentReplaceBehavior [ RunTime:0.000031s ]
INFO: [ template_filter ] --END-- [ RunTime:0.000066s ]
INFO: Run Behavior\ParseTemplateBehavior [ RunTime:0.003901s ]
INFO: [ view_parse ] --END-- [ RunTime:0.003942s ]
INFO: [ view_filter ] --START--
INFO: Run Behavior\WriteHtmlCacheBehavior [ RunTime:0.000367s ]
INFO: [ view_filter ] --END-- [ RunTime:0.000415s ]

[ 2016-08-02T00:07:49+08:00 ] 127.0.0.1 /Dashboard/Es/Cgtype/3
INFO: [ app_init ] --START--
INFO: Run Behavior\BuildLiteBehavior [ RunTime:0.000014s ]
INFO: [ app_init ] --END-- [ RunTime:0.000339s ]
INFO: [ app_begin ] --START--
INFO: Run Behavior\ReadHtmlCacheBehavior [ RunTime:0.000588s ]
INFO: [ app_begin ] --END-- [ RunTime:0.000650s ]
SQL: SHOW COLUMNS FROM `es_user` [ RunTime:0.0030s ]
SQL: SELECT * FROM `es_user` WHERE `uid` = 1  [ RunTime:0.0003s ]
SQL: SHOW COLUMNS FROM `es_exam` [ RunTime:0.0028s ]
SQL: SELECT * FROM `es_exam`  [ RunTime:0.0002s ]
INFO: [ view_parse ] --START--
INFO: [ template_filter ] --START--
INFO: Run Behavior\ContentReplaceBehavior [ RunTime:0.000144s ]
INFO: [ template_filter ] --END-- [ RunTime:0.000188s ]
NOTIC: [8] Undefined variable: StartTag1 D:\Lanseria\Documents\php\Examination_System\Application\Runtime\Cache\Dashboard\bec79766c0ef8a13a378c070fbba9316.php 第 126 行.
NOTIC: [8] Undefined variable: StartTag3 D:\Lanseria\Documents\php\Examination_System\Application\Runtime\Cache\Dashboard\bec79766c0ef8a13a378c070fbba9316.php 第 138 行.
NOTIC: [8] Undefined variable: StartTag4 D:\Lanseria\Documents\php\Examination_System\Application\Runtime\Cache\Dashboard\bec79766c0ef8a13a378c070fbba9316.php 第 144 行.
NOTIC: [8] Undefined variable: fac D:\Lanseria\Documents\php\Examination_System\Application\Runtime\Cache\Dashboard\bec79766c0ef8a13a378c070fbba9316.php 第 153 行.
NOTIC: [8] Undefined variable: aac D:\Lanseria\Documents\php\Examination_System\Application\Runtime\Cache\Dashboard\bec79766c0ef8a13a378c070fbba9316.php 第 160 行.
NOTIC: [8] Undefined variable: aac D:\Lanseria\Documents\php\Examination_System\Application\Runtime\Cache\Dashboard\bec79766c0ef8a13a378c070fbba9316.php 第 193 行.
NOTIC: [8] Undefined variable: aac D:\Lanseria\Documents\php\Examination_System\Application\Runtime\Cache\Dashboard\bec79766c0ef8a13a378c070fbba9316.php 第 199 行.
INFO: Run Behavior\ParseTemplateBehavior [ RunTime:0.011070s ]
INFO: [ view_parse ] --END-- [ RunTime:0.011115s ]
INFO: [ view_filter ] --START--
INFO: Run Behavior\WriteHtmlCacheBehavior [ RunTime:0.000366s ]
INFO: [ view_filter ] --END-- [ RunTime:0.000398s ]
INFO: [ app_end ] --START--
INFO: Run Behavior\ShowPageTraceBehavior [ RunTime:0.000783s ]
INFO: [ app_end ] --END-- [ RunTime:0.000864s ]

