[ 2016-09-22T00:01:41+08:00 ] 127.0.0.1 /Dashboard/Muser/index.html
INFO: [ app_init ] --START--
INFO: Run Behavior\BuildLiteBehavior [ RunTime:0.000018s ]
INFO: [ app_init ] --END-- [ RunTime:0.000545s ]
INFO: [ app_begin ] --START--
INFO: Run Behavior\ReadHtmlCacheBehavior [ RunTime:0.000611s ]
INFO: [ app_begin ] --END-- [ RunTime:0.000658s ]
SQL: SHOW COLUMNS FROM `es_user` [ RunTime:0.0009s ]
SQL: SELECT * FROM `es_user` WHERE `uid` = 1  [ RunTime:0.0011s ]
INFO: [ view_parse ] --START--
INFO: [ template_filter ] --START--
INFO: Run Behavior\ContentReplaceBehavior [ RunTime:0.000115s ]
INFO: [ template_filter ] --END-- [ RunTime:0.000173s ]
NOTIC: [8] Undefined variable: StartTag D:\Lanseria\Documents\php\Examination_System\Application\Runtime\Cache\Dashboard\f36694a400d2164f3ef092b11b680da2.php 第 120 行.
NOTIC: [8] Undefined variable: StartTag1 D:\Lanseria\Documents\php\Examination_System\Application\Runtime\Cache\Dashboard\f36694a400d2164f3ef092b11b680da2.php 第 127 行.
NOTIC: [8] Undefined variable: StartTag2 D:\Lanseria\Documents\php\Examination_System\Application\Runtime\Cache\Dashboard\f36694a400d2164f3ef092b11b680da2.php 第 133 行.
NOTIC: [8] Undefined variable: StartTag3 D:\Lanseria\Documents\php\Examination_System\Application\Runtime\Cache\Dashboard\f36694a400d2164f3ef092b11b680da2.php 第 139 行.
NOTIC: [8] Undefined variable: StartTag4 D:\Lanseria\Documents\php\Examination_System\Application\Runtime\Cache\Dashboard\f36694a400d2164f3ef092b11b680da2.php 第 145 行.
NOTIC: [8] Undefined variable: ExploreExam D:\Lanseria\Documents\php\Examination_System\Application\Runtime\Cache\Dashboard\f36694a400d2164f3ef092b11b680da2.php 第 154 行.
NOTIC: [8] Undefined variable: aac D:\Lanseria\Documents\php\Examination_System\Application\Runtime\Cache\Dashboard\f36694a400d2164f3ef092b11b680da2.php 第 161 行.
NOTIC: [8] Undefined variable: Manaexam D:\Lanseria\Documents\php\Examination_System\Application\Runtime\Cache\Dashboard\f36694a400d2164f3ef092b11b680da2.php 第 194 行.
INFO: Run Behavior\ParseTemplateBehavior [ RunTime:0.011009s ]
INFO: [ view_parse ] --END-- [ RunTime:0.011072s ]
INFO: [ view_filter ] --START--
INFO: Run Behavior\WriteHtmlCacheBehavior [ RunTime:0.000486s ]
INFO: [ view_filter ] --END-- [ RunTime:0.000533s ]
INFO: [ app_end ] --START--
INFO: Run Behavior\ShowPageTraceBehavior [ RunTime:0.000808s ]
INFO: [ app_end ] --END-- [ RunTime:0.000885s ]

[ 2016-09-22T00:02:51+08:00 ] 127.0.0.1 /Dashboard/Manaexam/index.html
INFO: [ app_init ] --START--
INFO: Run Behavior\BuildLiteBehavior [ RunTime:0.000012s ]
INFO: [ app_init ] --END-- [ RunTime:0.000312s ]
INFO: [ app_begin ] --START--
INFO: Run Behavior\ReadHtmlCacheBehavior [ RunTime:0.000499s ]
INFO: [ app_begin ] --END-- [ RunTime:0.000542s ]
SQL: SHOW COLUMNS FROM `es_user` [ RunTime:0.0010s ]
SQL: SELECT * FROM `es_user` WHERE `uid` = 1  [ RunTime:0.0005s ]
SQL: SHOW COLUMNS FROM `es_exam` [ RunTime:0.0008s ]
SQL: SELECT * FROM `es_exam` WHERE `euid` = 1  [ RunTime:0.0003s ]
INFO: [ view_parse ] --START--
INFO: [ template_filter ] --START--
INFO: Run Behavior\ContentReplaceBehavior [ RunTime:0.000163s ]
INFO: [ template_filter ] --END-- [ RunTime:0.000234s ]
NOTIC: [8] Undefined variable: StartTag D:\Lanseria\Documents\php\Examination_System\Application\Runtime\Cache\Dashboard\dc81fa9a87fd98640464800281d384d6.php 第 120 行.
NOTIC: [8] Undefined variable: StartTag1 D:\Lanseria\Documents\php\Examination_System\Application\Runtime\Cache\Dashboard\dc81fa9a87fd98640464800281d384d6.php 第 127 行.
NOTIC: [8] Undefined variable: StartTag2 D:\Lanseria\Documents\php\Examination_System\Application\Runtime\Cache\Dashboard\dc81fa9a87fd98640464800281d384d6.php 第 133 行.
NOTIC: [8] Undefined variable: StartTag3 D:\Lanseria\Documents\php\Examination_System\Application\Runtime\Cache\Dashboard\dc81fa9a87fd98640464800281d384d6.php 第 139 行.
NOTIC: [8] Undefined variable: StartTag4 D:\Lanseria\Documents\php\Examination_System\Application\Runtime\Cache\Dashboard\dc81fa9a87fd98640464800281d384d6.php 第 145 行.
NOTIC: [8] Undefined variable: ExploreExam D:\Lanseria\Documents\php\Examination_System\Application\Runtime\Cache\Dashboard\dc81fa9a87fd98640464800281d384d6.php 第 154 行.
NOTIC: [8] Undefined variable: aac D:\Lanseria\Documents\php\Examination_System\Application\Runtime\Cache\Dashboard\dc81fa9a87fd98640464800281d384d6.php 第 161 行.
NOTIC: [8] Undefined variable: Muser D:\Lanseria\Documents\php\Examination_System\Application\Runtime\Cache\Dashboard\dc81fa9a87fd98640464800281d384d6.php 第 200 行.
INFO: Run Behavior\ParseTemplateBehavior [ RunTime:0.009467s ]
INFO: [ view_parse ] --END-- [ RunTime:0.009543s ]
INFO: [ view_filter ] --START--
INFO: Run Behavior\WriteHtmlCacheBehavior [ RunTime:0.000775s ]
INFO: [ view_filter ] --END-- [ RunTime:0.000857s ]
INFO: [ app_end ] --START--
INFO: Run Behavior\ShowPageTraceBehavior [ RunTime:0.001740s ]
INFO: [ app_end ] --END-- [ RunTime:0.001959s ]

[ 2016-09-22T00:02:53+08:00 ] 127.0.0.1 /Dashboard/Vexam/index.html
INFO: [ app_init ] --START--
INFO: Run Behavior\BuildLiteBehavior [ RunTime:0.000012s ]
INFO: [ app_init ] --END-- [ RunTime:0.000326s ]
INFO: [ app_begin ] --START--
INFO: Run Behavior\ReadHtmlCacheBehavior [ RunTime:0.000704s ]
INFO: [ app_begin ] --END-- [ RunTime:0.000763s ]
SQL: SHOW COLUMNS FROM `es_user` [ RunTime:0.0007s ]
SQL: SELECT * FROM `es_user` WHERE `uid` = 1  [ RunTime:0.0002s ]
SQL: SHOW COLUMNS FROM `es_exam` [ RunTime:0.0005s ]
SQL: SELECT * FROM `es_exam`  [ RunTime:0.0002s ]
INFO: [ view_parse ] --START--
INFO: [ template_filter ] --START--
INFO: Run Behavior\ContentReplaceBehavior [ RunTime:0.000131s ]
INFO: [ template_filter ] --END-- [ RunTime:0.000189s ]
NOTIC: [8] Undefined variable: StartTag D:\Lanseria\Documents\php\Examination_System\Application\Runtime\Cache\Dashboard\6b5ab1fc1dc3a7687c0e88bec1029ee5.php 第 120 行.
NOTIC: [8] Undefined variable: StartTag1 D:\Lanseria\Documents\php\Examination_System\Application\Runtime\Cache\Dashboard\6b5ab1fc1dc3a7687c0e88bec1029ee5.php 第 127 行.
NOTIC: [8] Undefined variable: StartTag2 D:\Lanseria\Documents\php\Examination_System\Application\Runtime\Cache\Dashboard\6b5ab1fc1dc3a7687c0e88bec1029ee5.php 第 133 行.
NOTIC: [8] Undefined variable: StartTag3 D:\Lanseria\Documents\php\Examination_System\Application\Runtime\Cache\Dashboard\6b5ab1fc1dc3a7687c0e88bec1029ee5.php 第 139 行.
NOTIC: [8] Undefined variable: StartTag4 D:\Lanseria\Documents\php\Examination_System\Application\Runtime\Cache\Dashboard\6b5ab1fc1dc3a7687c0e88bec1029ee5.php 第 145 行.
NOTIC: [8] Undefined variable: aac D:\Lanseria\Documents\php\Examination_System\Application\Runtime\Cache\Dashboard\6b5ab1fc1dc3a7687c0e88bec1029ee5.php 第 161 行.
NOTIC: [8] Undefined variable: Manaexam D:\Lanseria\Documents\php\Examination_System\Application\Runtime\Cache\Dashboard\6b5ab1fc1dc3a7687c0e88bec1029ee5.php 第 194 行.
NOTIC: [8] Undefined variable: Muser D:\Lanseria\Documents\php\Examination_System\Application\Runtime\Cache\Dashboard\6b5ab1fc1dc3a7687c0e88bec1029ee5.php 第 200 行.
NOTIC: [8] Undefined variable: eid D:\Lanseria\Documents\php\Examination_System\Application\Runtime\Cache\Dashboard\6b5ab1fc1dc3a7687c0e88bec1029ee5.php 第 303 行.
INFO: Run Behavior\ParseTemplateBehavior [ RunTime:0.010095s ]
INFO: [ view_parse ] --END-- [ RunTime:0.010152s ]
INFO: [ view_filter ] --START--
INFO: Run Behavior\WriteHtmlCacheBehavior [ RunTime:0.000989s ]
INFO: [ view_filter ] --END-- [ RunTime:0.001058s ]
INFO: [ app_end ] --START--
INFO: Run Behavior\ShowPageTraceBehavior [ RunTime:0.000875s ]
INFO: [ app_end ] --END-- [ RunTime:0.000969s ]

[ 2016-09-22T00:02:55+08:00 ] 127.0.0.1 /Dashboard/Manaexam/index.html
INFO: [ app_init ] --START--
INFO: Run Behavior\BuildLiteBehavior [ RunTime:0.000012s ]
INFO: [ app_init ] --END-- [ RunTime:0.000285s ]
INFO: [ app_begin ] --START--
INFO: Run Behavior\ReadHtmlCacheBehavior [ RunTime:0.000797s ]
INFO: [ app_begin ] --END-- [ RunTime:0.000877s ]
SQL: SHOW COLUMNS FROM `es_user` [ RunTime:0.0007s ]
SQL: SELECT * FROM `es_user` WHERE `uid` = 1  [ RunTime:0.0003s ]
SQL: SHOW COLUMNS FROM `es_exam` [ RunTime:0.0011s ]
SQL: SELECT * FROM `es_exam` WHERE `euid` = 1  [ RunTime:0.0005s ]
INFO: [ view_parse ] --START--
INFO: [ template_filter ] --START--
INFO: Run Behavior\ContentReplaceBehavior [ RunTime:0.000115s ]
INFO: [ template_filter ] --END-- [ RunTime:0.000177s ]
NOTIC: [8] Undefined variable: StartTag D:\Lanseria\Documents\php\Examination_System\Application\Runtime\Cache\Dashboard\dc81fa9a87fd98640464800281d384d6.php 第 120 行.
NOTIC: [8] Undefined variable: StartTag1 D:\Lanseria\Documents\php\Examination_System\Application\Runtime\Cache\Dashboard\dc81fa9a87fd98640464800281d384d6.php 第 127 行.
NOTIC: [8] Undefined variable: StartTag2 D:\Lanseria\Documents\php\Examination_System\Application\Runtime\Cache\Dashboard\dc81fa9a87fd98640464800281d384d6.php 第 133 行.
NOTIC: [8] Undefined variable: StartTag3 D:\Lanseria\Documents\php\Examination_System\Application\Runtime\Cache\Dashboard\dc81fa9a87fd98640464800281d384d6.php 第 139 行.
NOTIC: [8] Undefined variable: StartTag4 D:\Lanseria\Documents\php\Examination_System\Application\Runtime\Cache\Dashboard\dc81fa9a87fd98640464800281d384d6.php 第 145 行.
NOTIC: [8] Undefined variable: ExploreExam D:\Lanseria\Documents\php\Examination_System\Application\Runtime\Cache\Dashboard\dc81fa9a87fd98640464800281d384d6.php 第 154 行.
NOTIC: [8] Undefined variable: aac D:\Lanseria\Documents\php\Examination_System\Application\Runtime\Cache\Dashboard\dc81fa9a87fd98640464800281d384d6.php 第 161 行.
NOTIC: [8] Undefined variable: Muser D:\Lanseria\Documents\php\Examination_System\Application\Runtime\Cache\Dashboard\dc81fa9a87fd98640464800281d384d6.php 第 200 行.
INFO: Run Behavior\ParseTemplateBehavior [ RunTime:0.014541s ]
INFO: [ view_parse ] --END-- [ RunTime:0.014605s ]
INFO: [ view_filter ] --START--
INFO: Run Behavior\WriteHtmlCacheBehavior [ RunTime:0.000495s ]
INFO: [ view_filter ] --END-- [ RunTime:0.000540s ]
INFO: [ app_end ] --START--
INFO: Run Behavior\ShowPageTraceBehavior [ RunTime:0.000892s ]
INFO: [ app_end ] --END-- [ RunTime:0.000965s ]

[ 2016-09-22T00:02:59+08:00 ] 127.0.0.1 /Dashboard/Muser/index.html
INFO: [ app_init ] --START--
INFO: Run Behavior\BuildLiteBehavior [ RunTime:0.000011s ]
INFO: [ app_init ] --END-- [ RunTime:0.000269s ]
INFO: [ app_begin ] --START--
INFO: Run Behavior\ReadHtmlCacheBehavior [ RunTime:0.000421s ]
INFO: [ app_begin ] --END-- [ RunTime:0.000458s ]
SQL: SHOW COLUMNS FROM `es_user` [ RunTime:0.0007s ]
SQL: SELECT * FROM `es_user` WHERE `uid` = 1  [ RunTime:0.0003s ]
INFO: [ view_parse ] --START--
INFO: [ template_filter ] --START--
INFO: Run Behavior\ContentReplaceBehavior [ RunTime:0.000148s ]
INFO: [ template_filter ] --END-- [ RunTime:0.000200s ]
NOTIC: [8] Undefined variable: StartTag D:\Lanseria\Documents\php\Examination_System\Application\Runtime\Cache\Dashboard\f36694a400d2164f3ef092b11b680da2.php 第 120 行.
NOTIC: [8] Undefined variable: StartTag1 D:\Lanseria\Documents\php\Examination_System\Application\Runtime\Cache\Dashboard\f36694a400d2164f3ef092b11b680da2.php 第 127 行.
NOTIC: [8] Undefined variable: StartTag2 D:\Lanseria\Documents\php\Examination_System\Application\Runtime\Cache\Dashboard\f36694a400d2164f3ef092b11b680da2.php 第 133 行.
NOTIC: [8] Undefined variable: StartTag3 D:\Lanseria\Documents\php\Examination_System\Application\Runtime\Cache\Dashboard\f36694a400d2164f3ef092b11b680da2.php 第 139 行.
NOTIC: [8] Undefined variable: StartTag4 D:\Lanseria\Documents\php\Examination_System\Application\Runtime\Cache\Dashboard\f36694a400d2164f3ef092b11b680da2.php 第 145 行.
NOTIC: [8] Undefined variable: ExploreExam D:\Lanseria\Documents\php\Examination_System\Application\Runtime\Cache\Dashboard\f36694a400d2164f3ef092b11b680da2.php 第 154 行.
NOTIC: [8] Undefined variable: aac D:\Lanseria\Documents\php\Examination_System\Application\Runtime\Cache\Dashboard\f36694a400d2164f3ef092b11b680da2.php 第 161 行.
NOTIC: [8] Undefined variable: Manaexam D:\Lanseria\Documents\php\Examination_System\Application\Runtime\Cache\Dashboard\f36694a400d2164f3ef092b11b680da2.php 第 194 行.
INFO: Run Behavior\ParseTemplateBehavior [ RunTime:0.007692s ]
INFO: [ view_parse ] --END-- [ RunTime:0.007739s ]
INFO: [ view_filter ] --START--
INFO: Run Behavior\WriteHtmlCacheBehavior [ RunTime:0.000360s ]
INFO: [ view_filter ] --END-- [ RunTime:0.000392s ]
INFO: [ app_end ] --START--
INFO: Run Behavior\ShowPageTraceBehavior [ RunTime:0.000816s ]
INFO: [ app_end ] --END-- [ RunTime:0.000931s ]

[ 2016-09-22T00:08:14+08:00 ] 127.0.0.1 /Dashboard/Vexam/index.html
INFO: [ app_init ] --START--
INFO: Run Behavior\BuildLiteBehavior [ RunTime:0.000011s ]
INFO: [ app_init ] --END-- [ RunTime:0.000311s ]
INFO: [ app_begin ] --START--
INFO: Run Behavior\ReadHtmlCacheBehavior [ RunTime:0.000512s ]
INFO: [ app_begin ] --END-- [ RunTime:0.000559s ]
SQL: SHOW COLUMNS FROM `es_user` [ RunTime:0.0014s ]
SQL: SELECT * FROM `es_user` WHERE `uid` = 1  [ RunTime:0.0006s ]
SQL: SHOW COLUMNS FROM `es_exam` [ RunTime:0.0021s ]
SQL: SELECT * FROM `es_exam`  [ RunTime:0.0007s ]
INFO: [ view_parse ] --START--
INFO: [ template_filter ] --START--
INFO: Run Behavior\ContentReplaceBehavior [ RunTime:0.000306s ]
INFO: [ template_filter ] --END-- [ RunTime:0.000406s ]
NOTIC: [8] Undefined variable: StartTag D:\Lanseria\Documents\php\Examination_System\Application\Runtime\Cache\Dashboard\6b5ab1fc1dc3a7687c0e88bec1029ee5.php 第 120 行.
NOTIC: [8] Undefined variable: StartTag1 D:\Lanseria\Documents\php\Examination_System\Application\Runtime\Cache\Dashboard\6b5ab1fc1dc3a7687c0e88bec1029ee5.php 第 127 行.
NOTIC: [8] Undefined variable: StartTag2 D:\Lanseria\Documents\php\Examination_System\Application\Runtime\Cache\Dashboard\6b5ab1fc1dc3a7687c0e88bec1029ee5.php 第 133 行.
NOTIC: [8] Undefined variable: StartTag3 D:\Lanseria\Documents\php\Examination_System\Application\Runtime\Cache\Dashboard\6b5ab1fc1dc3a7687c0e88bec1029ee5.php 第 139 行.
NOTIC: [8] Undefined variable: StartTag4 D:\Lanseria\Documents\php\Examination_System\Application\Runtime\Cache\Dashboard\6b5ab1fc1dc3a7687c0e88bec1029ee5.php 第 145 行.
NOTIC: [8] Undefined variable: aac D:\Lanseria\Documents\php\Examination_System\Application\Runtime\Cache\Dashboard\6b5ab1fc1dc3a7687c0e88bec1029ee5.php 第 161 行.
NOTIC: [8] Undefined variable: Manaexam D:\Lanseria\Documents\php\Examination_System\Application\Runtime\Cache\Dashboard\6b5ab1fc1dc3a7687c0e88bec1029ee5.php 第 194 行.
NOTIC: [8] Undefined variable: Muser D:\Lanseria\Documents\php\Examination_System\Application\Runtime\Cache\Dashboard\6b5ab1fc1dc3a7687c0e88bec1029ee5.php 第 200 行.
NOTIC: [8] Undefined variable: eid D:\Lanseria\Documents\php\Examination_System\Application\Runtime\Cache\Dashboard\6b5ab1fc1dc3a7687c0e88bec1029ee5.php 第 303 行.
INFO: Run Behavior\ParseTemplateBehavior [ RunTime:0.029810s ]
INFO: [ view_parse ] --END-- [ RunTime:0.030001s ]
INFO: [ view_filter ] --START--
INFO: Run Behavior\WriteHtmlCacheBehavior [ RunTime:0.001769s ]
INFO: [ view_filter ] --END-- [ RunTime:0.001922s ]
INFO: [ app_end ] --START--
INFO: Run Behavior\ShowPageTraceBehavior [ RunTime:0.002579s ]
INFO: [ app_end ] --END-- [ RunTime:0.002713s ]

