[ 2016-08-18T16:24:25+08:00 ] 127.0.0.1 /Dashboard/Index/index.html
INFO: [ app_init ] --START--
INFO: Run Behavior\BuildLiteBehavior [ RunTime:0.000016s ]
INFO: [ app_init ] --END-- [ RunTime:0.000341s ]
INFO: [ app_begin ] --START--
INFO: Run Behavior\ReadHtmlCacheBehavior [ RunTime:0.000960s ]
INFO: [ app_begin ] --END-- [ RunTime:0.001051s ]
SQL: SHOW COLUMNS FROM `es_user` [ RunTime:0.0033s ]
SQL: SELECT * FROM `es_user` WHERE `uid` = 1  [ RunTime:0.0322s ]
SQL: SELECT * FROM `es_user` WHERE `uid` = 1  [ RunTime:0.0003s ]
INFO: [ view_parse ] --START--
INFO: [ template_filter ] --START--
INFO: Run Behavior\ContentReplaceBehavior [ RunTime:0.000149s ]
INFO: [ template_filter ] --END-- [ RunTime:0.000252s ]
NOTIC: [8] Undefined variable: StartTag D:\Lanseria\Documents\php\Examination_System\Application\Runtime\Cache\Dashboard\a6aea171ad06c649ad5b6850252b68d5.php 第 120 行.
NOTIC: [8] Undefined variable: StartTag1 D:\Lanseria\Documents\php\Examination_System\Application\Runtime\Cache\Dashboard\a6aea171ad06c649ad5b6850252b68d5.php 第 127 行.
NOTIC: [8] Undefined variable: StartTag2 D:\Lanseria\Documents\php\Examination_System\Application\Runtime\Cache\Dashboard\a6aea171ad06c649ad5b6850252b68d5.php 第 133 行.
NOTIC: [8] Undefined variable: StartTag3 D:\Lanseria\Documents\php\Examination_System\Application\Runtime\Cache\Dashboard\a6aea171ad06c649ad5b6850252b68d5.php 第 139 行.
NOTIC: [8] Undefined variable: StartTag4 D:\Lanseria\Documents\php\Examination_System\Application\Runtime\Cache\Dashboard\a6aea171ad06c649ad5b6850252b68d5.php 第 145 行.
NOTIC: [8] Undefined variable: ExploreExam D:\Lanseria\Documents\php\Examination_System\Application\Runtime\Cache\Dashboard\a6aea171ad06c649ad5b6850252b68d5.php 第 154 行.
NOTIC: [8] Undefined variable: aac D:\Lanseria\Documents\php\Examination_System\Application\Runtime\Cache\Dashboard\a6aea171ad06c649ad5b6850252b68d5.php 第 161 行.
NOTIC: [8] Undefined variable: aac D:\Lanseria\Documents\php\Examination_System\Application\Runtime\Cache\Dashboard\a6aea171ad06c649ad5b6850252b68d5.php 第 194 行.
NOTIC: [8] Undefined variable: aac D:\Lanseria\Documents\php\Examination_System\Application\Runtime\Cache\Dashboard\a6aea171ad06c649ad5b6850252b68d5.php 第 200 行.
INFO: Run Behavior\ParseTemplateBehavior [ RunTime:0.062796s ]
INFO: [ view_parse ] --END-- [ RunTime:0.062943s ]
INFO: [ view_filter ] --START--
INFO: Run Behavior\WriteHtmlCacheBehavior [ RunTime:0.000611s ]
INFO: [ view_filter ] --END-- [ RunTime:0.000674s ]
INFO: [ app_end ] --START--
INFO: Run Behavior\ShowPageTraceBehavior [ RunTime:0.000810s ]
INFO: [ app_end ] --END-- [ RunTime:0.000885s ]

[ 2016-08-18T16:24:36+08:00 ] 127.0.0.1 /Dashboard/Es/Ctitle.html
INFO: [ app_init ] --START--
INFO: Run Behavior\BuildLiteBehavior [ RunTime:0.000011s ]
INFO: [ app_init ] --END-- [ RunTime:0.000272s ]
INFO: [ app_begin ] --START--
INFO: Run Behavior\ReadHtmlCacheBehavior [ RunTime:0.000659s ]
INFO: [ app_begin ] --END-- [ RunTime:0.000735s ]
SQL: SHOW COLUMNS FROM `es_user` [ RunTime:0.0024s ]
SQL: SELECT * FROM `es_user` WHERE `uid` = 1  [ RunTime:0.0002s ]
INFO: [ view_parse ] --START--
INFO: [ template_filter ] --START--
INFO: Run Behavior\ContentReplaceBehavior [ RunTime:0.000218s ]
INFO: [ template_filter ] --END-- [ RunTime:0.000299s ]
NOTIC: [8] Undefined variable: StartTag2 D:\Lanseria\Documents\php\Examination_System\Application\Runtime\Cache\Dashboard\887ea85ad2984ffbd1bfcd71a9dc4a4c.php 第 133 行.
NOTIC: [8] Undefined variable: StartTag3 D:\Lanseria\Documents\php\Examination_System\Application\Runtime\Cache\Dashboard\887ea85ad2984ffbd1bfcd71a9dc4a4c.php 第 139 行.
NOTIC: [8] Undefined variable: StartTag4 D:\Lanseria\Documents\php\Examination_System\Application\Runtime\Cache\Dashboard\887ea85ad2984ffbd1bfcd71a9dc4a4c.php 第 145 行.
NOTIC: [8] Undefined variable: ExploreExam D:\Lanseria\Documents\php\Examination_System\Application\Runtime\Cache\Dashboard\887ea85ad2984ffbd1bfcd71a9dc4a4c.php 第 154 行.
NOTIC: [8] Undefined variable: aac D:\Lanseria\Documents\php\Examination_System\Application\Runtime\Cache\Dashboard\887ea85ad2984ffbd1bfcd71a9dc4a4c.php 第 161 行.
NOTIC: [8] Undefined variable: aac D:\Lanseria\Documents\php\Examination_System\Application\Runtime\Cache\Dashboard\887ea85ad2984ffbd1bfcd71a9dc4a4c.php 第 194 行.
NOTIC: [8] Undefined variable: aac D:\Lanseria\Documents\php\Examination_System\Application\Runtime\Cache\Dashboard\887ea85ad2984ffbd1bfcd71a9dc4a4c.php 第 200 行.
INFO: Run Behavior\ParseTemplateBehavior [ RunTime:0.061062s ]
INFO: [ view_parse ] --END-- [ RunTime:0.061128s ]
INFO: [ view_filter ] --START--
INFO: Run Behavior\WriteHtmlCacheBehavior [ RunTime:0.000497s ]
INFO: [ view_filter ] --END-- [ RunTime:0.000549s ]
INFO: [ app_end ] --START--
INFO: Run Behavior\ShowPageTraceBehavior [ RunTime:0.000803s ]
INFO: [ app_end ] --END-- [ RunTime:0.000884s ]

