[ 2016-08-29T19:52:55+08:00 ] 127.0.0.1 /Dashboard/Index/index.html
INFO: [ app_init ] --START--
INFO: Run Behavior\BuildLiteBehavior [ RunTime:0.000008s ]
INFO: [ app_init ] --END-- [ RunTime:0.000207s ]
INFO: [ app_begin ] --START--
INFO: Run Behavior\ReadHtmlCacheBehavior [ RunTime:0.000360s ]
INFO: [ app_begin ] --END-- [ RunTime:0.000410s ]
INFO: [ view_parse ] --START--
INFO: [ template_filter ] --START--
INFO: Run Behavior\ContentReplaceBehavior [ RunTime:0.000031s ]
INFO: [ template_filter ] --END-- [ RunTime:0.000070s ]
INFO: Run Behavior\ParseTemplateBehavior [ RunTime:0.029989s ]
INFO: [ view_parse ] --END-- [ RunTime:0.030259s ]
INFO: [ view_filter ] --START--
INFO: Run Behavior\WriteHtmlCacheBehavior [ RunTime:0.000288s ]
INFO: [ view_filter ] --END-- [ RunTime:0.000320s ]

[ 2016-08-29T19:52:57+08:00 ] 127.0.0.1 /Dashboard/User/login
INFO: [ app_init ] --START--
INFO: Run Behavior\BuildLiteBehavior [ RunTime:0.000011s ]
INFO: [ app_init ] --END-- [ RunTime:0.000262s ]
INFO: [ app_begin ] --START--
INFO: Run Behavior\ReadHtmlCacheBehavior [ RunTime:0.000333s ]
INFO: [ app_begin ] --END-- [ RunTime:0.000372s ]
ERR: 无法加载控制器:User

[ 2016-08-29T19:54:07+08:00 ] 127.0.0.1 /Dashboard/Index/index.html
INFO: [ app_init ] --START--
INFO: Run Behavior\BuildLiteBehavior [ RunTime:0.000011s ]
INFO: [ app_init ] --END-- [ RunTime:0.000282s ]
INFO: [ app_begin ] --START--
INFO: Run Behavior\ReadHtmlCacheBehavior [ RunTime:0.000392s ]
INFO: [ app_begin ] --END-- [ RunTime:0.000430s ]
INFO: [ view_parse ] --START--
INFO: [ template_filter ] --START--
INFO: Run Behavior\ContentReplaceBehavior [ RunTime:0.000056s ]
INFO: [ template_filter ] --END-- [ RunTime:0.000129s ]
INFO: Run Behavior\ParseTemplateBehavior [ RunTime:0.004755s ]
INFO: [ view_parse ] --END-- [ RunTime:0.004806s ]
INFO: [ view_filter ] --START--
INFO: Run Behavior\WriteHtmlCacheBehavior [ RunTime:0.000372s ]
INFO: [ view_filter ] --END-- [ RunTime:0.000417s ]

[ 2016-08-29T19:54:07+08:00 ] 127.0.0.1 /Dashboard/Index/index.html
INFO: [ app_init ] --START--
INFO: Run Behavior\BuildLiteBehavior [ RunTime:0.000009s ]
INFO: [ app_init ] --END-- [ RunTime:0.000213s ]
INFO: [ app_begin ] --START--
INFO: Run Behavior\ReadHtmlCacheBehavior [ RunTime:0.000277s ]
INFO: [ app_begin ] --END-- [ RunTime:0.000321s ]
INFO: [ view_parse ] --START--
INFO: [ template_filter ] --START--
INFO: Run Behavior\ContentReplaceBehavior [ RunTime:0.000032s ]
INFO: [ template_filter ] --END-- [ RunTime:0.000218s ]
INFO: Run Behavior\ParseTemplateBehavior [ RunTime:0.003736s ]
INFO: [ view_parse ] --END-- [ RunTime:0.003793s ]
INFO: [ view_filter ] --START--
INFO: Run Behavior\WriteHtmlCacheBehavior [ RunTime:0.000358s ]
INFO: [ view_filter ] --END-- [ RunTime:0.000405s ]

[ 2016-08-29T19:54:08+08:00 ] 127.0.0.1 /Dashboard/Index/index.html
INFO: [ app_init ] --START--
INFO: Run Behavior\BuildLiteBehavior [ RunTime:0.000011s ]
INFO: [ app_init ] --END-- [ RunTime:0.000229s ]
INFO: [ app_begin ] --START--
INFO: Run Behavior\ReadHtmlCacheBehavior [ RunTime:0.000298s ]
INFO: [ app_begin ] --END-- [ RunTime:0.000330s ]
INFO: [ view_parse ] --START--
INFO: [ template_filter ] --START--
INFO: Run Behavior\ContentReplaceBehavior [ RunTime:0.000028s ]
INFO: [ template_filter ] --END-- [ RunTime:0.000064s ]
INFO: Run Behavior\ParseTemplateBehavior [ RunTime:0.003575s ]
INFO: [ view_parse ] --END-- [ RunTime:0.003629s ]
INFO: [ view_filter ] --START--
INFO: Run Behavior\WriteHtmlCacheBehavior [ RunTime:0.000298s ]
INFO: [ view_filter ] --END-- [ RunTime:0.000345s ]

[ 2016-08-29T19:56:33+08:00 ] 127.0.0.1 /Dashboard/Index/index.html
INFO: [ app_init ] --START--
INFO: Run Behavior\BuildLiteBehavior [ RunTime:0.000013s ]
INFO: [ app_init ] --END-- [ RunTime:0.000406s ]
INFO: [ app_begin ] --START--
INFO: Run Behavior\ReadHtmlCacheBehavior [ RunTime:0.000389s ]
INFO: [ app_begin ] --END-- [ RunTime:0.000431s ]
INFO: [ view_parse ] --START--
INFO: [ template_filter ] --START--
INFO: Run Behavior\ContentReplaceBehavior [ RunTime:0.000049s ]
INFO: [ template_filter ] --END-- [ RunTime:0.000099s ]
INFO: Run Behavior\ParseTemplateBehavior [ RunTime:0.004013s ]
INFO: [ view_parse ] --END-- [ RunTime:0.004056s ]
INFO: [ view_filter ] --START--
INFO: Run Behavior\WriteHtmlCacheBehavior [ RunTime:0.000274s ]
INFO: [ view_filter ] --END-- [ RunTime:0.000308s ]

[ 2016-08-29T19:58:43+08:00 ] 127.0.0.1 /Dashboard/Index/index.html
INFO: [ app_init ] --START--
INFO: Run Behavior\BuildLiteBehavior [ RunTime:0.000010s ]
INFO: [ app_init ] --END-- [ RunTime:0.000257s ]
INFO: [ app_begin ] --START--
INFO: Run Behavior\ReadHtmlCacheBehavior [ RunTime:0.000342s ]
INFO: [ app_begin ] --END-- [ RunTime:0.000377s ]
SQL: SHOW COLUMNS FROM `es_user` [ RunTime:0.0032s ]
SQL: SELECT * FROM `es_user` WHERE `uid` = 1  [ RunTime:0.0326s ]
SQL: SELECT * FROM `es_user` WHERE `uid` = 1  [ RunTime:0.0002s ]
INFO: [ view_parse ] --START--
INFO: [ template_filter ] --START--
INFO: Run Behavior\ContentReplaceBehavior [ RunTime:0.000115s ]
INFO: [ template_filter ] --END-- [ RunTime:0.000154s ]
NOTIC: [8] Undefined variable: StartTag D:\Lanseria\Documents\php\Examination_System\Application\Runtime\Cache\Dashboard\a6aea171ad06c649ad5b6850252b68d5.php 第 120 行.
NOTIC: [8] Undefined variable: StartTag1 D:\Lanseria\Documents\php\Examination_System\Application\Runtime\Cache\Dashboard\a6aea171ad06c649ad5b6850252b68d5.php 第 127 行.
NOTIC: [8] Undefined variable: StartTag2 D:\Lanseria\Documents\php\Examination_System\Application\Runtime\Cache\Dashboard\a6aea171ad06c649ad5b6850252b68d5.php 第 133 行.
NOTIC: [8] Undefined variable: StartTag3 D:\Lanseria\Documents\php\Examination_System\Application\Runtime\Cache\Dashboard\a6aea171ad06c649ad5b6850252b68d5.php 第 139 行.
NOTIC: [8] Undefined variable: StartTag4 D:\Lanseria\Documents\php\Examination_System\Application\Runtime\Cache\Dashboard\a6aea171ad06c649ad5b6850252b68d5.php 第 145 行.
NOTIC: [8] Undefined variable: ExploreExam D:\Lanseria\Documents\php\Examination_System\Application\Runtime\Cache\Dashboard\a6aea171ad06c649ad5b6850252b68d5.php 第 154 行.
NOTIC: [8] Undefined variable: aac D:\Lanseria\Documents\php\Examination_System\Application\Runtime\Cache\Dashboard\a6aea171ad06c649ad5b6850252b68d5.php 第 161 行.
NOTIC: [8] Undefined variable: aac D:\Lanseria\Documents\php\Examination_System\Application\Runtime\Cache\Dashboard\a6aea171ad06c649ad5b6850252b68d5.php 第 194 行.
NOTIC: [8] Undefined variable: aac D:\Lanseria\Documents\php\Examination_System\Application\Runtime\Cache\Dashboard\a6aea171ad06c649ad5b6850252b68d5.php 第 200 行.
INFO: Run Behavior\ParseTemplateBehavior [ RunTime:0.052119s ]
INFO: [ view_parse ] --END-- [ RunTime:0.052160s ]
INFO: [ view_filter ] --START--
INFO: Run Behavior\WriteHtmlCacheBehavior [ RunTime:0.000248s ]
INFO: [ view_filter ] --END-- [ RunTime:0.000274s ]
INFO: [ app_end ] --START--
INFO: Run Behavior\ShowPageTraceBehavior [ RunTime:0.000488s ]
INFO: [ app_end ] --END-- [ RunTime:0.000537s ]

[ 2016-08-29T19:58:47+08:00 ] 127.0.0.1 /Dashboard/Es/Ctitle.html
INFO: [ app_init ] --START--
INFO: Run Behavior\BuildLiteBehavior [ RunTime:0.000014s ]
INFO: [ app_init ] --END-- [ RunTime:0.000464s ]
INFO: [ app_begin ] --START--
INFO: Run Behavior\ReadHtmlCacheBehavior [ RunTime:0.000342s ]
INFO: [ app_begin ] --END-- [ RunTime:0.000388s ]
SQL: SHOW COLUMNS FROM `es_user` [ RunTime:0.0025s ]
SQL: SELECT * FROM `es_user` WHERE `uid` = 1  [ RunTime:0.0002s ]
INFO: [ view_parse ] --START--
INFO: [ template_filter ] --START--
INFO: Run Behavior\ContentReplaceBehavior [ RunTime:0.000267s ]
INFO: [ template_filter ] --END-- [ RunTime:0.000345s ]
NOTIC: [8] Undefined variable: StartTag2 D:\Lanseria\Documents\php\Examination_System\Application\Runtime\Cache\Dashboard\887ea85ad2984ffbd1bfcd71a9dc4a4c.php 第 133 行.
NOTIC: [8] Undefined variable: StartTag3 D:\Lanseria\Documents\php\Examination_System\Application\Runtime\Cache\Dashboard\887ea85ad2984ffbd1bfcd71a9dc4a4c.php 第 139 行.
NOTIC: [8] Undefined variable: StartTag4 D:\Lanseria\Documents\php\Examination_System\Application\Runtime\Cache\Dashboard\887ea85ad2984ffbd1bfcd71a9dc4a4c.php 第 145 行.
NOTIC: [8] Undefined variable: ExploreExam D:\Lanseria\Documents\php\Examination_System\Application\Runtime\Cache\Dashboard\887ea85ad2984ffbd1bfcd71a9dc4a4c.php 第 154 行.
NOTIC: [8] Undefined variable: aac D:\Lanseria\Documents\php\Examination_System\Application\Runtime\Cache\Dashboard\887ea85ad2984ffbd1bfcd71a9dc4a4c.php 第 161 行.
NOTIC: [8] Undefined variable: aac D:\Lanseria\Documents\php\Examination_System\Application\Runtime\Cache\Dashboard\887ea85ad2984ffbd1bfcd71a9dc4a4c.php 第 194 行.
NOTIC: [8] Undefined variable: aac D:\Lanseria\Documents\php\Examination_System\Application\Runtime\Cache\Dashboard\887ea85ad2984ffbd1bfcd71a9dc4a4c.php 第 200 行.
INFO: Run Behavior\ParseTemplateBehavior [ RunTime:0.038500s ]
INFO: [ view_parse ] --END-- [ RunTime:0.038546s ]
INFO: [ view_filter ] --START--
INFO: Run Behavior\WriteHtmlCacheBehavior [ RunTime:0.000339s ]
INFO: [ view_filter ] --END-- [ RunTime:0.000388s ]
INFO: [ app_end ] --START--
INFO: Run Behavior\ShowPageTraceBehavior [ RunTime:0.000662s ]
INFO: [ app_end ] --END-- [ RunTime:0.000736s ]

[ 2016-08-29T19:58:51+08:00 ] 127.0.0.1 /Dashboard/Vexam/index.html
INFO: [ app_init ] --START--
INFO: Run Behavior\BuildLiteBehavior [ RunTime:0.000010s ]
INFO: [ app_init ] --END-- [ RunTime:0.000265s ]
INFO: [ app_begin ] --START--
INFO: Run Behavior\ReadHtmlCacheBehavior [ RunTime:0.000368s ]
INFO: [ app_begin ] --END-- [ RunTime:0.000415s ]
SQL: SHOW COLUMNS FROM `es_user` [ RunTime:0.0057s ]
SQL: SELECT * FROM `es_user` WHERE `uid` = 1  [ RunTime:0.0007s ]
SQL: SHOW COLUMNS FROM `es_exam` [ RunTime:0.0036s ]
SQL: SELECT * FROM `es_exam`  [ RunTime:0.0135s ]
INFO: [ view_parse ] --START--
INFO: [ template_filter ] --START--
INFO: Run Behavior\ContentReplaceBehavior [ RunTime:0.000179s ]
INFO: [ template_filter ] --END-- [ RunTime:0.000253s ]
NOTIC: [8] Undefined variable: StartTag D:\Lanseria\Documents\php\Examination_System\Application\Runtime\Cache\Dashboard\6b5ab1fc1dc3a7687c0e88bec1029ee5.php 第 120 行.
NOTIC: [8] Undefined variable: StartTag1 D:\Lanseria\Documents\php\Examination_System\Application\Runtime\Cache\Dashboard\6b5ab1fc1dc3a7687c0e88bec1029ee5.php 第 127 行.
NOTIC: [8] Undefined variable: StartTag2 D:\Lanseria\Documents\php\Examination_System\Application\Runtime\Cache\Dashboard\6b5ab1fc1dc3a7687c0e88bec1029ee5.php 第 133 行.
NOTIC: [8] Undefined variable: StartTag3 D:\Lanseria\Documents\php\Examination_System\Application\Runtime\Cache\Dashboard\6b5ab1fc1dc3a7687c0e88bec1029ee5.php 第 139 行.
NOTIC: [8] Undefined variable: StartTag4 D:\Lanseria\Documents\php\Examination_System\Application\Runtime\Cache\Dashboard\6b5ab1fc1dc3a7687c0e88bec1029ee5.php 第 145 行.
NOTIC: [8] Undefined variable: aac D:\Lanseria\Documents\php\Examination_System\Application\Runtime\Cache\Dashboard\6b5ab1fc1dc3a7687c0e88bec1029ee5.php 第 161 行.
NOTIC: [8] Undefined variable: aac D:\Lanseria\Documents\php\Examination_System\Application\Runtime\Cache\Dashboard\6b5ab1fc1dc3a7687c0e88bec1029ee5.php 第 194 行.
NOTIC: [8] Undefined variable: aac D:\Lanseria\Documents\php\Examination_System\Application\Runtime\Cache\Dashboard\6b5ab1fc1dc3a7687c0e88bec1029ee5.php 第 200 行.
NOTIC: [8] Undefined variable: curl D:\Lanseria\Documents\php\Examination_System\Application\Runtime\Cache\Dashboard\6b5ab1fc1dc3a7687c0e88bec1029ee5.php 第 304 行.
INFO: Run Behavior\ParseTemplateBehavior [ RunTime:0.044321s ]
INFO: [ view_parse ] --END-- [ RunTime:0.044395s ]
INFO: [ view_filter ] --START--
INFO: Run Behavior\WriteHtmlCacheBehavior [ RunTime:0.000683s ]
INFO: [ view_filter ] --END-- [ RunTime:0.000745s ]
INFO: [ app_end ] --START--
INFO: Run Behavior\ShowPageTraceBehavior [ RunTime:0.000513s ]
INFO: [ app_end ] --END-- [ RunTime:0.000567s ]

[ 2016-08-29T19:58:56+08:00 ] 127.0.0.1 /Dashboard/Vexam/index.html?eid=1
INFO: [ app_init ] --START--
INFO: Run Behavior\BuildLiteBehavior [ RunTime:0.000009s ]
INFO: [ app_init ] --END-- [ RunTime:0.000221s ]
INFO: [ app_begin ] --START--
INFO: Run Behavior\ReadHtmlCacheBehavior [ RunTime:0.000276s ]
INFO: [ app_begin ] --END-- [ RunTime:0.000309s ]
SQL: SHOW COLUMNS FROM `es_user` [ RunTime:0.0021s ]
SQL: SELECT * FROM `es_user` WHERE `uid` = 1  [ RunTime:0.0002s ]
SQL: SHOW COLUMNS FROM `es_exam` [ RunTime:0.0024s ]
SQL: SELECT * FROM `es_exam` WHERE `eid` = 1  [ RunTime:0.0002s ]
NOTIC: [8192] Function ereg() is deprecated D:\Lanseria\Documents\php\Examination_System\Application\Dashboard\Controller\VexamController.class.php 第 16 行.
SQL: SELECT * FROM `es_exam`  [ RunTime:0.0003s ]
INFO: [ view_parse ] --START--
INFO: [ template_filter ] --START--
INFO: Run Behavior\ContentReplaceBehavior [ RunTime:0.000116s ]
INFO: [ template_filter ] --END-- [ RunTime:0.000151s ]
NOTIC: [8] Undefined variable: StartTag D:\Lanseria\Documents\php\Examination_System\Application\Runtime\Cache\Dashboard\6b5ab1fc1dc3a7687c0e88bec1029ee5.php 第 120 行.
NOTIC: [8] Undefined variable: StartTag1 D:\Lanseria\Documents\php\Examination_System\Application\Runtime\Cache\Dashboard\6b5ab1fc1dc3a7687c0e88bec1029ee5.php 第 127 行.
NOTIC: [8] Undefined variable: StartTag2 D:\Lanseria\Documents\php\Examination_System\Application\Runtime\Cache\Dashboard\6b5ab1fc1dc3a7687c0e88bec1029ee5.php 第 133 行.
NOTIC: [8] Undefined variable: StartTag3 D:\Lanseria\Documents\php\Examination_System\Application\Runtime\Cache\Dashboard\6b5ab1fc1dc3a7687c0e88bec1029ee5.php 第 139 行.
NOTIC: [8] Undefined variable: StartTag4 D:\Lanseria\Documents\php\Examination_System\Application\Runtime\Cache\Dashboard\6b5ab1fc1dc3a7687c0e88bec1029ee5.php 第 145 行.
NOTIC: [8] Undefined variable: aac D:\Lanseria\Documents\php\Examination_System\Application\Runtime\Cache\Dashboard\6b5ab1fc1dc3a7687c0e88bec1029ee5.php 第 161 行.
NOTIC: [8] Undefined variable: aac D:\Lanseria\Documents\php\Examination_System\Application\Runtime\Cache\Dashboard\6b5ab1fc1dc3a7687c0e88bec1029ee5.php 第 194 行.
NOTIC: [8] Undefined variable: aac D:\Lanseria\Documents\php\Examination_System\Application\Runtime\Cache\Dashboard\6b5ab1fc1dc3a7687c0e88bec1029ee5.php 第 200 行.
INFO: Run Behavior\ParseTemplateBehavior [ RunTime:0.007703s ]
INFO: [ view_parse ] --END-- [ RunTime:0.007743s ]
INFO: [ view_filter ] --START--
INFO: Run Behavior\WriteHtmlCacheBehavior [ RunTime:0.000245s ]
INFO: [ view_filter ] --END-- [ RunTime:0.000272s ]
INFO: [ app_end ] --START--
INFO: Run Behavior\ShowPageTraceBehavior [ RunTime:0.000430s ]
INFO: [ app_end ] --END-- [ RunTime:0.000470s ]

[ 2016-08-29T20:01:52+08:00 ] 127.0.0.1 /Dashboard/Vexam/index.html?eid=1
INFO: [ app_init ] --START--
INFO: Run Behavior\BuildLiteBehavior [ RunTime:0.000012s ]
INFO: [ app_init ] --END-- [ RunTime:0.000376s ]
INFO: [ app_begin ] --START--
INFO: Run Behavior\ReadHtmlCacheBehavior [ RunTime:0.000402s ]
INFO: [ app_begin ] --END-- [ RunTime:0.000444s ]
SQL: SHOW COLUMNS FROM `es_user` [ RunTime:0.0024s ]
SQL: SELECT * FROM `es_user` WHERE `uid` = 1  [ RunTime:0.0002s ]
SQL: SHOW COLUMNS FROM `es_exam` [ RunTime:0.0022s ]
SQL: SELECT * FROM `es_exam` WHERE `eid` = 1  [ RunTime:0.0002s ]
SQL: SELECT * FROM `es_exam`  [ RunTime:0.0002s ]
INFO: [ view_parse ] --START--
INFO: [ template_filter ] --START--
INFO: Run Behavior\ContentReplaceBehavior [ RunTime:0.000099s ]
INFO: [ template_filter ] --END-- [ RunTime:0.000136s ]
NOTIC: [8] Undefined variable: StartTag D:\Lanseria\Documents\php\Examination_System\Application\Runtime\Cache\Dashboard\6b5ab1fc1dc3a7687c0e88bec1029ee5.php 第 120 行.
NOTIC: [8] Undefined variable: StartTag1 D:\Lanseria\Documents\php\Examination_System\Application\Runtime\Cache\Dashboard\6b5ab1fc1dc3a7687c0e88bec1029ee5.php 第 127 行.
NOTIC: [8] Undefined variable: StartTag2 D:\Lanseria\Documents\php\Examination_System\Application\Runtime\Cache\Dashboard\6b5ab1fc1dc3a7687c0e88bec1029ee5.php 第 133 行.
NOTIC: [8] Undefined variable: StartTag3 D:\Lanseria\Documents\php\Examination_System\Application\Runtime\Cache\Dashboard\6b5ab1fc1dc3a7687c0e88bec1029ee5.php 第 139 行.
NOTIC: [8] Undefined variable: StartTag4 D:\Lanseria\Documents\php\Examination_System\Application\Runtime\Cache\Dashboard\6b5ab1fc1dc3a7687c0e88bec1029ee5.php 第 145 行.
NOTIC: [8] Undefined variable: aac D:\Lanseria\Documents\php\Examination_System\Application\Runtime\Cache\Dashboard\6b5ab1fc1dc3a7687c0e88bec1029ee5.php 第 161 行.
NOTIC: [8] Undefined variable: aac D:\Lanseria\Documents\php\Examination_System\Application\Runtime\Cache\Dashboard\6b5ab1fc1dc3a7687c0e88bec1029ee5.php 第 194 行.
NOTIC: [8] Undefined variable: aac D:\Lanseria\Documents\php\Examination_System\Application\Runtime\Cache\Dashboard\6b5ab1fc1dc3a7687c0e88bec1029ee5.php 第 200 行.
INFO: Run Behavior\ParseTemplateBehavior [ RunTime:0.009943s ]
INFO: [ view_parse ] --END-- [ RunTime:0.009983s ]
INFO: [ view_filter ] --START--
INFO: Run Behavior\WriteHtmlCacheBehavior [ RunTime:0.000262s ]
INFO: [ view_filter ] --END-- [ RunTime:0.000288s ]
INFO: [ app_end ] --START--
INFO: Run Behavior\ShowPageTraceBehavior [ RunTime:0.000603s ]
INFO: [ app_end ] --END-- [ RunTime:0.000655s ]

[ 2016-08-29T20:02:41+08:00 ] 127.0.0.1 /Dashboard/Vexam/index.html?eid=1
INFO: [ app_init ] --START--
INFO: Run Behavior\BuildLiteBehavior [ RunTime:0.000010s ]
INFO: [ app_init ] --END-- [ RunTime:0.000238s ]
INFO: [ app_begin ] --START--
INFO: Run Behavior\ReadHtmlCacheBehavior [ RunTime:0.000322s ]
INFO: [ app_begin ] --END-- [ RunTime:0.000354s ]
SQL: SHOW COLUMNS FROM `es_user` [ RunTime:0.0023s ]
SQL: SELECT * FROM `es_user` WHERE `uid` = 1  [ RunTime:0.0008s ]
SQL: SHOW COLUMNS FROM `es_exam` [ RunTime:0.0028s ]
SQL: SELECT * FROM `es_exam` WHERE `eid` = 1  [ RunTime:0.0003s ]
SQL: SELECT * FROM `es_exam`  [ RunTime:0.0002s ]
INFO: [ view_parse ] --START--
INFO: [ template_filter ] --START--
INFO: Run Behavior\ContentReplaceBehavior [ RunTime:0.000098s ]
INFO: [ template_filter ] --END-- [ RunTime:0.000139s ]
NOTIC: [8] Undefined variable: StartTag D:\Lanseria\Documents\php\Examination_System\Application\Runtime\Cache\Dashboard\6b5ab1fc1dc3a7687c0e88bec1029ee5.php 第 120 行.
NOTIC: [8] Undefined variable: StartTag1 D:\Lanseria\Documents\php\Examination_System\Application\Runtime\Cache\Dashboard\6b5ab1fc1dc3a7687c0e88bec1029ee5.php 第 127 行.
NOTIC: [8] Undefined variable: StartTag2 D:\Lanseria\Documents\php\Examination_System\Application\Runtime\Cache\Dashboard\6b5ab1fc1dc3a7687c0e88bec1029ee5.php 第 133 行.
NOTIC: [8] Undefined variable: StartTag3 D:\Lanseria\Documents\php\Examination_System\Application\Runtime\Cache\Dashboard\6b5ab1fc1dc3a7687c0e88bec1029ee5.php 第 139 行.
NOTIC: [8] Undefined variable: StartTag4 D:\Lanseria\Documents\php\Examination_System\Application\Runtime\Cache\Dashboard\6b5ab1fc1dc3a7687c0e88bec1029ee5.php 第 145 行.
NOTIC: [8] Undefined variable: aac D:\Lanseria\Documents\php\Examination_System\Application\Runtime\Cache\Dashboard\6b5ab1fc1dc3a7687c0e88bec1029ee5.php 第 161 行.
NOTIC: [8] Undefined variable: aac D:\Lanseria\Documents\php\Examination_System\Application\Runtime\Cache\Dashboard\6b5ab1fc1dc3a7687c0e88bec1029ee5.php 第 194 行.
NOTIC: [8] Undefined variable: aac D:\Lanseria\Documents\php\Examination_System\Application\Runtime\Cache\Dashboard\6b5ab1fc1dc3a7687c0e88bec1029ee5.php 第 200 行.
INFO: Run Behavior\ParseTemplateBehavior [ RunTime:0.008566s ]
INFO: [ view_parse ] --END-- [ RunTime:0.008626s ]
INFO: [ view_filter ] --START--
INFO: Run Behavior\WriteHtmlCacheBehavior [ RunTime:0.000391s ]
INFO: [ view_filter ] --END-- [ RunTime:0.000437s ]
INFO: [ app_end ] --START--
INFO: Run Behavior\ShowPageTraceBehavior [ RunTime:0.000771s ]
INFO: [ app_end ] --END-- [ RunTime:0.000850s ]

[ 2016-08-29T20:03:07+08:00 ] 127.0.0.1 /Dashboard/Es/Ctitle.html
INFO: [ app_init ] --START--
INFO: Run Behavior\BuildLiteBehavior [ RunTime:0.000012s ]
INFO: [ app_init ] --END-- [ RunTime:0.000238s ]
INFO: [ app_begin ] --START--
INFO: Run Behavior\ReadHtmlCacheBehavior [ RunTime:0.000319s ]
INFO: [ app_begin ] --END-- [ RunTime:0.000358s ]
SQL: SHOW COLUMNS FROM `es_user` [ RunTime:0.0296s ]
SQL: SELECT * FROM `es_user` WHERE `uid` = 1  [ RunTime:0.0003s ]
INFO: [ view_parse ] --START--
INFO: [ template_filter ] --START--
INFO: Run Behavior\ContentReplaceBehavior [ RunTime:0.000204s ]
INFO: [ template_filter ] --END-- [ RunTime:0.000280s ]
NOTIC: [8] Undefined variable: StartTag2 D:\Lanseria\Documents\php\Examination_System\Application\Runtime\Cache\Dashboard\887ea85ad2984ffbd1bfcd71a9dc4a4c.php 第 133 行.
NOTIC: [8] Undefined variable: StartTag3 D:\Lanseria\Documents\php\Examination_System\Application\Runtime\Cache\Dashboard\887ea85ad2984ffbd1bfcd71a9dc4a4c.php 第 139 行.
NOTIC: [8] Undefined variable: StartTag4 D:\Lanseria\Documents\php\Examination_System\Application\Runtime\Cache\Dashboard\887ea85ad2984ffbd1bfcd71a9dc4a4c.php 第 145 行.
NOTIC: [8] Undefined variable: ExploreExam D:\Lanseria\Documents\php\Examination_System\Application\Runtime\Cache\Dashboard\887ea85ad2984ffbd1bfcd71a9dc4a4c.php 第 154 行.
NOTIC: [8] Undefined variable: aac D:\Lanseria\Documents\php\Examination_System\Application\Runtime\Cache\Dashboard\887ea85ad2984ffbd1bfcd71a9dc4a4c.php 第 161 行.
NOTIC: [8] Undefined variable: aac D:\Lanseria\Documents\php\Examination_System\Application\Runtime\Cache\Dashboard\887ea85ad2984ffbd1bfcd71a9dc4a4c.php 第 194 行.
NOTIC: [8] Undefined variable: aac D:\Lanseria\Documents\php\Examination_System\Application\Runtime\Cache\Dashboard\887ea85ad2984ffbd1bfcd71a9dc4a4c.php 第 200 行.
INFO: Run Behavior\ParseTemplateBehavior [ RunTime:0.011534s ]
INFO: [ view_parse ] --END-- [ RunTime:0.011601s ]
INFO: [ view_filter ] --START--
INFO: Run Behavior\WriteHtmlCacheBehavior [ RunTime:0.000485s ]
INFO: [ view_filter ] --END-- [ RunTime:0.000571s ]
INFO: [ app_end ] --START--
INFO: Run Behavior\ShowPageTraceBehavior [ RunTime:0.000743s ]
INFO: [ app_end ] --END-- [ RunTime:0.000833s ]

[ 2016-08-29T20:03:12+08:00 ] 127.0.0.1 /Dashboard/Vexam/index.html
INFO: [ app_init ] --START--
INFO: Run Behavior\BuildLiteBehavior [ RunTime:0.000012s ]
INFO: [ app_init ] --END-- [ RunTime:0.000262s ]
INFO: [ app_begin ] --START--
INFO: Run Behavior\ReadHtmlCacheBehavior [ RunTime:0.000327s ]
INFO: [ app_begin ] --END-- [ RunTime:0.000365s ]
SQL: SHOW COLUMNS FROM `es_user` [ RunTime:0.0030s ]
SQL: SELECT * FROM `es_user` WHERE `uid` = 1  [ RunTime:0.0004s ]
SQL: SHOW COLUMNS FROM `es_exam` [ RunTime:0.0029s ]
SQL: SELECT * FROM `es_exam`  [ RunTime:0.0003s ]
INFO: [ view_parse ] --START--
INFO: [ template_filter ] --START--
INFO: Run Behavior\ContentReplaceBehavior [ RunTime:0.000114s ]
INFO: [ template_filter ] --END-- [ RunTime:0.000155s ]
NOTIC: [8] Undefined variable: StartTag D:\Lanseria\Documents\php\Examination_System\Application\Runtime\Cache\Dashboard\6b5ab1fc1dc3a7687c0e88bec1029ee5.php 第 120 行.
NOTIC: [8] Undefined variable: StartTag1 D:\Lanseria\Documents\php\Examination_System\Application\Runtime\Cache\Dashboard\6b5ab1fc1dc3a7687c0e88bec1029ee5.php 第 127 行.
NOTIC: [8] Undefined variable: StartTag2 D:\Lanseria\Documents\php\Examination_System\Application\Runtime\Cache\Dashboard\6b5ab1fc1dc3a7687c0e88bec1029ee5.php 第 133 行.
NOTIC: [8] Undefined variable: StartTag3 D:\Lanseria\Documents\php\Examination_System\Application\Runtime\Cache\Dashboard\6b5ab1fc1dc3a7687c0e88bec1029ee5.php 第 139 行.
NOTIC: [8] Undefined variable: StartTag4 D:\Lanseria\Documents\php\Examination_System\Application\Runtime\Cache\Dashboard\6b5ab1fc1dc3a7687c0e88bec1029ee5.php 第 145 行.
NOTIC: [8] Undefined variable: aac D:\Lanseria\Documents\php\Examination_System\Application\Runtime\Cache\Dashboard\6b5ab1fc1dc3a7687c0e88bec1029ee5.php 第 161 行.
NOTIC: [8] Undefined variable: aac D:\Lanseria\Documents\php\Examination_System\Application\Runtime\Cache\Dashboard\6b5ab1fc1dc3a7687c0e88bec1029ee5.php 第 194 行.
NOTIC: [8] Undefined variable: aac D:\Lanseria\Documents\php\Examination_System\Application\Runtime\Cache\Dashboard\6b5ab1fc1dc3a7687c0e88bec1029ee5.php 第 200 行.
NOTIC: [8] Undefined variable: eid D:\Lanseria\Documents\php\Examination_System\Application\Runtime\Cache\Dashboard\6b5ab1fc1dc3a7687c0e88bec1029ee5.php 第 303 行.
INFO: Run Behavior\ParseTemplateBehavior [ RunTime:0.008064s ]
INFO: [ view_parse ] --END-- [ RunTime:0.008132s ]
INFO: [ view_filter ] --START--
INFO: Run Behavior\WriteHtmlCacheBehavior [ RunTime:0.000329s ]
INFO: [ view_filter ] --END-- [ RunTime:0.000369s ]
INFO: [ app_end ] --START--
INFO: Run Behavior\ShowPageTraceBehavior [ RunTime:0.000637s ]
INFO: [ app_end ] --END-- [ RunTime:0.000700s ]

[ 2016-08-29T20:03:16+08:00 ] 127.0.0.1 /Dashboard/Vexam/index.html?eid=1
INFO: [ app_init ] --START--
INFO: Run Behavior\BuildLiteBehavior [ RunTime:0.000013s ]
INFO: [ app_init ] --END-- [ RunTime:0.000239s ]
INFO: [ app_begin ] --START--
INFO: Run Behavior\ReadHtmlCacheBehavior [ RunTime:0.000306s ]
INFO: [ app_begin ] --END-- [ RunTime:0.000347s ]
SQL: SHOW COLUMNS FROM `es_user` [ RunTime:0.0041s ]
SQL: SELECT * FROM `es_user` WHERE `uid` = 1  [ RunTime:0.0003s ]
SQL: SHOW COLUMNS FROM `es_exam` [ RunTime:0.0030s ]
SQL: SELECT * FROM `es_exam` WHERE `eid` = 1  [ RunTime:0.0003s ]
SQL: SELECT * FROM `es_exam`  [ RunTime:0.0003s ]
INFO: [ view_parse ] --START--
INFO: [ template_filter ] --START--
INFO: Run Behavior\ContentReplaceBehavior [ RunTime:0.000193s ]
INFO: [ template_filter ] --END-- [ RunTime:0.000254s ]
NOTIC: [8] Undefined variable: StartTag D:\Lanseria\Documents\php\Examination_System\Application\Runtime\Cache\Dashboard\6b5ab1fc1dc3a7687c0e88bec1029ee5.php 第 120 行.
NOTIC: [8] Undefined variable: StartTag1 D:\Lanseria\Documents\php\Examination_System\Application\Runtime\Cache\Dashboard\6b5ab1fc1dc3a7687c0e88bec1029ee5.php 第 127 行.
NOTIC: [8] Undefined variable: StartTag2 D:\Lanseria\Documents\php\Examination_System\Application\Runtime\Cache\Dashboard\6b5ab1fc1dc3a7687c0e88bec1029ee5.php 第 133 行.
NOTIC: [8] Undefined variable: StartTag3 D:\Lanseria\Documents\php\Examination_System\Application\Runtime\Cache\Dashboard\6b5ab1fc1dc3a7687c0e88bec1029ee5.php 第 139 行.
NOTIC: [8] Undefined variable: StartTag4 D:\Lanseria\Documents\php\Examination_System\Application\Runtime\Cache\Dashboard\6b5ab1fc1dc3a7687c0e88bec1029ee5.php 第 145 行.
NOTIC: [8] Undefined variable: aac D:\Lanseria\Documents\php\Examination_System\Application\Runtime\Cache\Dashboard\6b5ab1fc1dc3a7687c0e88bec1029ee5.php 第 161 行.
NOTIC: [8] Undefined variable: aac D:\Lanseria\Documents\php\Examination_System\Application\Runtime\Cache\Dashboard\6b5ab1fc1dc3a7687c0e88bec1029ee5.php 第 194 行.
NOTIC: [8] Undefined variable: aac D:\Lanseria\Documents\php\Examination_System\Application\Runtime\Cache\Dashboard\6b5ab1fc1dc3a7687c0e88bec1029ee5.php 第 200 行.
INFO: Run Behavior\ParseTemplateBehavior [ RunTime:0.010463s ]
INFO: [ view_parse ] --END-- [ RunTime:0.010528s ]
INFO: [ view_filter ] --START--
INFO: Run Behavior\WriteHtmlCacheBehavior [ RunTime:0.001116s ]
INFO: [ view_filter ] --END-- [ RunTime:0.001624s ]
INFO: [ app_end ] --START--
INFO: Run Behavior\ShowPageTraceBehavior [ RunTime:0.000849s ]
INFO: [ app_end ] --END-- [ RunTime:0.000950s ]

