[ 2016-10-19T19:39:50+08:00 ] 127.0.0.1 /Dashboard/Index/index.html
INFO: [ app_init ] --START--
INFO: Run Behavior\BuildLiteBehavior [ RunTime:0.000012s ]
INFO: [ app_init ] --END-- [ RunTime:0.000257s ]
INFO: [ app_begin ] --START--
INFO: Run Behavior\ReadHtmlCacheBehavior [ RunTime:0.000326s ]
INFO: [ app_begin ] --END-- [ RunTime:0.000365s ]
SQL: SHOW COLUMNS FROM `es_user` [ RunTime:0.0007s ]
SQL: SELECT * FROM `es_user` WHERE `uid` = 1  [ RunTime:0.0003s ]
SQL: SELECT * FROM `es_user` WHERE `uid` = 1  [ RunTime:0.0002s ]
INFO: [ view_parse ] --START--
INFO: [ template_filter ] --START--
INFO: Run Behavior\ContentReplaceBehavior [ RunTime:0.000142s ]
INFO: [ template_filter ] --END-- [ RunTime:0.000236s ]
NOTIC: [8] Undefined variable: StartTag D:\Lanseria\Documents\php\Examination_System\Application\Runtime\Cache\Dashboard\a6aea171ad06c649ad5b6850252b68d5.php 第 120 行.
NOTIC: [8] Undefined variable: StartTag1 D:\Lanseria\Documents\php\Examination_System\Application\Runtime\Cache\Dashboard\a6aea171ad06c649ad5b6850252b68d5.php 第 127 行.
NOTIC: [8] Undefined variable: StartTag2 D:\Lanseria\Documents\php\Examination_System\Application\Runtime\Cache\Dashboard\a6aea171ad06c649ad5b6850252b68d5.php 第 133 行.
NOTIC: [8] Undefined variable: StartTag3 D:\Lanseria\Documents\php\Examination_System\Application\Runtime\Cache\Dashboard\a6aea171ad06c649ad5b6850252b68d5.php 第 139 行.
NOTIC: [8] Undefined variable: ExploreExam D:\Lanseria\Documents\php\Examination_System\Application\Runtime\Cache\Dashboard\a6aea171ad06c649ad5b6850252b68d5.php 第 148 行.
NOTIC: [8] Undefined variable: aac D:\Lanseria\Documents\php\Examination_System\Application\Runtime\Cache\Dashboard\a6aea171ad06c649ad5b6850252b68d5.php 第 155 行.
NOTIC: [8] Undefined variable: Manaexam D:\Lanseria\Documents\php\Examination_System\Application\Runtime\Cache\Dashboard\a6aea171ad06c649ad5b6850252b68d5.php 第 188 行.
NOTIC: [8] Undefined variable: Muser D:\Lanseria\Documents\php\Examination_System\Application\Runtime\Cache\Dashboard\a6aea171ad06c649ad5b6850252b68d5.php 第 194 行.
INFO: Run Behavior\ParseTemplateBehavior [ RunTime:0.027679s ]
INFO: [ view_parse ] --END-- [ RunTime:0.027751s ]
INFO: [ view_filter ] --START--
INFO: Run Behavior\WriteHtmlCacheBehavior [ RunTime:0.000485s ]
INFO: [ view_filter ] --END-- [ RunTime:0.000554s ]
INFO: [ app_end ] --START--
INFO: Run Behavior\ShowPageTraceBehavior [ RunTime:0.001264s ]
INFO: [ app_end ] --END-- [ RunTime:0.001408s ]

[ 2016-10-19T19:39:54+08:00 ] 127.0.0.1 /Dashboard/Manaexam/index.html
INFO: [ app_init ] --START--
INFO: Run Behavior\BuildLiteBehavior [ RunTime:0.000009s ]
INFO: [ app_init ] --END-- [ RunTime:0.000235s ]
INFO: [ app_begin ] --START--
INFO: Run Behavior\ReadHtmlCacheBehavior [ RunTime:0.000320s ]
INFO: [ app_begin ] --END-- [ RunTime:0.000359s ]
SQL: SHOW COLUMNS FROM `es_user` [ RunTime:0.0194s ]
SQL: SELECT * FROM `es_user` WHERE `uid` = 1  [ RunTime:0.0003s ]
SQL: SHOW COLUMNS FROM `es_exam` [ RunTime:0.0219s ]
SQL: SELECT * FROM `es_exam` WHERE `euid` = 1  [ RunTime:0.0005s ]
INFO: [ view_parse ] --START--
INFO: [ template_filter ] --START--
INFO: Run Behavior\ContentReplaceBehavior [ RunTime:0.000119s ]
INFO: [ template_filter ] --END-- [ RunTime:0.000164s ]
NOTIC: [8] Undefined variable: gac D:\Lanseria\Documents\php\Examination_System\Application\Runtime\Cache\Dashboard\dc81fa9a87fd98640464800281d384d6.php 第 112 行.
NOTIC: [8] Undefined variable: StartTag D:\Lanseria\Documents\php\Examination_System\Application\Runtime\Cache\Dashboard\dc81fa9a87fd98640464800281d384d6.php 第 120 行.
NOTIC: [8] Undefined variable: StartTag1 D:\Lanseria\Documents\php\Examination_System\Application\Runtime\Cache\Dashboard\dc81fa9a87fd98640464800281d384d6.php 第 127 行.
NOTIC: [8] Undefined variable: StartTag2 D:\Lanseria\Documents\php\Examination_System\Application\Runtime\Cache\Dashboard\dc81fa9a87fd98640464800281d384d6.php 第 133 行.
NOTIC: [8] Undefined variable: StartTag3 D:\Lanseria\Documents\php\Examination_System\Application\Runtime\Cache\Dashboard\dc81fa9a87fd98640464800281d384d6.php 第 139 行.
NOTIC: [8] Undefined variable: ExploreExam D:\Lanseria\Documents\php\Examination_System\Application\Runtime\Cache\Dashboard\dc81fa9a87fd98640464800281d384d6.php 第 148 行.
NOTIC: [8] Undefined variable: aac D:\Lanseria\Documents\php\Examination_System\Application\Runtime\Cache\Dashboard\dc81fa9a87fd98640464800281d384d6.php 第 155 行.
NOTIC: [8] Undefined variable: Muser D:\Lanseria\Documents\php\Examination_System\Application\Runtime\Cache\Dashboard\dc81fa9a87fd98640464800281d384d6.php 第 194 行.
INFO: Run Behavior\ParseTemplateBehavior [ RunTime:0.025643s ]
INFO: [ view_parse ] --END-- [ RunTime:0.025687s ]
INFO: [ view_filter ] --START--
INFO: Run Behavior\WriteHtmlCacheBehavior [ RunTime:0.000298s ]
INFO: [ view_filter ] --END-- [ RunTime:0.000330s ]
INFO: [ app_end ] --START--
INFO: Run Behavior\ShowPageTraceBehavior [ RunTime:0.000556s ]
INFO: [ app_end ] --END-- [ RunTime:0.000598s ]

[ 2016-10-19T19:39:57+08:00 ] 127.0.0.1 /Dashboard/Manaexam/motify.html?eid=1
INFO: [ app_init ] --START--
INFO: Run Behavior\BuildLiteBehavior [ RunTime:0.000009s ]
INFO: [ app_init ] --END-- [ RunTime:0.000211s ]
INFO: [ app_begin ] --START--
INFO: Run Behavior\ReadHtmlCacheBehavior [ RunTime:0.000277s ]
INFO: [ app_begin ] --END-- [ RunTime:0.000313s ]
SQL: SHOW COLUMNS FROM `es_user` [ RunTime:0.0007s ]
SQL: SELECT * FROM `es_user` WHERE `uid` = 1  [ RunTime:0.0002s ]
SQL: SHOW COLUMNS FROM `es_vques` [ RunTime:0.0017s ]
SQL: SELECT * FROM `es_vques` WHERE `uid` = 1 AND `eid` = 1  [ RunTime:0.0005s ]
INFO: [ view_parse ] --START--
INFO: [ template_filter ] --START--
INFO: Run Behavior\ContentReplaceBehavior [ RunTime:0.000189s ]
INFO: [ template_filter ] --END-- [ RunTime:0.000307s ]
NOTIC: [8] Undefined variable: gac D:\Lanseria\Documents\php\Examination_System\Application\Runtime\Cache\Dashboard\c85eee2327498743a5f24cb4911613dd.php 第 112 行.
NOTIC: [8] Undefined variable: StartTag D:\Lanseria\Documents\php\Examination_System\Application\Runtime\Cache\Dashboard\c85eee2327498743a5f24cb4911613dd.php 第 120 行.
NOTIC: [8] Undefined variable: StartTag1 D:\Lanseria\Documents\php\Examination_System\Application\Runtime\Cache\Dashboard\c85eee2327498743a5f24cb4911613dd.php 第 127 行.
NOTIC: [8] Undefined variable: StartTag2 D:\Lanseria\Documents\php\Examination_System\Application\Runtime\Cache\Dashboard\c85eee2327498743a5f24cb4911613dd.php 第 133 行.
NOTIC: [8] Undefined variable: StartTag3 D:\Lanseria\Documents\php\Examination_System\Application\Runtime\Cache\Dashboard\c85eee2327498743a5f24cb4911613dd.php 第 139 行.
NOTIC: [8] Undefined variable: ExploreExam D:\Lanseria\Documents\php\Examination_System\Application\Runtime\Cache\Dashboard\c85eee2327498743a5f24cb4911613dd.php 第 148 行.
NOTIC: [8] Undefined variable: aac D:\Lanseria\Documents\php\Examination_System\Application\Runtime\Cache\Dashboard\c85eee2327498743a5f24cb4911613dd.php 第 155 行.
NOTIC: [8] Undefined variable: Muser D:\Lanseria\Documents\php\Examination_System\Application\Runtime\Cache\Dashboard\c85eee2327498743a5f24cb4911613dd.php 第 194 行.
INFO: Run Behavior\ParseTemplateBehavior [ RunTime:0.010184s ]
INFO: [ view_parse ] --END-- [ RunTime:0.010245s ]
INFO: [ view_filter ] --START--
INFO: Run Behavior\WriteHtmlCacheBehavior [ RunTime:0.000310s ]
INFO: [ view_filter ] --END-- [ RunTime:0.000341s ]
INFO: [ app_end ] --START--
INFO: Run Behavior\ShowPageTraceBehavior [ RunTime:0.001073s ]
INFO: [ app_end ] --END-- [ RunTime:0.001190s ]

[ 2016-10-19T19:39:58+08:00 ] 127.0.0.1 /Dashboard/Manaexam/e.html?fid=1
INFO: [ app_init ] --START--
INFO: Run Behavior\BuildLiteBehavior [ RunTime:0.000013s ]
INFO: [ app_init ] --END-- [ RunTime:0.000270s ]
INFO: [ app_begin ] --START--
INFO: Run Behavior\ReadHtmlCacheBehavior [ RunTime:0.000339s ]
INFO: [ app_begin ] --END-- [ RunTime:0.000382s ]
SQL: SHOW COLUMNS FROM `es_user` [ RunTime:0.0006s ]
SQL: SELECT * FROM `es_user` WHERE `uid` = 1  [ RunTime:0.0003s ]
SQL: SHOW COLUMNS FROM `es_finish` [ RunTime:0.0006s ]
SQL: SELECT * FROM `es_finish` WHERE `fid` = 1  [ RunTime:0.0002s ]
SQL: SHOW COLUMNS FROM `es_record` [ RunTime:0.0005s ]
SQL: SELECT * FROM `es_record` WHERE `eid` = 1 AND `uid` = 1 AND `rtype` = 'K'  [ RunTime:0.0250s ]
SQL: SELECT * FROM `es_record` WHERE `eid` = 1 AND `uid` = 1 AND `rtype` = 'J'  [ RunTime:0.0004s ]
INFO: [ view_parse ] --START--
INFO: [ template_filter ] --START--
INFO: Run Behavior\ContentReplaceBehavior [ RunTime:0.000114s ]
INFO: [ template_filter ] --END-- [ RunTime:0.000156s ]
NOTIC: [8] Undefined variable: gac D:\Lanseria\Documents\php\Examination_System\Application\Runtime\Cache\Dashboard\32db501f4dbe66231518d818663bbbaa.php 第 112 行.
NOTIC: [8] Undefined variable: StartTag D:\Lanseria\Documents\php\Examination_System\Application\Runtime\Cache\Dashboard\32db501f4dbe66231518d818663bbbaa.php 第 120 行.
NOTIC: [8] Undefined variable: StartTag1 D:\Lanseria\Documents\php\Examination_System\Application\Runtime\Cache\Dashboard\32db501f4dbe66231518d818663bbbaa.php 第 127 行.
NOTIC: [8] Undefined variable: StartTag2 D:\Lanseria\Documents\php\Examination_System\Application\Runtime\Cache\Dashboard\32db501f4dbe66231518d818663bbbaa.php 第 133 行.
NOTIC: [8] Undefined variable: StartTag3 D:\Lanseria\Documents\php\Examination_System\Application\Runtime\Cache\Dashboard\32db501f4dbe66231518d818663bbbaa.php 第 139 行.
NOTIC: [8] Undefined variable: ExploreExam D:\Lanseria\Documents\php\Examination_System\Application\Runtime\Cache\Dashboard\32db501f4dbe66231518d818663bbbaa.php 第 148 行.
NOTIC: [8] Undefined variable: aac D:\Lanseria\Documents\php\Examination_System\Application\Runtime\Cache\Dashboard\32db501f4dbe66231518d818663bbbaa.php 第 155 行.
NOTIC: [8] Undefined variable: Muser D:\Lanseria\Documents\php\Examination_System\Application\Runtime\Cache\Dashboard\32db501f4dbe66231518d818663bbbaa.php 第 194 行.
INFO: Run Behavior\ParseTemplateBehavior [ RunTime:0.035942s ]
INFO: [ view_parse ] --END-- [ RunTime:0.035991s ]
INFO: [ view_filter ] --START--
INFO: Run Behavior\WriteHtmlCacheBehavior [ RunTime:0.000296s ]
INFO: [ view_filter ] --END-- [ RunTime:0.000327s ]
INFO: [ app_end ] --START--
INFO: Run Behavior\ShowPageTraceBehavior [ RunTime:0.000550s ]
INFO: [ app_end ] --END-- [ RunTime:0.000595s ]

[ 2016-10-19T19:44:16+08:00 ] 127.0.0.1 /Dashboard/Manaexam/e.html?fid=1
INFO: [ app_init ] --START--
INFO: Run Behavior\BuildLiteBehavior [ RunTime:0.000011s ]
INFO: [ app_init ] --END-- [ RunTime:0.000284s ]
INFO: [ app_begin ] --START--
INFO: Run Behavior\ReadHtmlCacheBehavior [ RunTime:0.000398s ]
INFO: [ app_begin ] --END-- [ RunTime:0.000440s ]
SQL: SHOW COLUMNS FROM `es_user` [ RunTime:0.1049s ]
SQL: SELECT * FROM `es_user` WHERE `uid` = 1  [ RunTime:0.0003s ]
SQL: SHOW COLUMNS FROM `es_finish` [ RunTime:0.0005s ]
SQL: SELECT * FROM `es_finish` WHERE `fid` = 1  [ RunTime:0.0002s ]
SQL: SHOW COLUMNS FROM `es_record` [ RunTime:0.0013s ]
SQL: SELECT * FROM `es_record` WHERE `eid` = 1 AND `uid` = 1 AND `rtype` = 'K'  [ RunTime:0.0007s ]
SQL: SELECT * FROM `es_record` WHERE `eid` = 1 AND `uid` = 1 AND `rtype` = 'J'  [ RunTime:0.0006s ]
INFO: [ view_parse ] --START--
INFO: [ template_filter ] --START--
INFO: Run Behavior\ContentReplaceBehavior [ RunTime:0.000117s ]
INFO: [ template_filter ] --END-- [ RunTime:0.000165s ]

[ 2016-10-19T19:44:33+08:00 ] 127.0.0.1 /Dashboard/Manaexam/e.html?fid=1
INFO: [ app_init ] --START--
INFO: Run Behavior\BuildLiteBehavior [ RunTime:0.000011s ]
INFO: [ app_init ] --END-- [ RunTime:0.000285s ]
INFO: [ app_begin ] --START--
INFO: Run Behavior\ReadHtmlCacheBehavior [ RunTime:0.000484s ]
INFO: [ app_begin ] --END-- [ RunTime:0.000532s ]
SQL: SHOW COLUMNS FROM `es_user` [ RunTime:0.0018s ]
SQL: SELECT * FROM `es_user` WHERE `uid` = 1  [ RunTime:0.0011s ]
SQL: SHOW COLUMNS FROM `es_finish` [ RunTime:0.0025s ]
SQL: SELECT * FROM `es_finish` WHERE `fid` = 1  [ RunTime:0.0008s ]
SQL: SHOW COLUMNS FROM `es_record` [ RunTime:0.0014s ]
SQL: SELECT * FROM `es_record` WHERE `eid` = 1 AND `uid` = 1 AND `rtype` = 'K'  [ RunTime:0.0009s ]
SQL: SELECT * FROM `es_record` WHERE `eid` = 1 AND `uid` = 1 AND `rtype` = 'J'  [ RunTime:0.0007s ]
INFO: [ view_parse ] --START--
INFO: [ template_filter ] --START--
INFO: Run Behavior\ContentReplaceBehavior [ RunTime:0.000218s ]
INFO: [ template_filter ] --END-- [ RunTime:0.000301s ]
NOTIC: [8] Undefined variable: gac D:\Lanseria\Documents\php\Examination_System\Application\Runtime\Cache\Dashboard\32db501f4dbe66231518d818663bbbaa.php 第 112 行.
NOTIC: [8] Undefined variable: StartTag D:\Lanseria\Documents\php\Examination_System\Application\Runtime\Cache\Dashboard\32db501f4dbe66231518d818663bbbaa.php 第 120 行.
NOTIC: [8] Undefined variable: StartTag1 D:\Lanseria\Documents\php\Examination_System\Application\Runtime\Cache\Dashboard\32db501f4dbe66231518d818663bbbaa.php 第 127 行.
NOTIC: [8] Undefined variable: StartTag2 D:\Lanseria\Documents\php\Examination_System\Application\Runtime\Cache\Dashboard\32db501f4dbe66231518d818663bbbaa.php 第 133 行.
NOTIC: [8] Undefined variable: StartTag3 D:\Lanseria\Documents\php\Examination_System\Application\Runtime\Cache\Dashboard\32db501f4dbe66231518d818663bbbaa.php 第 139 行.
NOTIC: [8] Undefined variable: ExploreExam D:\Lanseria\Documents\php\Examination_System\Application\Runtime\Cache\Dashboard\32db501f4dbe66231518d818663bbbaa.php 第 148 行.
NOTIC: [8] Undefined variable: aac D:\Lanseria\Documents\php\Examination_System\Application\Runtime\Cache\Dashboard\32db501f4dbe66231518d818663bbbaa.php 第 155 行.
NOTIC: [8] Undefined variable: Muser D:\Lanseria\Documents\php\Examination_System\Application\Runtime\Cache\Dashboard\32db501f4dbe66231518d818663bbbaa.php 第 194 行.
NOTIC: [8] Undefined variable: 210 D:\Lanseria\Documents\php\Examination_System\Application\Runtime\Cache\Dashboard\32db501f4dbe66231518d818663bbbaa.php 第 293 行.
NOTIC: [8] Undefined variable: 211 D:\Lanseria\Documents\php\Examination_System\Application\Runtime\Cache\Dashboard\32db501f4dbe66231518d818663bbbaa.php 第 293 行.
NOTIC: [8] Undefined variable: 212 D:\Lanseria\Documents\php\Examination_System\Application\Runtime\Cache\Dashboard\32db501f4dbe66231518d818663bbbaa.php 第 293 行.
NOTIC: [8] Undefined variable: 213 D:\Lanseria\Documents\php\Examination_System\Application\Runtime\Cache\Dashboard\32db501f4dbe66231518d818663bbbaa.php 第 293 行.
NOTIC: [8] Undefined variable: 220 D:\Lanseria\Documents\php\Examination_System\Application\Runtime\Cache\Dashboard\32db501f4dbe66231518d818663bbbaa.php 第 293 行.
NOTIC: [8] Undefined variable: 230 D:\Lanseria\Documents\php\Examination_System\Application\Runtime\Cache\Dashboard\32db501f4dbe66231518d818663bbbaa.php 第 293 行.
NOTIC: [8] Undefined variable: 231 D:\Lanseria\Documents\php\Examination_System\Application\Runtime\Cache\Dashboard\32db501f4dbe66231518d818663bbbaa.php 第 293 行.
NOTIC: [8] Undefined variable: 240 D:\Lanseria\Documents\php\Examination_System\Application\Runtime\Cache\Dashboard\32db501f4dbe66231518d818663bbbaa.php 第 293 行.
NOTIC: [8] Undefined variable: 241 D:\Lanseria\Documents\php\Examination_System\Application\Runtime\Cache\Dashboard\32db501f4dbe66231518d818663bbbaa.php 第 293 行.
NOTIC: [8] Undefined variable: 242 D:\Lanseria\Documents\php\Examination_System\Application\Runtime\Cache\Dashboard\32db501f4dbe66231518d818663bbbaa.php 第 293 行.
NOTIC: [8] Undefined variable: 243 D:\Lanseria\Documents\php\Examination_System\Application\Runtime\Cache\Dashboard\32db501f4dbe66231518d818663bbbaa.php 第 293 行.
NOTIC: [8] Undefined variable: 250 D:\Lanseria\Documents\php\Examination_System\Application\Runtime\Cache\Dashboard\32db501f4dbe66231518d818663bbbaa.php 第 293 行.
NOTIC: [8] Undefined variable: 251 D:\Lanseria\Documents\php\Examination_System\Application\Runtime\Cache\Dashboard\32db501f4dbe66231518d818663bbbaa.php 第 293 行.
NOTIC: [8] Undefined variable: 260 D:\Lanseria\Documents\php\Examination_System\Application\Runtime\Cache\Dashboard\32db501f4dbe66231518d818663bbbaa.php 第 293 行.
NOTIC: [8] Undefined variable: 261 D:\Lanseria\Documents\php\Examination_System\Application\Runtime\Cache\Dashboard\32db501f4dbe66231518d818663bbbaa.php 第 293 行.
INFO: Run Behavior\ParseTemplateBehavior [ RunTime:0.020939s ]
INFO: [ view_parse ] --END-- [ RunTime:0.021019s ]
INFO: [ view_filter ] --START--
INFO: Run Behavior\WriteHtmlCacheBehavior [ RunTime:0.000747s ]
INFO: [ view_filter ] --END-- [ RunTime:0.000831s ]
INFO: [ app_end ] --START--
INFO: Run Behavior\ShowPageTraceBehavior [ RunTime:0.001749s ]
INFO: [ app_end ] --END-- [ RunTime:0.001860s ]

[ 2016-10-19T19:44:47+08:00 ] 127.0.0.1 /Dashboard/Manaexam/e.html?fid=1
INFO: [ app_init ] --START--
INFO: Run Behavior\BuildLiteBehavior [ RunTime:0.000018s ]
INFO: [ app_init ] --END-- [ RunTime:0.000417s ]
INFO: [ app_begin ] --START--
INFO: Run Behavior\ReadHtmlCacheBehavior [ RunTime:0.000562s ]
INFO: [ app_begin ] --END-- [ RunTime:0.000674s ]
SQL: SHOW COLUMNS FROM `es_user` [ RunTime:0.0007s ]
SQL: SELECT * FROM `es_user` WHERE `uid` = 1  [ RunTime:0.0003s ]
SQL: SHOW COLUMNS FROM `es_finish` [ RunTime:0.0013s ]
SQL: SELECT * FROM `es_finish` WHERE `fid` = 1  [ RunTime:0.0003s ]
SQL: SHOW COLUMNS FROM `es_record` [ RunTime:0.0009s ]
SQL: SELECT * FROM `es_record` WHERE `eid` = 1 AND `uid` = 1 AND `rtype` = 'K'  [ RunTime:0.0006s ]
SQL: SELECT * FROM `es_record` WHERE `eid` = 1 AND `uid` = 1 AND `rtype` = 'J'  [ RunTime:0.0007s ]
INFO: [ view_parse ] --START--
INFO: [ template_filter ] --START--
INFO: Run Behavior\ContentReplaceBehavior [ RunTime:0.000101s ]
INFO: [ template_filter ] --END-- [ RunTime:0.000152s ]
NOTIC: [8] Undefined variable: gac D:\Lanseria\Documents\php\Examination_System\Application\Runtime\Cache\Dashboard\32db501f4dbe66231518d818663bbbaa.php 第 112 行.
NOTIC: [8] Undefined variable: StartTag D:\Lanseria\Documents\php\Examination_System\Application\Runtime\Cache\Dashboard\32db501f4dbe66231518d818663bbbaa.php 第 120 行.
NOTIC: [8] Undefined variable: StartTag1 D:\Lanseria\Documents\php\Examination_System\Application\Runtime\Cache\Dashboard\32db501f4dbe66231518d818663bbbaa.php 第 127 行.
NOTIC: [8] Undefined variable: StartTag2 D:\Lanseria\Documents\php\Examination_System\Application\Runtime\Cache\Dashboard\32db501f4dbe66231518d818663bbbaa.php 第 133 行.
NOTIC: [8] Undefined variable: StartTag3 D:\Lanseria\Documents\php\Examination_System\Application\Runtime\Cache\Dashboard\32db501f4dbe66231518d818663bbbaa.php 第 139 行.
NOTIC: [8] Undefined variable: ExploreExam D:\Lanseria\Documents\php\Examination_System\Application\Runtime\Cache\Dashboard\32db501f4dbe66231518d818663bbbaa.php 第 148 行.
NOTIC: [8] Undefined variable: aac D:\Lanseria\Documents\php\Examination_System\Application\Runtime\Cache\Dashboard\32db501f4dbe66231518d818663bbbaa.php 第 155 行.
NOTIC: [8] Undefined variable: Muser D:\Lanseria\Documents\php\Examination_System\Application\Runtime\Cache\Dashboard\32db501f4dbe66231518d818663bbbaa.php 第 194 行.
NOTIC: [8] Undefined variable: 210 D:\Lanseria\Documents\php\Examination_System\Application\Runtime\Cache\Dashboard\32db501f4dbe66231518d818663bbbaa.php 第 293 行.
NOTIC: [8] Undefined variable: 211 D:\Lanseria\Documents\php\Examination_System\Application\Runtime\Cache\Dashboard\32db501f4dbe66231518d818663bbbaa.php 第 293 行.
NOTIC: [8] Undefined variable: 212 D:\Lanseria\Documents\php\Examination_System\Application\Runtime\Cache\Dashboard\32db501f4dbe66231518d818663bbbaa.php 第 293 行.
NOTIC: [8] Undefined variable: 213 D:\Lanseria\Documents\php\Examination_System\Application\Runtime\Cache\Dashboard\32db501f4dbe66231518d818663bbbaa.php 第 293 行.
NOTIC: [8] Undefined variable: 220 D:\Lanseria\Documents\php\Examination_System\Application\Runtime\Cache\Dashboard\32db501f4dbe66231518d818663bbbaa.php 第 293 行.
NOTIC: [8] Undefined variable: 230 D:\Lanseria\Documents\php\Examination_System\Application\Runtime\Cache\Dashboard\32db501f4dbe66231518d818663bbbaa.php 第 293 行.
NOTIC: [8] Undefined variable: 231 D:\Lanseria\Documents\php\Examination_System\Application\Runtime\Cache\Dashboard\32db501f4dbe66231518d818663bbbaa.php 第 293 行.
NOTIC: [8] Undefined variable: 240 D:\Lanseria\Documents\php\Examination_System\Application\Runtime\Cache\Dashboard\32db501f4dbe66231518d818663bbbaa.php 第 293 行.
NOTIC: [8] Undefined variable: 241 D:\Lanseria\Documents\php\Examination_System\Application\Runtime\Cache\Dashboard\32db501f4dbe66231518d818663bbbaa.php 第 293 行.
NOTIC: [8] Undefined variable: 242 D:\Lanseria\Documents\php\Examination_System\Application\Runtime\Cache\Dashboard\32db501f4dbe66231518d818663bbbaa.php 第 293 行.
NOTIC: [8] Undefined variable: 243 D:\Lanseria\Documents\php\Examination_System\Application\Runtime\Cache\Dashboard\32db501f4dbe66231518d818663bbbaa.php 第 293 行.
NOTIC: [8] Undefined variable: 250 D:\Lanseria\Documents\php\Examination_System\Application\Runtime\Cache\Dashboard\32db501f4dbe66231518d818663bbbaa.php 第 293 行.
NOTIC: [8] Undefined variable: 251 D:\Lanseria\Documents\php\Examination_System\Application\Runtime\Cache\Dashboard\32db501f4dbe66231518d818663bbbaa.php 第 293 行.
NOTIC: [8] Undefined variable: 260 D:\Lanseria\Documents\php\Examination_System\Application\Runtime\Cache\Dashboard\32db501f4dbe66231518d818663bbbaa.php 第 293 行.
NOTIC: [8] Undefined variable: 261 D:\Lanseria\Documents\php\Examination_System\Application\Runtime\Cache\Dashboard\32db501f4dbe66231518d818663bbbaa.php 第 293 行.
INFO: Run Behavior\ParseTemplateBehavior [ RunTime:0.009668s ]
INFO: [ view_parse ] --END-- [ RunTime:0.009741s ]
INFO: [ view_filter ] --START--
INFO: Run Behavior\WriteHtmlCacheBehavior [ RunTime:0.000375s ]
INFO: [ view_filter ] --END-- [ RunTime:0.000424s ]
INFO: [ app_end ] --START--
INFO: Run Behavior\ShowPageTraceBehavior [ RunTime:0.000908s ]
INFO: [ app_end ] --END-- [ RunTime:0.001008s ]

[ 2016-10-19T19:45:02+08:00 ] 127.0.0.1 /Dashboard/Manaexam/e.html?fid=1
INFO: [ app_init ] --START--
INFO: Run Behavior\BuildLiteBehavior [ RunTime:0.000011s ]
INFO: [ app_init ] --END-- [ RunTime:0.000258s ]
INFO: [ app_begin ] --START--
INFO: Run Behavior\ReadHtmlCacheBehavior [ RunTime:0.000321s ]
INFO: [ app_begin ] --END-- [ RunTime:0.000362s ]
SQL: SHOW COLUMNS FROM `es_user` [ RunTime:0.0006s ]
SQL: SELECT * FROM `es_user` WHERE `uid` = 1  [ RunTime:0.1023s ]
SQL: SHOW COLUMNS FROM `es_finish` [ RunTime:0.0007s ]
SQL: SELECT * FROM `es_finish` WHERE `fid` = 1  [ RunTime:0.0003s ]
SQL: SHOW COLUMNS FROM `es_record` [ RunTime:0.0005s ]
SQL: SELECT * FROM `es_record` WHERE `eid` = 1 AND `uid` = 1 AND `rtype` = 'K'  [ RunTime:0.0004s ]
SQL: SELECT * FROM `es_record` WHERE `eid` = 1 AND `uid` = 1 AND `rtype` = 'J'  [ RunTime:0.0003s ]
INFO: [ view_parse ] --START--
INFO: [ template_filter ] --START--
INFO: Run Behavior\ContentReplaceBehavior [ RunTime:0.000098s ]
INFO: [ template_filter ] --END-- [ RunTime:0.000142s ]
NOTIC: [8] Undefined variable: gac D:\Lanseria\Documents\php\Examination_System\Application\Runtime\Cache\Dashboard\32db501f4dbe66231518d818663bbbaa.php 第 112 行.
NOTIC: [8] Undefined variable: StartTag D:\Lanseria\Documents\php\Examination_System\Application\Runtime\Cache\Dashboard\32db501f4dbe66231518d818663bbbaa.php 第 120 行.
NOTIC: [8] Undefined variable: StartTag1 D:\Lanseria\Documents\php\Examination_System\Application\Runtime\Cache\Dashboard\32db501f4dbe66231518d818663bbbaa.php 第 127 行.
NOTIC: [8] Undefined variable: StartTag2 D:\Lanseria\Documents\php\Examination_System\Application\Runtime\Cache\Dashboard\32db501f4dbe66231518d818663bbbaa.php 第 133 行.
NOTIC: [8] Undefined variable: StartTag3 D:\Lanseria\Documents\php\Examination_System\Application\Runtime\Cache\Dashboard\32db501f4dbe66231518d818663bbbaa.php 第 139 行.
NOTIC: [8] Undefined variable: ExploreExam D:\Lanseria\Documents\php\Examination_System\Application\Runtime\Cache\Dashboard\32db501f4dbe66231518d818663bbbaa.php 第 148 行.
NOTIC: [8] Undefined variable: aac D:\Lanseria\Documents\php\Examination_System\Application\Runtime\Cache\Dashboard\32db501f4dbe66231518d818663bbbaa.php 第 155 行.
NOTIC: [8] Undefined variable: Muser D:\Lanseria\Documents\php\Examination_System\Application\Runtime\Cache\Dashboard\32db501f4dbe66231518d818663bbbaa.php 第 194 行.
INFO: Run Behavior\ParseTemplateBehavior [ RunTime:0.010614s ]
INFO: [ view_parse ] --END-- [ RunTime:0.010655s ]
INFO: [ view_filter ] --START--
INFO: Run Behavior\WriteHtmlCacheBehavior [ RunTime:0.000266s ]
INFO: [ view_filter ] --END-- [ RunTime:0.000295s ]
INFO: [ app_end ] --START--
INFO: Run Behavior\ShowPageTraceBehavior [ RunTime:0.000632s ]
INFO: [ app_end ] --END-- [ RunTime:0.000691s ]

[ 2016-10-19T19:45:36+08:00 ] 127.0.0.1 /Dashboard/Manaexam/e.html?fid=1
INFO: [ app_init ] --START--
INFO: Run Behavior\BuildLiteBehavior [ RunTime:0.000011s ]
INFO: [ app_init ] --END-- [ RunTime:0.000257s ]
INFO: [ app_begin ] --START--
INFO: Run Behavior\ReadHtmlCacheBehavior [ RunTime:0.000352s ]
INFO: [ app_begin ] --END-- [ RunTime:0.000390s ]
SQL: SHOW COLUMNS FROM `es_user` [ RunTime:0.0009s ]
SQL: SELECT * FROM `es_user` WHERE `uid` = 1  [ RunTime:0.0003s ]
SQL: SHOW COLUMNS FROM `es_finish` [ RunTime:0.0006s ]
SQL: SELECT * FROM `es_finish` WHERE `fid` = 1  [ RunTime:0.0003s ]
SQL: SHOW COLUMNS FROM `es_record` [ RunTime:0.0005s ]
SQL: SELECT * FROM `es_record` WHERE `eid` = 1 AND `uid` = 1 AND `rtype` = 'K'  [ RunTime:0.0005s ]
SQL: SELECT * FROM `es_record` WHERE `eid` = 1 AND `uid` = 1 AND `rtype` = 'J'  [ RunTime:0.0003s ]
INFO: [ view_parse ] --START--
INFO: [ template_filter ] --START--
INFO: Run Behavior\ContentReplaceBehavior [ RunTime:0.000211s ]
INFO: [ template_filter ] --END-- [ RunTime:0.000380s ]
NOTIC: [8] Undefined variable: gac D:\Lanseria\Documents\php\Examination_System\Application\Runtime\Cache\Dashboard\32db501f4dbe66231518d818663bbbaa.php 第 112 行.
NOTIC: [8] Undefined variable: StartTag D:\Lanseria\Documents\php\Examination_System\Application\Runtime\Cache\Dashboard\32db501f4dbe66231518d818663bbbaa.php 第 120 行.
NOTIC: [8] Undefined variable: StartTag1 D:\Lanseria\Documents\php\Examination_System\Application\Runtime\Cache\Dashboard\32db501f4dbe66231518d818663bbbaa.php 第 127 行.
NOTIC: [8] Undefined variable: StartTag2 D:\Lanseria\Documents\php\Examination_System\Application\Runtime\Cache\Dashboard\32db501f4dbe66231518d818663bbbaa.php 第 133 行.
NOTIC: [8] Undefined variable: StartTag3 D:\Lanseria\Documents\php\Examination_System\Application\Runtime\Cache\Dashboard\32db501f4dbe66231518d818663bbbaa.php 第 139 行.
NOTIC: [8] Undefined variable: ExploreExam D:\Lanseria\Documents\php\Examination_System\Application\Runtime\Cache\Dashboard\32db501f4dbe66231518d818663bbbaa.php 第 148 行.
NOTIC: [8] Undefined variable: aac D:\Lanseria\Documents\php\Examination_System\Application\Runtime\Cache\Dashboard\32db501f4dbe66231518d818663bbbaa.php 第 155 行.
NOTIC: [8] Undefined variable: Muser D:\Lanseria\Documents\php\Examination_System\Application\Runtime\Cache\Dashboard\32db501f4dbe66231518d818663bbbaa.php 第 194 行.
INFO: Run Behavior\ParseTemplateBehavior [ RunTime:0.012639s ]
INFO: [ view_parse ] --END-- [ RunTime:0.012712s ]
INFO: [ view_filter ] --START--
INFO: Run Behavior\WriteHtmlCacheBehavior [ RunTime:0.000423s ]
INFO: [ view_filter ] --END-- [ RunTime:0.000468s ]
INFO: [ app_end ] --START--
INFO: Run Behavior\ShowPageTraceBehavior [ RunTime:0.000680s ]
INFO: [ app_end ] --END-- [ RunTime:0.000752s ]

[ 2016-10-19T19:46:09+08:00 ] 127.0.0.1 /Dashboard/Manaexam/e.html?fid=1
INFO: [ app_init ] --START--
INFO: Run Behavior\BuildLiteBehavior [ RunTime:0.000021s ]
INFO: [ app_init ] --END-- [ RunTime:0.000465s ]
INFO: [ app_begin ] --START--
INFO: Run Behavior\ReadHtmlCacheBehavior [ RunTime:0.000638s ]
INFO: [ app_begin ] --END-- [ RunTime:0.000695s ]
SQL: SHOW COLUMNS FROM `es_user` [ RunTime:0.0010s ]
SQL: SELECT * FROM `es_user` WHERE `uid` = 1  [ RunTime:0.0004s ]
SQL: SHOW COLUMNS FROM `es_finish` [ RunTime:0.0009s ]
SQL: SELECT * FROM `es_finish` WHERE `fid` = 1  [ RunTime:0.0003s ]
SQL: SHOW COLUMNS FROM `es_record` [ RunTime:0.0006s ]
SQL: SELECT * FROM `es_record` WHERE `eid` = 1 AND `uid` = 1 AND `rtype` = 'K'  [ RunTime:0.0005s ]
SQL: SELECT * FROM `es_record` WHERE `eid` = 1 AND `uid` = 1 AND `rtype` = 'J'  [ RunTime:0.0003s ]
INFO: [ view_parse ] --START--
INFO: [ template_filter ] --START--
INFO: Run Behavior\ContentReplaceBehavior [ RunTime:0.000163s ]
INFO: [ template_filter ] --END-- [ RunTime:0.000225s ]
NOTIC: [8] Undefined variable: gac D:\Lanseria\Documents\php\Examination_System\Application\Runtime\Cache\Dashboard\32db501f4dbe66231518d818663bbbaa.php 第 112 行.
NOTIC: [8] Undefined variable: StartTag D:\Lanseria\Documents\php\Examination_System\Application\Runtime\Cache\Dashboard\32db501f4dbe66231518d818663bbbaa.php 第 120 行.
NOTIC: [8] Undefined variable: StartTag1 D:\Lanseria\Documents\php\Examination_System\Application\Runtime\Cache\Dashboard\32db501f4dbe66231518d818663bbbaa.php 第 127 行.
NOTIC: [8] Undefined variable: StartTag2 D:\Lanseria\Documents\php\Examination_System\Application\Runtime\Cache\Dashboard\32db501f4dbe66231518d818663bbbaa.php 第 133 行.
NOTIC: [8] Undefined variable: StartTag3 D:\Lanseria\Documents\php\Examination_System\Application\Runtime\Cache\Dashboard\32db501f4dbe66231518d818663bbbaa.php 第 139 行.
NOTIC: [8] Undefined variable: ExploreExam D:\Lanseria\Documents\php\Examination_System\Application\Runtime\Cache\Dashboard\32db501f4dbe66231518d818663bbbaa.php 第 148 行.
NOTIC: [8] Undefined variable: aac D:\Lanseria\Documents\php\Examination_System\Application\Runtime\Cache\Dashboard\32db501f4dbe66231518d818663bbbaa.php 第 155 行.
NOTIC: [8] Undefined variable: Muser D:\Lanseria\Documents\php\Examination_System\Application\Runtime\Cache\Dashboard\32db501f4dbe66231518d818663bbbaa.php 第 194 行.
INFO: Run Behavior\ParseTemplateBehavior [ RunTime:0.012563s ]
INFO: [ view_parse ] --END-- [ RunTime:0.012625s ]
INFO: [ view_filter ] --START--
INFO: Run Behavior\WriteHtmlCacheBehavior [ RunTime:0.000773s ]
INFO: [ view_filter ] --END-- [ RunTime:0.000838s ]
INFO: [ app_end ] --START--
INFO: Run Behavior\ShowPageTraceBehavior [ RunTime:0.001264s ]
INFO: [ app_end ] --END-- [ RunTime:0.001359s ]

[ 2016-10-19T19:46:34+08:00 ] 127.0.0.1 /Dashboard/Manaexam/e.html?fid=1
INFO: [ app_init ] --START--
INFO: Run Behavior\BuildLiteBehavior [ RunTime:0.000012s ]
INFO: [ app_init ] --END-- [ RunTime:0.000282s ]
INFO: [ app_begin ] --START--
INFO: Run Behavior\ReadHtmlCacheBehavior [ RunTime:0.000507s ]
INFO: [ app_begin ] --END-- [ RunTime:0.000570s ]
SQL: SHOW COLUMNS FROM `es_user` [ RunTime:0.0006s ]
SQL: SELECT * FROM `es_user` WHERE `uid` = 1  [ RunTime:0.0003s ]
SQL: SHOW COLUMNS FROM `es_finish` [ RunTime:0.0005s ]
SQL: SELECT * FROM `es_finish` WHERE `fid` = 1  [ RunTime:0.0002s ]
SQL: SHOW COLUMNS FROM `es_record` [ RunTime:0.0005s ]
SQL: SELECT * FROM `es_record` WHERE `eid` = 1 AND `uid` = 1 AND `rtype` = 'K'  [ RunTime:0.0004s ]
SQL: SELECT * FROM `es_record` WHERE `eid` = 1 AND `uid` = 1 AND `rtype` = 'J'  [ RunTime:0.0004s ]
INFO: [ view_parse ] --START--
INFO: [ template_filter ] --START--
INFO: Run Behavior\ContentReplaceBehavior [ RunTime:0.000096s ]
INFO: [ template_filter ] --END-- [ RunTime:0.000138s ]
NOTIC: [8] Undefined variable: gac D:\Lanseria\Documents\php\Examination_System\Application\Runtime\Cache\Dashboard\32db501f4dbe66231518d818663bbbaa.php 第 112 行.
NOTIC: [8] Undefined variable: StartTag D:\Lanseria\Documents\php\Examination_System\Application\Runtime\Cache\Dashboard\32db501f4dbe66231518d818663bbbaa.php 第 120 行.
NOTIC: [8] Undefined variable: StartTag1 D:\Lanseria\Documents\php\Examination_System\Application\Runtime\Cache\Dashboard\32db501f4dbe66231518d818663bbbaa.php 第 127 行.
NOTIC: [8] Undefined variable: StartTag2 D:\Lanseria\Documents\php\Examination_System\Application\Runtime\Cache\Dashboard\32db501f4dbe66231518d818663bbbaa.php 第 133 行.
NOTIC: [8] Undefined variable: StartTag3 D:\Lanseria\Documents\php\Examination_System\Application\Runtime\Cache\Dashboard\32db501f4dbe66231518d818663bbbaa.php 第 139 行.
NOTIC: [8] Undefined variable: ExploreExam D:\Lanseria\Documents\php\Examination_System\Application\Runtime\Cache\Dashboard\32db501f4dbe66231518d818663bbbaa.php 第 148 行.
NOTIC: [8] Undefined variable: aac D:\Lanseria\Documents\php\Examination_System\Application\Runtime\Cache\Dashboard\32db501f4dbe66231518d818663bbbaa.php 第 155 行.
NOTIC: [8] Undefined variable: Muser D:\Lanseria\Documents\php\Examination_System\Application\Runtime\Cache\Dashboard\32db501f4dbe66231518d818663bbbaa.php 第 194 行.
INFO: Run Behavior\ParseTemplateBehavior [ RunTime:0.010431s ]
INFO: [ view_parse ] --END-- [ RunTime:0.010473s ]
INFO: [ view_filter ] --START--
INFO: Run Behavior\WriteHtmlCacheBehavior [ RunTime:0.000268s ]
INFO: [ view_filter ] --END-- [ RunTime:0.000297s ]
INFO: [ app_end ] --START--
INFO: Run Behavior\ShowPageTraceBehavior [ RunTime:0.000583s ]
INFO: [ app_end ] --END-- [ RunTime:0.000637s ]

[ 2016-10-19T19:54:53+08:00 ] 127.0.0.1 /Dashboard/Manaexam/e.html?fid=1
INFO: [ app_init ] --START--
INFO: Run Behavior\BuildLiteBehavior [ RunTime:0.000020s ]
INFO: [ app_init ] --END-- [ RunTime:0.000785s ]
INFO: [ app_begin ] --START--
INFO: Run Behavior\ReadHtmlCacheBehavior [ RunTime:0.000395s ]
INFO: [ app_begin ] --END-- [ RunTime:0.000444s ]
SQL: SHOW COLUMNS FROM `es_user` [ RunTime:0.0499s ]
SQL: SELECT * FROM `es_user` WHERE `uid` = 1  [ RunTime:0.0004s ]
SQL: SHOW COLUMNS FROM `es_finish` [ RunTime:0.0005s ]
SQL: SELECT * FROM `es_finish` WHERE `fid` = 1  [ RunTime:0.0003s ]
SQL: SHOW COLUMNS FROM `es_record` [ RunTime:0.0005s ]
SQL: SELECT * FROM `es_record` WHERE `eid` = 1 AND `uid` = 1 AND `rtype` = 'K'  [ RunTime:0.0004s ]
SQL: SELECT * FROM `es_record` WHERE `eid` = 1 AND `uid` = 1 AND `rtype` = 'J'  [ RunTime:0.0003s ]
INFO: [ view_parse ] --START--
INFO: [ template_filter ] --START--
INFO: Run Behavior\ContentReplaceBehavior [ RunTime:0.000102s ]
INFO: [ template_filter ] --END-- [ RunTime:0.000144s ]
NOTIC: [8] Undefined variable: gac D:\Lanseria\Documents\php\Examination_System\Application\Runtime\Cache\Dashboard\32db501f4dbe66231518d818663bbbaa.php 第 112 行.
NOTIC: [8] Undefined variable: StartTag D:\Lanseria\Documents\php\Examination_System\Application\Runtime\Cache\Dashboard\32db501f4dbe66231518d818663bbbaa.php 第 120 行.
NOTIC: [8] Undefined variable: StartTag1 D:\Lanseria\Documents\php\Examination_System\Application\Runtime\Cache\Dashboard\32db501f4dbe66231518d818663bbbaa.php 第 127 行.
NOTIC: [8] Undefined variable: StartTag2 D:\Lanseria\Documents\php\Examination_System\Application\Runtime\Cache\Dashboard\32db501f4dbe66231518d818663bbbaa.php 第 133 行.
NOTIC: [8] Undefined variable: StartTag3 D:\Lanseria\Documents\php\Examination_System\Application\Runtime\Cache\Dashboard\32db501f4dbe66231518d818663bbbaa.php 第 139 行.
NOTIC: [8] Undefined variable: ExploreExam D:\Lanseria\Documents\php\Examination_System\Application\Runtime\Cache\Dashboard\32db501f4dbe66231518d818663bbbaa.php 第 148 行.
NOTIC: [8] Undefined variable: aac D:\Lanseria\Documents\php\Examination_System\Application\Runtime\Cache\Dashboard\32db501f4dbe66231518d818663bbbaa.php 第 155 行.
NOTIC: [8] Undefined variable: Muser D:\Lanseria\Documents\php\Examination_System\Application\Runtime\Cache\Dashboard\32db501f4dbe66231518d818663bbbaa.php 第 194 行.
INFO: Run Behavior\ParseTemplateBehavior [ RunTime:0.011008s ]
INFO: [ view_parse ] --END-- [ RunTime:0.011053s ]
INFO: [ view_filter ] --START--
INFO: Run Behavior\WriteHtmlCacheBehavior [ RunTime:0.000265s ]
INFO: [ view_filter ] --END-- [ RunTime:0.000296s ]
INFO: [ app_end ] --START--
INFO: Run Behavior\ShowPageTraceBehavior [ RunTime:0.000667s ]
INFO: [ app_end ] --END-- [ RunTime:0.000740s ]

[ 2016-10-19T19:55:21+08:00 ] 127.0.0.1 /Dashboard/Manaexam/e.html?fid=1
INFO: [ app_init ] --START--
INFO: Run Behavior\BuildLiteBehavior [ RunTime:0.000014s ]
INFO: [ app_init ] --END-- [ RunTime:0.000375s ]
INFO: [ app_begin ] --START--
INFO: Run Behavior\ReadHtmlCacheBehavior [ RunTime:0.000377s ]
INFO: [ app_begin ] --END-- [ RunTime:0.000422s ]
SQL: SHOW COLUMNS FROM `es_user` [ RunTime:0.0006s ]
SQL: SELECT * FROM `es_user` WHERE `uid` = 1  [ RunTime:0.0003s ]
SQL: SHOW COLUMNS FROM `es_finish` [ RunTime:0.0005s ]
SQL: SELECT * FROM `es_finish` WHERE `fid` = 1  [ RunTime:0.0002s ]
SQL: SHOW COLUMNS FROM `es_record` [ RunTime:0.0005s ]
SQL: SELECT * FROM `es_record` WHERE `eid` = 1 AND `uid` = 1 AND `rtype` = 'K'  [ RunTime:0.0003s ]
SQL: SELECT * FROM `es_record` WHERE `eid` = 1 AND `uid` = 1 AND `rtype` = 'J'  [ RunTime:0.0003s ]
INFO: [ view_parse ] --START--
INFO: [ template_filter ] --START--
INFO: Run Behavior\ContentReplaceBehavior [ RunTime:0.000163s ]
INFO: [ template_filter ] --END-- [ RunTime:0.000229s ]
NOTIC: [8] Undefined variable: gac D:\Lanseria\Documents\php\Examination_System\Application\Runtime\Cache\Dashboard\32db501f4dbe66231518d818663bbbaa.php 第 112 行.
NOTIC: [8] Undefined variable: StartTag D:\Lanseria\Documents\php\Examination_System\Application\Runtime\Cache\Dashboard\32db501f4dbe66231518d818663bbbaa.php 第 120 行.
NOTIC: [8] Undefined variable: StartTag1 D:\Lanseria\Documents\php\Examination_System\Application\Runtime\Cache\Dashboard\32db501f4dbe66231518d818663bbbaa.php 第 127 行.
NOTIC: [8] Undefined variable: StartTag2 D:\Lanseria\Documents\php\Examination_System\Application\Runtime\Cache\Dashboard\32db501f4dbe66231518d818663bbbaa.php 第 133 行.
NOTIC: [8] Undefined variable: StartTag3 D:\Lanseria\Documents\php\Examination_System\Application\Runtime\Cache\Dashboard\32db501f4dbe66231518d818663bbbaa.php 第 139 行.
NOTIC: [8] Undefined variable: ExploreExam D:\Lanseria\Documents\php\Examination_System\Application\Runtime\Cache\Dashboard\32db501f4dbe66231518d818663bbbaa.php 第 148 行.
NOTIC: [8] Undefined variable: aac D:\Lanseria\Documents\php\Examination_System\Application\Runtime\Cache\Dashboard\32db501f4dbe66231518d818663bbbaa.php 第 155 行.
NOTIC: [8] Undefined variable: Muser D:\Lanseria\Documents\php\Examination_System\Application\Runtime\Cache\Dashboard\32db501f4dbe66231518d818663bbbaa.php 第 194 行.
INFO: Run Behavior\ParseTemplateBehavior [ RunTime:0.014375s ]
INFO: [ view_parse ] --END-- [ RunTime:0.014426s ]
INFO: [ view_filter ] --START--
INFO: Run Behavior\WriteHtmlCacheBehavior [ RunTime:0.000377s ]
INFO: [ view_filter ] --END-- [ RunTime:0.000422s ]
INFO: [ app_end ] --START--
INFO: Run Behavior\ShowPageTraceBehavior [ RunTime:0.000635s ]
INFO: [ app_end ] --END-- [ RunTime:0.000701s ]

[ 2016-10-19T19:55:47+08:00 ] 127.0.0.1 /Dashboard/Manaexam/e.html?fid=1
INFO: [ app_init ] --START--
INFO: Run Behavior\BuildLiteBehavior [ RunTime:0.000018s ]
INFO: [ app_init ] --END-- [ RunTime:0.000330s ]
INFO: [ app_begin ] --START--
INFO: Run Behavior\ReadHtmlCacheBehavior [ RunTime:0.000445s ]
INFO: [ app_begin ] --END-- [ RunTime:0.000494s ]
SQL: SHOW COLUMNS FROM `es_user` [ RunTime:0.0007s ]
SQL: SELECT * FROM `es_user` WHERE `uid` = 1  [ RunTime:0.0005s ]
SQL: SHOW COLUMNS FROM `es_finish` [ RunTime:0.0008s ]
SQL: SELECT * FROM `es_finish` WHERE `fid` = 1  [ RunTime:0.0004s ]
SQL: SHOW COLUMNS FROM `es_record` [ RunTime:0.0010s ]
SQL: SELECT * FROM `es_record` WHERE `eid` = 1 AND `uid` = 1 AND `rtype` = 'K'  [ RunTime:0.0005s ]
SQL: SELECT * FROM `es_record` WHERE `eid` = 1 AND `uid` = 1 AND `rtype` = 'J'  [ RunTime:0.0003s ]
INFO: [ view_parse ] --START--
INFO: [ template_filter ] --START--
INFO: Run Behavior\ContentReplaceBehavior [ RunTime:0.000102s ]
INFO: [ template_filter ] --END-- [ RunTime:0.000144s ]
NOTIC: [8] Undefined variable: gac D:\Lanseria\Documents\php\Examination_System\Application\Runtime\Cache\Dashboard\32db501f4dbe66231518d818663bbbaa.php 第 112 行.
NOTIC: [8] Undefined variable: StartTag D:\Lanseria\Documents\php\Examination_System\Application\Runtime\Cache\Dashboard\32db501f4dbe66231518d818663bbbaa.php 第 120 行.
NOTIC: [8] Undefined variable: StartTag1 D:\Lanseria\Documents\php\Examination_System\Application\Runtime\Cache\Dashboard\32db501f4dbe66231518d818663bbbaa.php 第 127 行.
NOTIC: [8] Undefined variable: StartTag2 D:\Lanseria\Documents\php\Examination_System\Application\Runtime\Cache\Dashboard\32db501f4dbe66231518d818663bbbaa.php 第 133 行.
NOTIC: [8] Undefined variable: StartTag3 D:\Lanseria\Documents\php\Examination_System\Application\Runtime\Cache\Dashboard\32db501f4dbe66231518d818663bbbaa.php 第 139 行.
NOTIC: [8] Undefined variable: ExploreExam D:\Lanseria\Documents\php\Examination_System\Application\Runtime\Cache\Dashboard\32db501f4dbe66231518d818663bbbaa.php 第 148 行.
NOTIC: [8] Undefined variable: aac D:\Lanseria\Documents\php\Examination_System\Application\Runtime\Cache\Dashboard\32db501f4dbe66231518d818663bbbaa.php 第 155 行.
NOTIC: [8] Undefined variable: Muser D:\Lanseria\Documents\php\Examination_System\Application\Runtime\Cache\Dashboard\32db501f4dbe66231518d818663bbbaa.php 第 194 行.
INFO: Run Behavior\ParseTemplateBehavior [ RunTime:0.010687s ]
INFO: [ view_parse ] --END-- [ RunTime:0.010759s ]
INFO: [ view_filter ] --START--
INFO: Run Behavior\WriteHtmlCacheBehavior [ RunTime:0.000622s ]
INFO: [ view_filter ] --END-- [ RunTime:0.000700s ]
INFO: [ app_end ] --START--
INFO: Run Behavior\ShowPageTraceBehavior [ RunTime:0.000703s ]
INFO: [ app_end ] --END-- [ RunTime:0.000781s ]

[ 2016-10-19T19:56:16+08:00 ] 127.0.0.1 /Dashboard/Manaexam/e.html?fid=1
INFO: [ app_init ] --START--
INFO: Run Behavior\BuildLiteBehavior [ RunTime:0.000009s ]
INFO: [ app_init ] --END-- [ RunTime:0.000254s ]
INFO: [ app_begin ] --START--
INFO: Run Behavior\ReadHtmlCacheBehavior [ RunTime:0.000419s ]
INFO: [ app_begin ] --END-- [ RunTime:0.000466s ]
SQL: SHOW COLUMNS FROM `es_user` [ RunTime:0.0039s ]
SQL: SELECT * FROM `es_user` WHERE `uid` = 1  [ RunTime:0.0003s ]
SQL: SHOW COLUMNS FROM `es_finish` [ RunTime:0.0005s ]
SQL: SELECT * FROM `es_finish` WHERE `fid` = 1  [ RunTime:0.0002s ]
SQL: SHOW COLUMNS FROM `es_record` [ RunTime:0.0005s ]
SQL: SELECT * FROM `es_record` WHERE `eid` = 1 AND `uid` = 1 AND `rtype` = 'K'  [ RunTime:0.0003s ]
SQL: SELECT * FROM `es_record` WHERE `eid` = 1 AND `uid` = 1 AND `rtype` = 'J'  [ RunTime:0.0003s ]
INFO: [ view_parse ] --START--
INFO: [ template_filter ] --START--
INFO: Run Behavior\ContentReplaceBehavior [ RunTime:0.000095s ]
INFO: [ template_filter ] --END-- [ RunTime:0.000136s ]
NOTIC: [8] Undefined variable: gac D:\Lanseria\Documents\php\Examination_System\Application\Runtime\Cache\Dashboard\32db501f4dbe66231518d818663bbbaa.php 第 112 行.
NOTIC: [8] Undefined variable: StartTag D:\Lanseria\Documents\php\Examination_System\Application\Runtime\Cache\Dashboard\32db501f4dbe66231518d818663bbbaa.php 第 120 行.
NOTIC: [8] Undefined variable: StartTag1 D:\Lanseria\Documents\php\Examination_System\Application\Runtime\Cache\Dashboard\32db501f4dbe66231518d818663bbbaa.php 第 127 行.
NOTIC: [8] Undefined variable: StartTag2 D:\Lanseria\Documents\php\Examination_System\Application\Runtime\Cache\Dashboard\32db501f4dbe66231518d818663bbbaa.php 第 133 行.
NOTIC: [8] Undefined variable: StartTag3 D:\Lanseria\Documents\php\Examination_System\Application\Runtime\Cache\Dashboard\32db501f4dbe66231518d818663bbbaa.php 第 139 行.
NOTIC: [8] Undefined variable: ExploreExam D:\Lanseria\Documents\php\Examination_System\Application\Runtime\Cache\Dashboard\32db501f4dbe66231518d818663bbbaa.php 第 148 行.
NOTIC: [8] Undefined variable: aac D:\Lanseria\Documents\php\Examination_System\Application\Runtime\Cache\Dashboard\32db501f4dbe66231518d818663bbbaa.php 第 155 行.
NOTIC: [8] Undefined variable: Muser D:\Lanseria\Documents\php\Examination_System\Application\Runtime\Cache\Dashboard\32db501f4dbe66231518d818663bbbaa.php 第 194 行.
INFO: Run Behavior\ParseTemplateBehavior [ RunTime:0.010681s ]
INFO: [ view_parse ] --END-- [ RunTime:0.010721s ]
INFO: [ view_filter ] --START--
INFO: Run Behavior\WriteHtmlCacheBehavior [ RunTime:0.000264s ]
INFO: [ view_filter ] --END-- [ RunTime:0.000294s ]
INFO: [ app_end ] --START--
INFO: Run Behavior\ShowPageTraceBehavior [ RunTime:0.000629s ]
INFO: [ app_end ] --END-- [ RunTime:0.000698s ]

[ 2016-10-19T19:56:49+08:00 ] 127.0.0.1 /Dashboard/Manaexam/e.html?fid=1
INFO: [ app_init ] --START--
INFO: Run Behavior\BuildLiteBehavior [ RunTime:0.000011s ]
INFO: [ app_init ] --END-- [ RunTime:0.000283s ]
INFO: [ app_begin ] --START--
INFO: Run Behavior\ReadHtmlCacheBehavior [ RunTime:0.000408s ]
INFO: [ app_begin ] --END-- [ RunTime:0.000449s ]
SQL: SHOW COLUMNS FROM `es_user` [ RunTime:0.0005s ]
SQL: SELECT * FROM `es_user` WHERE `uid` = 1  [ RunTime:0.0002s ]
SQL: SHOW COLUMNS FROM `es_finish` [ RunTime:0.0005s ]
SQL: SELECT * FROM `es_finish` WHERE `fid` = 1  [ RunTime:0.0003s ]
SQL: SHOW COLUMNS FROM `es_record` [ RunTime:0.0005s ]
SQL: SELECT * FROM `es_record` WHERE `eid` = 1 AND `uid` = 1 AND `rtype` = 'K'  [ RunTime:0.0004s ]
SQL: SELECT * FROM `es_record` WHERE `eid` = 1 AND `uid` = 1 AND `rtype` = 'J'  [ RunTime:0.0003s ]
INFO: [ view_parse ] --START--
INFO: [ template_filter ] --START--
INFO: Run Behavior\ContentReplaceBehavior [ RunTime:0.000177s ]
INFO: [ template_filter ] --END-- [ RunTime:0.000270s ]
NOTIC: [8] Undefined variable: gac D:\Lanseria\Documents\php\Examination_System\Application\Runtime\Cache\Dashboard\32db501f4dbe66231518d818663bbbaa.php 第 112 行.
NOTIC: [8] Undefined variable: StartTag D:\Lanseria\Documents\php\Examination_System\Application\Runtime\Cache\Dashboard\32db501f4dbe66231518d818663bbbaa.php 第 120 行.
NOTIC: [8] Undefined variable: StartTag1 D:\Lanseria\Documents\php\Examination_System\Application\Runtime\Cache\Dashboard\32db501f4dbe66231518d818663bbbaa.php 第 127 行.
NOTIC: [8] Undefined variable: StartTag2 D:\Lanseria\Documents\php\Examination_System\Application\Runtime\Cache\Dashboard\32db501f4dbe66231518d818663bbbaa.php 第 133 行.
NOTIC: [8] Undefined variable: StartTag3 D:\Lanseria\Documents\php\Examination_System\Application\Runtime\Cache\Dashboard\32db501f4dbe66231518d818663bbbaa.php 第 139 行.
NOTIC: [8] Undefined variable: ExploreExam D:\Lanseria\Documents\php\Examination_System\Application\Runtime\Cache\Dashboard\32db501f4dbe66231518d818663bbbaa.php 第 148 行.
NOTIC: [8] Undefined variable: aac D:\Lanseria\Documents\php\Examination_System\Application\Runtime\Cache\Dashboard\32db501f4dbe66231518d818663bbbaa.php 第 155 行.
NOTIC: [8] Undefined variable: Muser D:\Lanseria\Documents\php\Examination_System\Application\Runtime\Cache\Dashboard\32db501f4dbe66231518d818663bbbaa.php 第 194 行.
INFO: Run Behavior\ParseTemplateBehavior [ RunTime:0.010576s ]
INFO: [ view_parse ] --END-- [ RunTime:0.010621s ]
INFO: [ view_filter ] --START--
INFO: Run Behavior\WriteHtmlCacheBehavior [ RunTime:0.000284s ]
INFO: [ view_filter ] --END-- [ RunTime:0.000313s ]
INFO: [ app_end ] --START--
INFO: Run Behavior\ShowPageTraceBehavior [ RunTime:0.000629s ]
INFO: [ app_end ] --END-- [ RunTime:0.000696s ]

[ 2016-10-19T19:57:20+08:00 ] 127.0.0.1 /Dashboard/Manaexam/e.html?fid=1
INFO: [ app_init ] --START--
INFO: Run Behavior\BuildLiteBehavior [ RunTime:0.000023s ]
INFO: [ app_init ] --END-- [ RunTime:0.000527s ]
INFO: [ app_begin ] --START--
INFO: Run Behavior\ReadHtmlCacheBehavior [ RunTime:0.000542s ]
INFO: [ app_begin ] --END-- [ RunTime:0.000625s ]
SQL: SHOW COLUMNS FROM `es_user` [ RunTime:0.0005s ]
SQL: SELECT * FROM `es_user` WHERE `uid` = 1  [ RunTime:0.0002s ]
SQL: SHOW COLUMNS FROM `es_finish` [ RunTime:0.0005s ]
SQL: SELECT * FROM `es_finish` WHERE `fid` = 1  [ RunTime:0.0003s ]
SQL: SHOW COLUMNS FROM `es_record` [ RunTime:0.0015s ]
SQL: SELECT * FROM `es_record` WHERE `eid` = 1 AND `uid` = 1 AND `rtype` = 'K'  [ RunTime:0.0007s ]
SQL: SELECT * FROM `es_record` WHERE `eid` = 1 AND `uid` = 1 AND `rtype` = 'J'  [ RunTime:0.0006s ]
INFO: [ view_parse ] --START--
INFO: [ template_filter ] --START--
INFO: Run Behavior\ContentReplaceBehavior [ RunTime:0.000100s ]
INFO: [ template_filter ] --END-- [ RunTime:0.000144s ]
NOTIC: [8] Undefined variable: gac D:\Lanseria\Documents\php\Examination_System\Application\Runtime\Cache\Dashboard\32db501f4dbe66231518d818663bbbaa.php 第 112 行.
NOTIC: [8] Undefined variable: StartTag D:\Lanseria\Documents\php\Examination_System\Application\Runtime\Cache\Dashboard\32db501f4dbe66231518d818663bbbaa.php 第 120 行.
NOTIC: [8] Undefined variable: StartTag1 D:\Lanseria\Documents\php\Examination_System\Application\Runtime\Cache\Dashboard\32db501f4dbe66231518d818663bbbaa.php 第 127 行.
NOTIC: [8] Undefined variable: StartTag2 D:\Lanseria\Documents\php\Examination_System\Application\Runtime\Cache\Dashboard\32db501f4dbe66231518d818663bbbaa.php 第 133 行.
NOTIC: [8] Undefined variable: StartTag3 D:\Lanseria\Documents\php\Examination_System\Application\Runtime\Cache\Dashboard\32db501f4dbe66231518d818663bbbaa.php 第 139 行.
NOTIC: [8] Undefined variable: ExploreExam D:\Lanseria\Documents\php\Examination_System\Application\Runtime\Cache\Dashboard\32db501f4dbe66231518d818663bbbaa.php 第 148 行.
NOTIC: [8] Undefined variable: aac D:\Lanseria\Documents\php\Examination_System\Application\Runtime\Cache\Dashboard\32db501f4dbe66231518d818663bbbaa.php 第 155 行.
NOTIC: [8] Undefined variable: Muser D:\Lanseria\Documents\php\Examination_System\Application\Runtime\Cache\Dashboard\32db501f4dbe66231518d818663bbbaa.php 第 194 行.
INFO: Run Behavior\ParseTemplateBehavior [ RunTime:0.010728s ]
INFO: [ view_parse ] --END-- [ RunTime:0.010788s ]
INFO: [ view_filter ] --START--
INFO: Run Behavior\WriteHtmlCacheBehavior [ RunTime:0.000256s ]
INFO: [ view_filter ] --END-- [ RunTime:0.000284s ]
INFO: [ app_end ] --START--
INFO: Run Behavior\ShowPageTraceBehavior [ RunTime:0.000764s ]
INFO: [ app_end ] --END-- [ RunTime:0.000837s ]

[ 2016-10-19T19:58:45+08:00 ] 127.0.0.1 /Dashboard/Manaexam/e.html?fid=1
INFO: [ app_init ] --START--
INFO: Run Behavior\BuildLiteBehavior [ RunTime:0.000012s ]
INFO: [ app_init ] --END-- [ RunTime:0.000293s ]
INFO: [ app_begin ] --START--
INFO: Run Behavior\ReadHtmlCacheBehavior [ RunTime:0.000398s ]
INFO: [ app_begin ] --END-- [ RunTime:0.000444s ]
SQL: SHOW COLUMNS FROM `es_user` [ RunTime:0.0007s ]
SQL: SELECT * FROM `es_user` WHERE `uid` = 1  [ RunTime:0.0003s ]
SQL: SHOW COLUMNS FROM `es_finish` [ RunTime:0.0005s ]
SQL: SELECT * FROM `es_finish` WHERE `fid` = 1  [ RunTime:0.0003s ]
SQL: SHOW COLUMNS FROM `es_record` [ RunTime:0.0005s ]
SQL: SELECT * FROM `es_record` WHERE `eid` = 1 AND `uid` = 1 AND `rtype` = 'K'  [ RunTime:0.0004s ]
SQL: SELECT * FROM `es_record` WHERE `eid` = 1 AND `uid` = 1 AND `rtype` = 'J'  [ RunTime:0.0003s ]
INFO: [ view_parse ] --START--
INFO: [ template_filter ] --START--
INFO: Run Behavior\ContentReplaceBehavior [ RunTime:0.000119s ]
INFO: [ template_filter ] --END-- [ RunTime:0.000167s ]
NOTIC: [8] Undefined variable: gac D:\Lanseria\Documents\php\Examination_System\Application\Runtime\Cache\Dashboard\32db501f4dbe66231518d818663bbbaa.php 第 112 行.
NOTIC: [8] Undefined variable: StartTag D:\Lanseria\Documents\php\Examination_System\Application\Runtime\Cache\Dashboard\32db501f4dbe66231518d818663bbbaa.php 第 120 行.
NOTIC: [8] Undefined variable: StartTag1 D:\Lanseria\Documents\php\Examination_System\Application\Runtime\Cache\Dashboard\32db501f4dbe66231518d818663bbbaa.php 第 127 行.
NOTIC: [8] Undefined variable: StartTag2 D:\Lanseria\Documents\php\Examination_System\Application\Runtime\Cache\Dashboard\32db501f4dbe66231518d818663bbbaa.php 第 133 行.
NOTIC: [8] Undefined variable: StartTag3 D:\Lanseria\Documents\php\Examination_System\Application\Runtime\Cache\Dashboard\32db501f4dbe66231518d818663bbbaa.php 第 139 行.
NOTIC: [8] Undefined variable: ExploreExam D:\Lanseria\Documents\php\Examination_System\Application\Runtime\Cache\Dashboard\32db501f4dbe66231518d818663bbbaa.php 第 148 行.
NOTIC: [8] Undefined variable: aac D:\Lanseria\Documents\php\Examination_System\Application\Runtime\Cache\Dashboard\32db501f4dbe66231518d818663bbbaa.php 第 155 行.
NOTIC: [8] Undefined variable: Muser D:\Lanseria\Documents\php\Examination_System\Application\Runtime\Cache\Dashboard\32db501f4dbe66231518d818663bbbaa.php 第 194 行.
INFO: Run Behavior\ParseTemplateBehavior [ RunTime:0.011506s ]
INFO: [ view_parse ] --END-- [ RunTime:0.011551s ]
INFO: [ view_filter ] --START--
INFO: Run Behavior\WriteHtmlCacheBehavior [ RunTime:0.000314s ]
INFO: [ view_filter ] --END-- [ RunTime:0.000359s ]
INFO: [ app_end ] --START--
INFO: Run Behavior\ShowPageTraceBehavior [ RunTime:0.000678s ]
INFO: [ app_end ] --END-- [ RunTime:0.000741s ]

[ 2016-10-19T19:59:14+08:00 ] 127.0.0.1 /Dashboard/Ajax/m_score.html
INFO: [ app_init ] --START--
INFO: Run Behavior\BuildLiteBehavior [ RunTime:0.000014s ]
INFO: [ app_init ] --END-- [ RunTime:0.000266s ]
INFO: [ app_begin ] --START--
INFO: Run Behavior\ReadHtmlCacheBehavior [ RunTime:0.000322s ]
INFO: [ app_begin ] --END-- [ RunTime:0.000354s ]
SQL: SHOW COLUMNS FROM `es_user` [ RunTime:0.0005s ]
SQL: SELECT * FROM `es_user` WHERE `uid` = 1  [ RunTime:0.0002s ]
SQL: SHOW COLUMNS FROM `es_finish` [ RunTime:0.0005s ]
SQL: UPDATE `es_finish` SET `fuchecked`='43' WHERE `fid` = 1 [ RunTime:0.2553s ]

[ 2016-10-19T19:59:26+08:00 ] 127.0.0.1 /Dashboard/Manaexam/index.html
INFO: [ app_init ] --START--
INFO: Run Behavior\BuildLiteBehavior [ RunTime:0.000021s ]
INFO: [ app_init ] --END-- [ RunTime:0.000474s ]
INFO: [ app_begin ] --START--
INFO: Run Behavior\ReadHtmlCacheBehavior [ RunTime:0.000527s ]
INFO: [ app_begin ] --END-- [ RunTime:0.000597s ]
SQL: SHOW COLUMNS FROM `es_user` [ RunTime:0.0006s ]
SQL: SELECT * FROM `es_user` WHERE `uid` = 1  [ RunTime:0.0002s ]
SQL: SHOW COLUMNS FROM `es_exam` [ RunTime:0.0025s ]
SQL: SELECT * FROM `es_exam` WHERE `euid` = 1  [ RunTime:0.0004s ]
INFO: [ view_parse ] --START--
INFO: [ template_filter ] --START--
INFO: Run Behavior\ContentReplaceBehavior [ RunTime:0.000099s ]
INFO: [ template_filter ] --END-- [ RunTime:0.000138s ]
NOTIC: [8] Undefined variable: gac D:\Lanseria\Documents\php\Examination_System\Application\Runtime\Cache\Dashboard\dc81fa9a87fd98640464800281d384d6.php 第 112 行.
NOTIC: [8] Undefined variable: StartTag D:\Lanseria\Documents\php\Examination_System\Application\Runtime\Cache\Dashboard\dc81fa9a87fd98640464800281d384d6.php 第 120 行.
NOTIC: [8] Undefined variable: StartTag1 D:\Lanseria\Documents\php\Examination_System\Application\Runtime\Cache\Dashboard\dc81fa9a87fd98640464800281d384d6.php 第 127 行.
NOTIC: [8] Undefined variable: StartTag2 D:\Lanseria\Documents\php\Examination_System\Application\Runtime\Cache\Dashboard\dc81fa9a87fd98640464800281d384d6.php 第 133 行.
NOTIC: [8] Undefined variable: StartTag3 D:\Lanseria\Documents\php\Examination_System\Application\Runtime\Cache\Dashboard\dc81fa9a87fd98640464800281d384d6.php 第 139 行.
NOTIC: [8] Undefined variable: ExploreExam D:\Lanseria\Documents\php\Examination_System\Application\Runtime\Cache\Dashboard\dc81fa9a87fd98640464800281d384d6.php 第 148 行.
NOTIC: [8] Undefined variable: aac D:\Lanseria\Documents\php\Examination_System\Application\Runtime\Cache\Dashboard\dc81fa9a87fd98640464800281d384d6.php 第 155 行.
NOTIC: [8] Undefined variable: Muser D:\Lanseria\Documents\php\Examination_System\Application\Runtime\Cache\Dashboard\dc81fa9a87fd98640464800281d384d6.php 第 194 行.
INFO: Run Behavior\ParseTemplateBehavior [ RunTime:0.011410s ]
INFO: [ view_parse ] --END-- [ RunTime:0.011462s ]
INFO: [ view_filter ] --START--
INFO: Run Behavior\WriteHtmlCacheBehavior [ RunTime:0.000264s ]
INFO: [ view_filter ] --END-- [ RunTime:0.000293s ]
INFO: [ app_end ] --START--
INFO: Run Behavior\ShowPageTraceBehavior [ RunTime:0.000583s ]
INFO: [ app_end ] --END-- [ RunTime:0.000638s ]

[ 2016-10-19T19:59:28+08:00 ] 127.0.0.1 /Dashboard/Manaexam/motify.html?eid=1
INFO: [ app_init ] --START--
INFO: Run Behavior\BuildLiteBehavior [ RunTime:0.000010s ]
INFO: [ app_init ] --END-- [ RunTime:0.000230s ]
INFO: [ app_begin ] --START--
INFO: Run Behavior\ReadHtmlCacheBehavior [ RunTime:0.000402s ]
INFO: [ app_begin ] --END-- [ RunTime:0.000454s ]
SQL: SHOW COLUMNS FROM `es_user` [ RunTime:0.0005s ]
SQL: SELECT * FROM `es_user` WHERE `uid` = 1  [ RunTime:0.0002s ]
SQL: SHOW COLUMNS FROM `es_vques` [ RunTime:0.0970s ]
SQL: SELECT * FROM `es_vques` WHERE `uid` = 1 AND `eid` = 1  [ RunTime:0.0007s ]
INFO: [ view_parse ] --START--
INFO: [ template_filter ] --START--
INFO: Run Behavior\ContentReplaceBehavior [ RunTime:0.000097s ]
INFO: [ template_filter ] --END-- [ RunTime:0.000138s ]
NOTIC: [8] Undefined variable: gac D:\Lanseria\Documents\php\Examination_System\Application\Runtime\Cache\Dashboard\c85eee2327498743a5f24cb4911613dd.php 第 112 行.
NOTIC: [8] Undefined variable: StartTag D:\Lanseria\Documents\php\Examination_System\Application\Runtime\Cache\Dashboard\c85eee2327498743a5f24cb4911613dd.php 第 120 行.
NOTIC: [8] Undefined variable: StartTag1 D:\Lanseria\Documents\php\Examination_System\Application\Runtime\Cache\Dashboard\c85eee2327498743a5f24cb4911613dd.php 第 127 行.
NOTIC: [8] Undefined variable: StartTag2 D:\Lanseria\Documents\php\Examination_System\Application\Runtime\Cache\Dashboard\c85eee2327498743a5f24cb4911613dd.php 第 133 行.
NOTIC: [8] Undefined variable: StartTag3 D:\Lanseria\Documents\php\Examination_System\Application\Runtime\Cache\Dashboard\c85eee2327498743a5f24cb4911613dd.php 第 139 行.
NOTIC: [8] Undefined variable: ExploreExam D:\Lanseria\Documents\php\Examination_System\Application\Runtime\Cache\Dashboard\c85eee2327498743a5f24cb4911613dd.php 第 148 行.
NOTIC: [8] Undefined variable: aac D:\Lanseria\Documents\php\Examination_System\Application\Runtime\Cache\Dashboard\c85eee2327498743a5f24cb4911613dd.php 第 155 行.
NOTIC: [8] Undefined variable: Muser D:\Lanseria\Documents\php\Examination_System\Application\Runtime\Cache\Dashboard\c85eee2327498743a5f24cb4911613dd.php 第 194 行.
INFO: Run Behavior\ParseTemplateBehavior [ RunTime:0.008832s ]
INFO: [ view_parse ] --END-- [ RunTime:0.008896s ]
INFO: [ view_filter ] --START--
INFO: Run Behavior\WriteHtmlCacheBehavior [ RunTime:0.000372s ]
INFO: [ view_filter ] --END-- [ RunTime:0.000419s ]
INFO: [ app_end ] --START--
INFO: Run Behavior\ShowPageTraceBehavior [ RunTime:0.000629s ]
INFO: [ app_end ] --END-- [ RunTime:0.000695s ]

[ 2016-10-19T20:00:31+08:00 ] 127.0.0.1 /Dashboard/Manaexam/motify.html?eid=1
INFO: [ app_init ] --START--
INFO: Run Behavior\BuildLiteBehavior [ RunTime:0.000016s ]
INFO: [ app_init ] --END-- [ RunTime:0.000461s ]
INFO: [ app_begin ] --START--
INFO: Run Behavior\ReadHtmlCacheBehavior [ RunTime:0.000708s ]
INFO: [ app_begin ] --END-- [ RunTime:0.000791s ]
SQL: SHOW COLUMNS FROM `es_user` [ RunTime:0.0006s ]
SQL: SELECT * FROM `es_user` WHERE `uid` = 1  [ RunTime:0.0003s ]
SQL: SHOW COLUMNS FROM `es_vques` [ RunTime:0.0016s ]
SQL: SELECT * FROM `es_vques` WHERE `uid` = 1 AND `eid` = 1  [ RunTime:0.0008s ]
INFO: [ view_parse ] --START--
INFO: [ template_filter ] --START--
INFO: Run Behavior\ContentReplaceBehavior [ RunTime:0.000092s ]
INFO: [ template_filter ] --END-- [ RunTime:0.000135s ]
NOTIC: [8] Undefined variable: gac D:\Lanseria\Documents\php\Examination_System\Application\Runtime\Cache\Dashboard\c85eee2327498743a5f24cb4911613dd.php 第 112 行.
NOTIC: [8] Undefined variable: StartTag D:\Lanseria\Documents\php\Examination_System\Application\Runtime\Cache\Dashboard\c85eee2327498743a5f24cb4911613dd.php 第 120 行.
NOTIC: [8] Undefined variable: StartTag1 D:\Lanseria\Documents\php\Examination_System\Application\Runtime\Cache\Dashboard\c85eee2327498743a5f24cb4911613dd.php 第 127 行.
NOTIC: [8] Undefined variable: StartTag2 D:\Lanseria\Documents\php\Examination_System\Application\Runtime\Cache\Dashboard\c85eee2327498743a5f24cb4911613dd.php 第 133 行.
NOTIC: [8] Undefined variable: StartTag3 D:\Lanseria\Documents\php\Examination_System\Application\Runtime\Cache\Dashboard\c85eee2327498743a5f24cb4911613dd.php 第 139 行.
NOTIC: [8] Undefined variable: ExploreExam D:\Lanseria\Documents\php\Examination_System\Application\Runtime\Cache\Dashboard\c85eee2327498743a5f24cb4911613dd.php 第 148 行.
NOTIC: [8] Undefined variable: aac D:\Lanseria\Documents\php\Examination_System\Application\Runtime\Cache\Dashboard\c85eee2327498743a5f24cb4911613dd.php 第 155 行.
NOTIC: [8] Undefined variable: Muser D:\Lanseria\Documents\php\Examination_System\Application\Runtime\Cache\Dashboard\c85eee2327498743a5f24cb4911613dd.php 第 194 行.
INFO: Run Behavior\ParseTemplateBehavior [ RunTime:0.008838s ]
INFO: [ view_parse ] --END-- [ RunTime:0.008884s ]
INFO: [ view_filter ] --START--
INFO: Run Behavior\WriteHtmlCacheBehavior [ RunTime:0.000230s ]
INFO: [ view_filter ] --END-- [ RunTime:0.000257s ]
INFO: [ app_end ] --START--
INFO: Run Behavior\ShowPageTraceBehavior [ RunTime:0.000465s ]
INFO: [ app_end ] --END-- [ RunTime:0.000513s ]

[ 2016-10-19T20:00:34+08:00 ] 127.0.0.1 /Dashboard/Manaexam/index.html
INFO: [ app_init ] --START--
INFO: Run Behavior\BuildLiteBehavior [ RunTime:0.000039s ]
INFO: [ app_init ] --END-- [ RunTime:0.000452s ]
INFO: [ app_begin ] --START--
INFO: Run Behavior\ReadHtmlCacheBehavior [ RunTime:0.000840s ]
INFO: [ app_begin ] --END-- [ RunTime:0.000937s ]
SQL: SHOW COLUMNS FROM `es_user` [ RunTime:0.0005s ]
SQL: SELECT * FROM `es_user` WHERE `uid` = 1  [ RunTime:0.0002s ]
SQL: SHOW COLUMNS FROM `es_exam` [ RunTime:0.0021s ]
SQL: SELECT * FROM `es_exam` WHERE `euid` = 1  [ RunTime:0.0005s ]
INFO: [ view_parse ] --START--
INFO: [ template_filter ] --START--
INFO: Run Behavior\ContentReplaceBehavior [ RunTime:0.000104s ]
INFO: [ template_filter ] --END-- [ RunTime:0.000153s ]
NOTIC: [8] Undefined variable: gac D:\Lanseria\Documents\php\Examination_System\Application\Runtime\Cache\Dashboard\dc81fa9a87fd98640464800281d384d6.php 第 112 行.
NOTIC: [8] Undefined variable: StartTag D:\Lanseria\Documents\php\Examination_System\Application\Runtime\Cache\Dashboard\dc81fa9a87fd98640464800281d384d6.php 第 120 行.
NOTIC: [8] Undefined variable: StartTag1 D:\Lanseria\Documents\php\Examination_System\Application\Runtime\Cache\Dashboard\dc81fa9a87fd98640464800281d384d6.php 第 127 行.
NOTIC: [8] Undefined variable: StartTag2 D:\Lanseria\Documents\php\Examination_System\Application\Runtime\Cache\Dashboard\dc81fa9a87fd98640464800281d384d6.php 第 133 行.
NOTIC: [8] Undefined variable: StartTag3 D:\Lanseria\Documents\php\Examination_System\Application\Runtime\Cache\Dashboard\dc81fa9a87fd98640464800281d384d6.php 第 139 行.
NOTIC: [8] Undefined variable: ExploreExam D:\Lanseria\Documents\php\Examination_System\Application\Runtime\Cache\Dashboard\dc81fa9a87fd98640464800281d384d6.php 第 148 行.
NOTIC: [8] Undefined variable: aac D:\Lanseria\Documents\php\Examination_System\Application\Runtime\Cache\Dashboard\dc81fa9a87fd98640464800281d384d6.php 第 155 行.
NOTIC: [8] Undefined variable: Muser D:\Lanseria\Documents\php\Examination_System\Application\Runtime\Cache\Dashboard\dc81fa9a87fd98640464800281d384d6.php 第 194 行.
INFO: Run Behavior\ParseTemplateBehavior [ RunTime:0.010327s ]
INFO: [ view_parse ] --END-- [ RunTime:0.010385s ]
INFO: [ view_filter ] --START--
INFO: Run Behavior\WriteHtmlCacheBehavior [ RunTime:0.000282s ]
INFO: [ view_filter ] --END-- [ RunTime:0.000312s ]
INFO: [ app_end ] --START--
INFO: Run Behavior\ShowPageTraceBehavior [ RunTime:0.000586s ]
INFO: [ app_end ] --END-- [ RunTime:0.000639s ]

[ 2016-10-19T20:00:41+08:00 ] 127.0.0.1 /Dashboard/Manaexam/motify.html?eid=1
INFO: [ app_init ] --START--
INFO: Run Behavior\BuildLiteBehavior [ RunTime:0.000012s ]
INFO: [ app_init ] --END-- [ RunTime:0.000257s ]
INFO: [ app_begin ] --START--
INFO: Run Behavior\ReadHtmlCacheBehavior [ RunTime:0.000335s ]
INFO: [ app_begin ] --END-- [ RunTime:0.000377s ]
SQL: SHOW COLUMNS FROM `es_user` [ RunTime:0.0005s ]
SQL: SELECT * FROM `es_user` WHERE `uid` = 1  [ RunTime:0.0002s ]
SQL: SHOW COLUMNS FROM `es_vques` [ RunTime:0.0007s ]
SQL: SELECT * FROM `es_vques` WHERE `uid` = 1 AND `eid` = 1  [ RunTime:0.0004s ]
INFO: [ view_parse ] --START--
INFO: [ template_filter ] --START--
INFO: Run Behavior\ContentReplaceBehavior [ RunTime:0.000133s ]
INFO: [ template_filter ] --END-- [ RunTime:0.000184s ]
NOTIC: [8] Undefined variable: gac D:\Lanseria\Documents\php\Examination_System\Application\Runtime\Cache\Dashboard\c85eee2327498743a5f24cb4911613dd.php 第 112 行.
NOTIC: [8] Undefined variable: StartTag D:\Lanseria\Documents\php\Examination_System\Application\Runtime\Cache\Dashboard\c85eee2327498743a5f24cb4911613dd.php 第 120 行.
NOTIC: [8] Undefined variable: StartTag1 D:\Lanseria\Documents\php\Examination_System\Application\Runtime\Cache\Dashboard\c85eee2327498743a5f24cb4911613dd.php 第 127 行.
NOTIC: [8] Undefined variable: StartTag2 D:\Lanseria\Documents\php\Examination_System\Application\Runtime\Cache\Dashboard\c85eee2327498743a5f24cb4911613dd.php 第 133 行.
NOTIC: [8] Undefined variable: StartTag3 D:\Lanseria\Documents\php\Examination_System\Application\Runtime\Cache\Dashboard\c85eee2327498743a5f24cb4911613dd.php 第 139 行.
NOTIC: [8] Undefined variable: ExploreExam D:\Lanseria\Documents\php\Examination_System\Application\Runtime\Cache\Dashboard\c85eee2327498743a5f24cb4911613dd.php 第 148 行.
NOTIC: [8] Undefined variable: aac D:\Lanseria\Documents\php\Examination_System\Application\Runtime\Cache\Dashboard\c85eee2327498743a5f24cb4911613dd.php 第 155 行.
NOTIC: [8] Undefined variable: Muser D:\Lanseria\Documents\php\Examination_System\Application\Runtime\Cache\Dashboard\c85eee2327498743a5f24cb4911613dd.php 第 194 行.
INFO: Run Behavior\ParseTemplateBehavior [ RunTime:0.009048s ]
INFO: [ view_parse ] --END-- [ RunTime:0.009110s ]
INFO: [ view_filter ] --START--
INFO: Run Behavior\WriteHtmlCacheBehavior [ RunTime:0.000405s ]
INFO: [ view_filter ] --END-- [ RunTime:0.000455s ]
INFO: [ app_end ] --START--
INFO: Run Behavior\ShowPageTraceBehavior [ RunTime:0.000895s ]
INFO: [ app_end ] --END-- [ RunTime:0.000977s ]

[ 2016-10-19T20:01:53+08:00 ] 127.0.0.1 /Dashboard/Manaexam/e.html?fid=1
INFO: [ app_init ] --START--
INFO: Run Behavior\BuildLiteBehavior [ RunTime:0.000011s ]
INFO: [ app_init ] --END-- [ RunTime:0.000258s ]
INFO: [ app_begin ] --START--
INFO: Run Behavior\ReadHtmlCacheBehavior [ RunTime:0.000324s ]
INFO: [ app_begin ] --END-- [ RunTime:0.000367s ]
SQL: SHOW COLUMNS FROM `es_user` [ RunTime:0.0007s ]
SQL: SELECT * FROM `es_user` WHERE `uid` = 1  [ RunTime:0.0003s ]
SQL: SHOW COLUMNS FROM `es_finish` [ RunTime:0.0005s ]
SQL: SELECT * FROM `es_finish` WHERE `fid` = 1  [ RunTime:0.0002s ]
SQL: SHOW COLUMNS FROM `es_record` [ RunTime:0.0005s ]
SQL: SELECT * FROM `es_record` WHERE `eid` = 1 AND `uid` = 1 AND `rtype` = 'K'  [ RunTime:0.0005s ]
SQL: SELECT * FROM `es_record` WHERE `eid` = 1 AND `uid` = 1 AND `rtype` = 'J'  [ RunTime:0.0005s ]
INFO: [ view_parse ] --START--
INFO: [ template_filter ] --START--
INFO: Run Behavior\ContentReplaceBehavior [ RunTime:0.000100s ]
INFO: [ template_filter ] --END-- [ RunTime:0.000140s ]
NOTIC: [8] Undefined variable: gac D:\Lanseria\Documents\php\Examination_System\Application\Runtime\Cache\Dashboard\32db501f4dbe66231518d818663bbbaa.php 第 112 行.
NOTIC: [8] Undefined variable: StartTag D:\Lanseria\Documents\php\Examination_System\Application\Runtime\Cache\Dashboard\32db501f4dbe66231518d818663bbbaa.php 第 120 行.
NOTIC: [8] Undefined variable: StartTag1 D:\Lanseria\Documents\php\Examination_System\Application\Runtime\Cache\Dashboard\32db501f4dbe66231518d818663bbbaa.php 第 127 行.
NOTIC: [8] Undefined variable: StartTag2 D:\Lanseria\Documents\php\Examination_System\Application\Runtime\Cache\Dashboard\32db501f4dbe66231518d818663bbbaa.php 第 133 行.
NOTIC: [8] Undefined variable: StartTag3 D:\Lanseria\Documents\php\Examination_System\Application\Runtime\Cache\Dashboard\32db501f4dbe66231518d818663bbbaa.php 第 139 行.
NOTIC: [8] Undefined variable: ExploreExam D:\Lanseria\Documents\php\Examination_System\Application\Runtime\Cache\Dashboard\32db501f4dbe66231518d818663bbbaa.php 第 148 行.
NOTIC: [8] Undefined variable: aac D:\Lanseria\Documents\php\Examination_System\Application\Runtime\Cache\Dashboard\32db501f4dbe66231518d818663bbbaa.php 第 155 行.
NOTIC: [8] Undefined variable: Muser D:\Lanseria\Documents\php\Examination_System\Application\Runtime\Cache\Dashboard\32db501f4dbe66231518d818663bbbaa.php 第 194 行.
INFO: Run Behavior\ParseTemplateBehavior [ RunTime:0.009451s ]
INFO: [ view_parse ] --END-- [ RunTime:0.009500s ]
INFO: [ view_filter ] --START--
INFO: Run Behavior\WriteHtmlCacheBehavior [ RunTime:0.000413s ]
INFO: [ view_filter ] --END-- [ RunTime:0.000466s ]
INFO: [ app_end ] --START--
INFO: Run Behavior\ShowPageTraceBehavior [ RunTime:0.000966s ]
INFO: [ app_end ] --END-- [ RunTime:0.001059s ]

[ 2016-10-19T20:05:13+08:00 ] 127.0.0.1 /Dashboard/Manaexam/index.html
INFO: [ app_init ] --START--
INFO: Run Behavior\BuildLiteBehavior [ RunTime:0.000013s ]
INFO: [ app_init ] --END-- [ RunTime:0.000330s ]
INFO: [ app_begin ] --START--
INFO: Run Behavior\ReadHtmlCacheBehavior [ RunTime:0.000716s ]
INFO: [ app_begin ] --END-- [ RunTime:0.000792s ]
SQL: SHOW COLUMNS FROM `es_user` [ RunTime:0.0011s ]
SQL: SELECT * FROM `es_user` WHERE `uid` = 1  [ RunTime:0.0003s ]
SQL: SHOW COLUMNS FROM `es_exam` [ RunTime:0.0005s ]
SQL: SELECT * FROM `es_exam` WHERE `euid` = 1  [ RunTime:0.0003s ]
INFO: [ view_parse ] --START--
INFO: [ template_filter ] --START--
INFO: Run Behavior\ContentReplaceBehavior [ RunTime:0.000185s ]
INFO: [ template_filter ] --END-- [ RunTime:0.000245s ]
NOTIC: [8] Undefined variable: gac D:\Lanseria\Documents\php\Examination_System\Application\Runtime\Cache\Dashboard\dc81fa9a87fd98640464800281d384d6.php 第 112 行.
NOTIC: [8] Undefined variable: StartTag D:\Lanseria\Documents\php\Examination_System\Application\Runtime\Cache\Dashboard\dc81fa9a87fd98640464800281d384d6.php 第 120 行.
NOTIC: [8] Undefined variable: StartTag1 D:\Lanseria\Documents\php\Examination_System\Application\Runtime\Cache\Dashboard\dc81fa9a87fd98640464800281d384d6.php 第 127 行.
NOTIC: [8] Undefined variable: StartTag2 D:\Lanseria\Documents\php\Examination_System\Application\Runtime\Cache\Dashboard\dc81fa9a87fd98640464800281d384d6.php 第 133 行.
NOTIC: [8] Undefined variable: StartTag3 D:\Lanseria\Documents\php\Examination_System\Application\Runtime\Cache\Dashboard\dc81fa9a87fd98640464800281d384d6.php 第 139 行.
NOTIC: [8] Undefined variable: ExploreExam D:\Lanseria\Documents\php\Examination_System\Application\Runtime\Cache\Dashboard\dc81fa9a87fd98640464800281d384d6.php 第 148 行.
NOTIC: [8] Undefined variable: aac D:\Lanseria\Documents\php\Examination_System\Application\Runtime\Cache\Dashboard\dc81fa9a87fd98640464800281d384d6.php 第 155 行.
NOTIC: [8] Undefined variable: Muser D:\Lanseria\Documents\php\Examination_System\Application\Runtime\Cache\Dashboard\dc81fa9a87fd98640464800281d384d6.php 第 194 行.
INFO: Run Behavior\ParseTemplateBehavior [ RunTime:0.010512s ]
INFO: [ view_parse ] --END-- [ RunTime:0.010591s ]
INFO: [ view_filter ] --START--
INFO: Run Behavior\WriteHtmlCacheBehavior [ RunTime:0.000690s ]
INFO: [ view_filter ] --END-- [ RunTime:0.000863s ]
INFO: [ app_end ] --START--
INFO: Run Behavior\ShowPageTraceBehavior [ RunTime:0.000660s ]
INFO: [ app_end ] --END-- [ RunTime:0.000741s ]

[ 2016-10-19T20:05:26+08:00 ] 127.0.0.1 /Dashboard/Es/Ctitle.html
INFO: [ app_init ] --START--
INFO: Run Behavior\BuildLiteBehavior [ RunTime:0.000014s ]
INFO: [ app_init ] --END-- [ RunTime:0.000309s ]
INFO: [ app_begin ] --START--
INFO: Run Behavior\ReadHtmlCacheBehavior [ RunTime:0.000574s ]
INFO: [ app_begin ] --END-- [ RunTime:0.000643s ]
SQL: SHOW COLUMNS FROM `es_user` [ RunTime:0.0011s ]
SQL: SELECT * FROM `es_user` WHERE `uid` = 1  [ RunTime:0.0005s ]
INFO: [ view_parse ] --START--
INFO: [ template_filter ] --START--
INFO: Run Behavior\ContentReplaceBehavior [ RunTime:0.000375s ]
INFO: [ template_filter ] --END-- [ RunTime:0.000482s ]
NOTIC: [8] Undefined variable: gac D:\Lanseria\Documents\php\Examination_System\Application\Runtime\Cache\Dashboard\887ea85ad2984ffbd1bfcd71a9dc4a4c.php 第 112 行.
NOTIC: [8] Undefined variable: StartTag2 D:\Lanseria\Documents\php\Examination_System\Application\Runtime\Cache\Dashboard\887ea85ad2984ffbd1bfcd71a9dc4a4c.php 第 133 行.
NOTIC: [8] Undefined variable: StartTag3 D:\Lanseria\Documents\php\Examination_System\Application\Runtime\Cache\Dashboard\887ea85ad2984ffbd1bfcd71a9dc4a4c.php 第 139 行.
NOTIC: [8] Undefined variable: ExploreExam D:\Lanseria\Documents\php\Examination_System\Application\Runtime\Cache\Dashboard\887ea85ad2984ffbd1bfcd71a9dc4a4c.php 第 148 行.
NOTIC: [8] Undefined variable: aac D:\Lanseria\Documents\php\Examination_System\Application\Runtime\Cache\Dashboard\887ea85ad2984ffbd1bfcd71a9dc4a4c.php 第 155 行.
NOTIC: [8] Undefined variable: Manaexam D:\Lanseria\Documents\php\Examination_System\Application\Runtime\Cache\Dashboard\887ea85ad2984ffbd1bfcd71a9dc4a4c.php 第 188 行.
NOTIC: [8] Undefined variable: Muser D:\Lanseria\Documents\php\Examination_System\Application\Runtime\Cache\Dashboard\887ea85ad2984ffbd1bfcd71a9dc4a4c.php 第 194 行.
INFO: Run Behavior\ParseTemplateBehavior [ RunTime:0.041610s ]
INFO: [ view_parse ] --END-- [ RunTime:0.041729s ]
INFO: [ view_filter ] --START--
INFO: Run Behavior\WriteHtmlCacheBehavior [ RunTime:0.000689s ]
INFO: [ view_filter ] --END-- [ RunTime:0.000790s ]
INFO: [ app_end ] --START--
INFO: Run Behavior\ShowPageTraceBehavior [ RunTime:0.002156s ]
INFO: [ app_end ] --END-- [ RunTime:0.002332s ]

[ 2016-10-19T20:28:53+08:00 ] 127.0.0.1 /Dashboard/Index/index.html
INFO: [ app_init ] --START--
INFO: Run Behavior\BuildLiteBehavior [ RunTime:0.000025s ]
INFO: [ app_init ] --END-- [ RunTime:0.000645s ]
INFO: [ app_begin ] --START--
INFO: Run Behavior\ReadHtmlCacheBehavior [ RunTime:0.000682s ]
INFO: [ app_begin ] --END-- [ RunTime:0.000806s ]
SQL: SHOW COLUMNS FROM `es_user` [ RunTime:0.0012s ]
SQL: SELECT * FROM `es_user` WHERE `uid` = 1  [ RunTime:0.0004s ]
SQL: SELECT * FROM `es_user` WHERE `uid` = 1  [ RunTime:0.0003s ]
INFO: [ view_parse ] --START--
INFO: [ template_filter ] --START--
INFO: Run Behavior\ContentReplaceBehavior [ RunTime:0.000105s ]
INFO: [ template_filter ] --END-- [ RunTime:0.000149s ]
NOTIC: [8] Undefined variable: StartTag D:\Lanseria\Documents\php\Examination_System\Application\Runtime\Cache\Dashboard\a6aea171ad06c649ad5b6850252b68d5.php 第 120 行.
NOTIC: [8] Undefined variable: StartTag1 D:\Lanseria\Documents\php\Examination_System\Application\Runtime\Cache\Dashboard\a6aea171ad06c649ad5b6850252b68d5.php 第 127 行.
NOTIC: [8] Undefined variable: StartTag2 D:\Lanseria\Documents\php\Examination_System\Application\Runtime\Cache\Dashboard\a6aea171ad06c649ad5b6850252b68d5.php 第 133 行.
NOTIC: [8] Undefined variable: StartTag3 D:\Lanseria\Documents\php\Examination_System\Application\Runtime\Cache\Dashboard\a6aea171ad06c649ad5b6850252b68d5.php 第 139 行.
NOTIC: [8] Undefined variable: ExploreExam D:\Lanseria\Documents\php\Examination_System\Application\Runtime\Cache\Dashboard\a6aea171ad06c649ad5b6850252b68d5.php 第 148 行.
NOTIC: [8] Undefined variable: aac D:\Lanseria\Documents\php\Examination_System\Application\Runtime\Cache\Dashboard\a6aea171ad06c649ad5b6850252b68d5.php 第 155 行.
NOTIC: [8] Undefined variable: Manaexam D:\Lanseria\Documents\php\Examination_System\Application\Runtime\Cache\Dashboard\a6aea171ad06c649ad5b6850252b68d5.php 第 188 行.
NOTIC: [8] Undefined variable: Muser D:\Lanseria\Documents\php\Examination_System\Application\Runtime\Cache\Dashboard\a6aea171ad06c649ad5b6850252b68d5.php 第 194 行.
INFO: Run Behavior\ParseTemplateBehavior [ RunTime:0.008984s ]
INFO: [ view_parse ] --END-- [ RunTime:0.009054s ]
INFO: [ view_filter ] --START--
INFO: Run Behavior\WriteHtmlCacheBehavior [ RunTime:0.000365s ]
INFO: [ view_filter ] --END-- [ RunTime:0.000411s ]
INFO: [ app_end ] --START--
INFO: Run Behavior\ShowPageTraceBehavior [ RunTime:0.000616s ]
INFO: [ app_end ] --END-- [ RunTime:0.000676s ]

[ 2016-10-19T20:28:59+08:00 ] 127.0.0.1 /Dashboard/Muser/index.html
INFO: [ app_init ] --START--
INFO: Run Behavior\BuildLiteBehavior [ RunTime:0.000024s ]
INFO: [ app_init ] --END-- [ RunTime:0.000365s ]
INFO: [ app_begin ] --START--
INFO: Run Behavior\ReadHtmlCacheBehavior [ RunTime:0.000443s ]
INFO: [ app_begin ] --END-- [ RunTime:0.000502s ]
SQL: SHOW COLUMNS FROM `es_user` [ RunTime:0.0009s ]
SQL: SELECT * FROM `es_user` WHERE `uid` = 1  [ RunTime:0.0005s ]
SQL: SHOW COLUMNS FROM `es_user` [ RunTime:0.0006s ]
SQL: SELECT * FROM `es_user` WHERE `utype` = 'C'  [ RunTime:0.0072s ]
INFO: [ view_parse ] --START--
INFO: [ template_filter ] --START--
INFO: Run Behavior\ContentReplaceBehavior [ RunTime:0.000095s ]
INFO: [ template_filter ] --END-- [ RunTime:0.000133s ]
NOTIC: [8] Undefined variable: gac D:\Lanseria\Documents\php\Examination_System\Application\Runtime\Cache\Dashboard\f36694a400d2164f3ef092b11b680da2.php 第 112 行.
NOTIC: [8] Undefined variable: StartTag D:\Lanseria\Documents\php\Examination_System\Application\Runtime\Cache\Dashboard\f36694a400d2164f3ef092b11b680da2.php 第 120 行.
NOTIC: [8] Undefined variable: StartTag1 D:\Lanseria\Documents\php\Examination_System\Application\Runtime\Cache\Dashboard\f36694a400d2164f3ef092b11b680da2.php 第 127 行.
NOTIC: [8] Undefined variable: StartTag2 D:\Lanseria\Documents\php\Examination_System\Application\Runtime\Cache\Dashboard\f36694a400d2164f3ef092b11b680da2.php 第 133 行.
NOTIC: [8] Undefined variable: StartTag3 D:\Lanseria\Documents\php\Examination_System\Application\Runtime\Cache\Dashboard\f36694a400d2164f3ef092b11b680da2.php 第 139 行.
NOTIC: [8] Undefined variable: ExploreExam D:\Lanseria\Documents\php\Examination_System\Application\Runtime\Cache\Dashboard\f36694a400d2164f3ef092b11b680da2.php 第 148 行.
NOTIC: [8] Undefined variable: aac D:\Lanseria\Documents\php\Examination_System\Application\Runtime\Cache\Dashboard\f36694a400d2164f3ef092b11b680da2.php 第 155 行.
NOTIC: [8] Undefined variable: Manaexam D:\Lanseria\Documents\php\Examination_System\Application\Runtime\Cache\Dashboard\f36694a400d2164f3ef092b11b680da2.php 第 188 行.
INFO: Run Behavior\ParseTemplateBehavior [ RunTime:0.131042s ]
INFO: [ view_parse ] --END-- [ RunTime:0.131138s ]
INFO: [ view_filter ] --START--
INFO: Run Behavior\WriteHtmlCacheBehavior [ RunTime:0.000390s ]
INFO: [ view_filter ] --END-- [ RunTime:0.000455s ]
INFO: [ app_end ] --START--
INFO: Run Behavior\ShowPageTraceBehavior [ RunTime:0.000457s ]
INFO: [ app_end ] --END-- [ RunTime:0.000508s ]

[ 2016-10-19T20:31:14+08:00 ] 127.0.0.1 /Dashboard/Manaexam/index.html
INFO: [ app_init ] --START--
INFO: Run Behavior\BuildLiteBehavior [ RunTime:0.000018s ]
INFO: [ app_init ] --END-- [ RunTime:0.000453s ]
INFO: [ app_begin ] --START--
INFO: Run Behavior\ReadHtmlCacheBehavior [ RunTime:0.001027s ]
INFO: [ app_begin ] --END-- [ RunTime:0.001216s ]
SQL: SHOW COLUMNS FROM `es_user` [ RunTime:0.0006s ]
SQL: SELECT * FROM `es_user` WHERE `uid` = 1  [ RunTime:0.0002s ]
SQL: SHOW COLUMNS FROM `es_exam` [ RunTime:0.0006s ]
SQL: SELECT * FROM `es_exam` WHERE `euid` = 1  [ RunTime:0.0003s ]
INFO: [ view_parse ] --START--
INFO: [ template_filter ] --START--
INFO: Run Behavior\ContentReplaceBehavior [ RunTime:0.000097s ]
INFO: [ template_filter ] --END-- [ RunTime:0.000133s ]
NOTIC: [8] Undefined variable: gac D:\Lanseria\Documents\php\Examination_System\Application\Runtime\Cache\Dashboard\dc81fa9a87fd98640464800281d384d6.php 第 112 行.
NOTIC: [8] Undefined variable: StartTag D:\Lanseria\Documents\php\Examination_System\Application\Runtime\Cache\Dashboard\dc81fa9a87fd98640464800281d384d6.php 第 120 行.
NOTIC: [8] Undefined variable: StartTag1 D:\Lanseria\Documents\php\Examination_System\Application\Runtime\Cache\Dashboard\dc81fa9a87fd98640464800281d384d6.php 第 127 行.
NOTIC: [8] Undefined variable: StartTag2 D:\Lanseria\Documents\php\Examination_System\Application\Runtime\Cache\Dashboard\dc81fa9a87fd98640464800281d384d6.php 第 133 行.
NOTIC: [8] Undefined variable: StartTag3 D:\Lanseria\Documents\php\Examination_System\Application\Runtime\Cache\Dashboard\dc81fa9a87fd98640464800281d384d6.php 第 139 行.
NOTIC: [8] Undefined variable: ExploreExam D:\Lanseria\Documents\php\Examination_System\Application\Runtime\Cache\Dashboard\dc81fa9a87fd98640464800281d384d6.php 第 148 行.
NOTIC: [8] Undefined variable: aac D:\Lanseria\Documents\php\Examination_System\Application\Runtime\Cache\Dashboard\dc81fa9a87fd98640464800281d384d6.php 第 155 行.
NOTIC: [8] Undefined variable: Muser D:\Lanseria\Documents\php\Examination_System\Application\Runtime\Cache\Dashboard\dc81fa9a87fd98640464800281d384d6.php 第 194 行.
INFO: Run Behavior\ParseTemplateBehavior [ RunTime:0.008231s ]
INFO: [ view_parse ] --END-- [ RunTime:0.008292s ]
INFO: [ view_filter ] --START--
INFO: Run Behavior\WriteHtmlCacheBehavior [ RunTime:0.000738s ]
INFO: [ view_filter ] --END-- [ RunTime:0.000802s ]
INFO: [ app_end ] --START--
INFO: Run Behavior\ShowPageTraceBehavior [ RunTime:0.000634s ]
INFO: [ app_end ] --END-- [ RunTime:0.000691s ]

[ 2016-10-19T20:31:19+08:00 ] 127.0.0.1 /Dashboard/Muser/index.html
INFO: [ app_init ] --START--
INFO: Run Behavior\BuildLiteBehavior [ RunTime:0.000014s ]
INFO: [ app_init ] --END-- [ RunTime:0.000438s ]
INFO: [ app_begin ] --START--
INFO: Run Behavior\ReadHtmlCacheBehavior [ RunTime:0.000341s ]
INFO: [ app_begin ] --END-- [ RunTime:0.000384s ]
SQL: SHOW COLUMNS FROM `es_user` [ RunTime:0.0006s ]
SQL: SELECT * FROM `es_user` WHERE `uid` = 1  [ RunTime:0.0003s ]
SQL: SHOW COLUMNS FROM `es_user` [ RunTime:0.0008s ]
SQL: SELECT * FROM `es_user` WHERE `utype` = 'C'  [ RunTime:0.1172s ]
INFO: [ view_parse ] --START--
INFO: [ template_filter ] --START--
INFO: Run Behavior\ContentReplaceBehavior [ RunTime:0.000119s ]
INFO: [ template_filter ] --END-- [ RunTime:0.000165s ]
NOTIC: [8] Undefined variable: gac D:\Lanseria\Documents\php\Examination_System\Application\Runtime\Cache\Dashboard\f36694a400d2164f3ef092b11b680da2.php 第 112 行.
NOTIC: [8] Undefined variable: StartTag D:\Lanseria\Documents\php\Examination_System\Application\Runtime\Cache\Dashboard\f36694a400d2164f3ef092b11b680da2.php 第 120 行.
NOTIC: [8] Undefined variable: StartTag1 D:\Lanseria\Documents\php\Examination_System\Application\Runtime\Cache\Dashboard\f36694a400d2164f3ef092b11b680da2.php 第 127 行.
NOTIC: [8] Undefined variable: StartTag2 D:\Lanseria\Documents\php\Examination_System\Application\Runtime\Cache\Dashboard\f36694a400d2164f3ef092b11b680da2.php 第 133 行.
NOTIC: [8] Undefined variable: StartTag3 D:\Lanseria\Documents\php\Examination_System\Application\Runtime\Cache\Dashboard\f36694a400d2164f3ef092b11b680da2.php 第 139 行.
NOTIC: [8] Undefined variable: ExploreExam D:\Lanseria\Documents\php\Examination_System\Application\Runtime\Cache\Dashboard\f36694a400d2164f3ef092b11b680da2.php 第 148 行.
NOTIC: [8] Undefined variable: aac D:\Lanseria\Documents\php\Examination_System\Application\Runtime\Cache\Dashboard\f36694a400d2164f3ef092b11b680da2.php 第 155 行.
NOTIC: [8] Undefined variable: Manaexam D:\Lanseria\Documents\php\Examination_System\Application\Runtime\Cache\Dashboard\f36694a400d2164f3ef092b11b680da2.php 第 188 行.
INFO: Run Behavior\ParseTemplateBehavior [ RunTime:0.019266s ]
INFO: [ view_parse ] --END-- [ RunTime:0.019329s ]
INFO: [ view_filter ] --START--
INFO: Run Behavior\WriteHtmlCacheBehavior [ RunTime:0.000429s ]
INFO: [ view_filter ] --END-- [ RunTime:0.000495s ]
INFO: [ app_end ] --START--
INFO: Run Behavior\ShowPageTraceBehavior [ RunTime:0.000538s ]
INFO: [ app_end ] --END-- [ RunTime:0.000615s ]

[ 2016-10-19T20:38:11+08:00 ] 127.0.0.1 /Dashboard/Muser/index.html
INFO: [ app_init ] --START--
INFO: Run Behavior\BuildLiteBehavior [ RunTime:0.000014s ]
INFO: [ app_init ] --END-- [ RunTime:0.000329s ]
INFO: [ app_begin ] --START--
INFO: Run Behavior\ReadHtmlCacheBehavior [ RunTime:0.000583s ]
INFO: [ app_begin ] --END-- [ RunTime:0.000652s ]
SQL: SHOW COLUMNS FROM `es_user` [ RunTime:0.0012s ]
SQL: SELECT * FROM `es_user` WHERE `uid` = 1  [ RunTime:0.0003s ]
SQL: SHOW COLUMNS FROM `es_user` [ RunTime:0.0005s ]
SQL: SELECT * FROM `es_user` WHERE `utype` = 'C'  [ RunTime:0.1121s ]
INFO: [ view_parse ] --START--
INFO: [ template_filter ] --START--
INFO: Run Behavior\ContentReplaceBehavior [ RunTime:0.000117s ]
INFO: [ template_filter ] --END-- [ RunTime:0.000165s ]
NOTIC: [8] Undefined variable: gac D:\Lanseria\Documents\php\Examination_System\Application\Runtime\Cache\Dashboard\f36694a400d2164f3ef092b11b680da2.php 第 112 行.
NOTIC: [8] Undefined variable: StartTag D:\Lanseria\Documents\php\Examination_System\Application\Runtime\Cache\Dashboard\f36694a400d2164f3ef092b11b680da2.php 第 120 行.
NOTIC: [8] Undefined variable: StartTag1 D:\Lanseria\Documents\php\Examination_System\Application\Runtime\Cache\Dashboard\f36694a400d2164f3ef092b11b680da2.php 第 127 行.
NOTIC: [8] Undefined variable: StartTag2 D:\Lanseria\Documents\php\Examination_System\Application\Runtime\Cache\Dashboard\f36694a400d2164f3ef092b11b680da2.php 第 133 行.
NOTIC: [8] Undefined variable: StartTag3 D:\Lanseria\Documents\php\Examination_System\Application\Runtime\Cache\Dashboard\f36694a400d2164f3ef092b11b680da2.php 第 139 行.
NOTIC: [8] Undefined variable: ExploreExam D:\Lanseria\Documents\php\Examination_System\Application\Runtime\Cache\Dashboard\f36694a400d2164f3ef092b11b680da2.php 第 148 行.
NOTIC: [8] Undefined variable: aac D:\Lanseria\Documents\php\Examination_System\Application\Runtime\Cache\Dashboard\f36694a400d2164f3ef092b11b680da2.php 第 155 行.
NOTIC: [8] Undefined variable: Manaexam D:\Lanseria\Documents\php\Examination_System\Application\Runtime\Cache\Dashboard\f36694a400d2164f3ef092b11b680da2.php 第 188 行.
INFO: Run Behavior\ParseTemplateBehavior [ RunTime:0.018714s ]
INFO: [ view_parse ] --END-- [ RunTime:0.018779s ]
INFO: [ view_filter ] --START--
INFO: Run Behavior\WriteHtmlCacheBehavior [ RunTime:0.000398s ]
INFO: [ view_filter ] --END-- [ RunTime:0.000465s ]
INFO: [ app_end ] --START--
INFO: Run Behavior\ShowPageTraceBehavior [ RunTime:0.002079s ]
INFO: [ app_end ] --END-- [ RunTime:0.002162s ]

[ 2016-10-19T20:38:57+08:00 ] 127.0.0.1 /Dashboard/Manaexam/index.html
INFO: [ app_init ] --START--
INFO: Run Behavior\BuildLiteBehavior [ RunTime:0.000017s ]
INFO: [ app_init ] --END-- [ RunTime:0.000388s ]
INFO: [ app_begin ] --START--
INFO: Run Behavior\ReadHtmlCacheBehavior [ RunTime:0.000411s ]
INFO: [ app_begin ] --END-- [ RunTime:0.000455s ]
SQL: SHOW COLUMNS FROM `es_user` [ RunTime:0.0199s ]
SQL: SELECT * FROM `es_user` WHERE `uid` = 1  [ RunTime:0.0011s ]
SQL: SHOW COLUMNS FROM `es_exam` [ RunTime:0.0018s ]
SQL: SELECT * FROM `es_exam` WHERE `euid` = 1  [ RunTime:0.0010s ]
INFO: [ view_parse ] --START--
INFO: [ template_filter ] --START--
INFO: Run Behavior\ContentReplaceBehavior [ RunTime:0.000182s ]
INFO: [ template_filter ] --END-- [ RunTime:0.000242s ]
NOTIC: [8] Undefined variable: gac D:\Lanseria\Documents\php\Examination_System\Application\Runtime\Cache\Dashboard\dc81fa9a87fd98640464800281d384d6.php 第 112 行.
NOTIC: [8] Undefined variable: StartTag D:\Lanseria\Documents\php\Examination_System\Application\Runtime\Cache\Dashboard\dc81fa9a87fd98640464800281d384d6.php 第 120 行.
NOTIC: [8] Undefined variable: StartTag1 D:\Lanseria\Documents\php\Examination_System\Application\Runtime\Cache\Dashboard\dc81fa9a87fd98640464800281d384d6.php 第 127 行.
NOTIC: [8] Undefined variable: StartTag2 D:\Lanseria\Documents\php\Examination_System\Application\Runtime\Cache\Dashboard\dc81fa9a87fd98640464800281d384d6.php 第 133 行.
NOTIC: [8] Undefined variable: StartTag3 D:\Lanseria\Documents\php\Examination_System\Application\Runtime\Cache\Dashboard\dc81fa9a87fd98640464800281d384d6.php 第 139 行.
NOTIC: [8] Undefined variable: ExploreExam D:\Lanseria\Documents\php\Examination_System\Application\Runtime\Cache\Dashboard\dc81fa9a87fd98640464800281d384d6.php 第 148 行.
NOTIC: [8] Undefined variable: aac D:\Lanseria\Documents\php\Examination_System\Application\Runtime\Cache\Dashboard\dc81fa9a87fd98640464800281d384d6.php 第 155 行.
NOTIC: [8] Undefined variable: Muser D:\Lanseria\Documents\php\Examination_System\Application\Runtime\Cache\Dashboard\dc81fa9a87fd98640464800281d384d6.php 第 194 行.
INFO: Run Behavior\ParseTemplateBehavior [ RunTime:0.022162s ]
INFO: [ view_parse ] --END-- [ RunTime:0.022367s ]
INFO: [ view_filter ] --START--
INFO: Run Behavior\WriteHtmlCacheBehavior [ RunTime:0.000605s ]
INFO: [ view_filter ] --END-- [ RunTime:0.000684s ]
INFO: [ app_end ] --START--
INFO: Run Behavior\ShowPageTraceBehavior [ RunTime:0.001164s ]
INFO: [ app_end ] --END-- [ RunTime:0.001273s ]

[ 2016-10-19T20:39:01+08:00 ] 127.0.0.1 /Dashboard/Muser/index.html
INFO: [ app_init ] --START--
INFO: Run Behavior\BuildLiteBehavior [ RunTime:0.000021s ]
INFO: [ app_init ] --END-- [ RunTime:0.000521s ]
INFO: [ app_begin ] --START--
INFO: Run Behavior\ReadHtmlCacheBehavior [ RunTime:0.000593s ]
INFO: [ app_begin ] --END-- [ RunTime:0.000681s ]
SQL: SHOW COLUMNS FROM `es_user` [ RunTime:0.0012s ]
SQL: SELECT * FROM `es_user` WHERE `uid` = 1  [ RunTime:0.0527s ]
SQL: SHOW COLUMNS FROM `es_user` [ RunTime:0.0006s ]
SQL: SELECT * FROM `es_user` WHERE `utype` = 'C'  [ RunTime:0.0072s ]
INFO: [ view_parse ] --START--
INFO: [ template_filter ] --START--
INFO: Run Behavior\ContentReplaceBehavior [ RunTime:0.000098s ]
INFO: [ template_filter ] --END-- [ RunTime:0.000142s ]
NOTIC: [8] Undefined variable: gac D:\Lanseria\Documents\php\Examination_System\Application\Runtime\Cache\Dashboard\f36694a400d2164f3ef092b11b680da2.php 第 112 行.
NOTIC: [8] Undefined variable: StartTag D:\Lanseria\Documents\php\Examination_System\Application\Runtime\Cache\Dashboard\f36694a400d2164f3ef092b11b680da2.php 第 120 行.
NOTIC: [8] Undefined variable: StartTag1 D:\Lanseria\Documents\php\Examination_System\Application\Runtime\Cache\Dashboard\f36694a400d2164f3ef092b11b680da2.php 第 127 行.
NOTIC: [8] Undefined variable: StartTag2 D:\Lanseria\Documents\php\Examination_System\Application\Runtime\Cache\Dashboard\f36694a400d2164f3ef092b11b680da2.php 第 133 行.
NOTIC: [8] Undefined variable: StartTag3 D:\Lanseria\Documents\php\Examination_System\Application\Runtime\Cache\Dashboard\f36694a400d2164f3ef092b11b680da2.php 第 139 行.
NOTIC: [8] Undefined variable: ExploreExam D:\Lanseria\Documents\php\Examination_System\Application\Runtime\Cache\Dashboard\f36694a400d2164f3ef092b11b680da2.php 第 148 行.
NOTIC: [8] Undefined variable: aac D:\Lanseria\Documents\php\Examination_System\Application\Runtime\Cache\Dashboard\f36694a400d2164f3ef092b11b680da2.php 第 155 行.
NOTIC: [8] Undefined variable: Manaexam D:\Lanseria\Documents\php\Examination_System\Application\Runtime\Cache\Dashboard\f36694a400d2164f3ef092b11b680da2.php 第 188 行.
INFO: Run Behavior\ParseTemplateBehavior [ RunTime:0.018792s ]
INFO: [ view_parse ] --END-- [ RunTime:0.018853s ]
INFO: [ view_filter ] --START--
INFO: Run Behavior\WriteHtmlCacheBehavior [ RunTime:0.000368s ]
INFO: [ view_filter ] --END-- [ RunTime:0.000414s ]
INFO: [ app_end ] --START--
INFO: Run Behavior\ShowPageTraceBehavior [ RunTime:0.000557s ]
INFO: [ app_end ] --END-- [ RunTime:0.000630s ]

[ 2016-10-19T20:40:08+08:00 ] 127.0.0.1 /Dashboard/Index/index.html
INFO: [ app_init ] --START--
INFO: Run Behavior\BuildLiteBehavior [ RunTime:0.000012s ]
INFO: [ app_init ] --END-- [ RunTime:0.000269s ]
INFO: [ app_begin ] --START--
INFO: Run Behavior\ReadHtmlCacheBehavior [ RunTime:0.000335s ]
INFO: [ app_begin ] --END-- [ RunTime:0.000377s ]
SQL: SHOW COLUMNS FROM `es_user` [ RunTime:0.0013s ]
SQL: SELECT * FROM `es_user` WHERE `uid` = 1  [ RunTime:0.0003s ]
SQL: SELECT * FROM `es_user` WHERE `uid` = 1  [ RunTime:0.0002s ]
INFO: [ view_parse ] --START--
INFO: [ template_filter ] --START--
INFO: Run Behavior\ContentReplaceBehavior [ RunTime:0.000159s ]
INFO: [ template_filter ] --END-- [ RunTime:0.000221s ]
NOTIC: [8] Undefined variable: StartTag D:\Lanseria\Documents\php\Examination_System\Application\Runtime\Cache\Dashboard\a6aea171ad06c649ad5b6850252b68d5.php 第 120 行.
NOTIC: [8] Undefined variable: StartTag1 D:\Lanseria\Documents\php\Examination_System\Application\Runtime\Cache\Dashboard\a6aea171ad06c649ad5b6850252b68d5.php 第 127 行.
NOTIC: [8] Undefined variable: StartTag2 D:\Lanseria\Documents\php\Examination_System\Application\Runtime\Cache\Dashboard\a6aea171ad06c649ad5b6850252b68d5.php 第 133 行.
NOTIC: [8] Undefined variable: StartTag3 D:\Lanseria\Documents\php\Examination_System\Application\Runtime\Cache\Dashboard\a6aea171ad06c649ad5b6850252b68d5.php 第 139 行.
NOTIC: [8] Undefined variable: ExploreExam D:\Lanseria\Documents\php\Examination_System\Application\Runtime\Cache\Dashboard\a6aea171ad06c649ad5b6850252b68d5.php 第 148 行.
NOTIC: [8] Undefined variable: aac D:\Lanseria\Documents\php\Examination_System\Application\Runtime\Cache\Dashboard\a6aea171ad06c649ad5b6850252b68d5.php 第 155 行.
NOTIC: [8] Undefined variable: Manaexam D:\Lanseria\Documents\php\Examination_System\Application\Runtime\Cache\Dashboard\a6aea171ad06c649ad5b6850252b68d5.php 第 188 行.
NOTIC: [8] Undefined variable: Muser D:\Lanseria\Documents\php\Examination_System\Application\Runtime\Cache\Dashboard\a6aea171ad06c649ad5b6850252b68d5.php 第 194 行.
INFO: Run Behavior\ParseTemplateBehavior [ RunTime:0.008841s ]
INFO: [ view_parse ] --END-- [ RunTime:0.008902s ]
INFO: [ view_filter ] --START--
INFO: Run Behavior\WriteHtmlCacheBehavior [ RunTime:0.000442s ]
INFO: [ view_filter ] --END-- [ RunTime:0.000497s ]
INFO: [ app_end ] --START--
INFO: Run Behavior\ShowPageTraceBehavior [ RunTime:0.000717s ]
INFO: [ app_end ] --END-- [ RunTime:0.000794s ]

[ 2016-10-19T20:40:13+08:00 ] 127.0.0.1 /Dashboard/Ajax/motifypwd.html
INFO: [ app_init ] --START--
INFO: Run Behavior\BuildLiteBehavior [ RunTime:0.000024s ]
INFO: [ app_init ] --END-- [ RunTime:0.000391s ]
INFO: [ app_begin ] --START--
INFO: Run Behavior\ReadHtmlCacheBehavior [ RunTime:0.000400s ]
INFO: [ app_begin ] --END-- [ RunTime:0.000461s ]
SQL: SHOW COLUMNS FROM `es_user` [ RunTime:0.0019s ]
SQL: SELECT * FROM `es_user` WHERE `uid` = 1  [ RunTime:0.0005s ]
ERR: 非法操作:motifypwd

